#
# There is insufficient memory for the Java Runtime Environment to continue.
# Native memory allocation (malloc) failed to allocate 1824960 bytes for Chunk::new
# Possible reasons:
#   The system is out of physical RAM or swap space
#   The process is running with CompressedOops enabled, and the Java Heap may be blocking the growth of the native heap
# Possible solutions:
#   Reduce memory load on the system
#   Increase physical memory or swap space
#   Check if swap backing store is full
#   Decrease Java heap size (-Xmx/-Xms)
#   Decrease number of Java threads
#   Decrease Java thread stack sizes (-Xss)
#   Set larger code cache with -XX:ReservedCodeCacheSize=
#   JVM is running with Unscaled Compressed Oops mode in which the Java heap is
#     placed in the first 4GB address space. The Java Heap base address is the
#     maximum limit for the native heap growth. Please use -XX:HeapBaseMinAddress
#     to set the Java Heap base and to place the Java Heap above 4GB virtual address.
# This output file may be truncated or incomplete.
#
#  Out of Memory Error (arena.cpp:189), pid=10812, tid=11472
#
# JRE version: Java(TM) SE Runtime Environment (17.0.8+9) (build 17.0.8+9-LTS-211)
# Java VM: Java HotSpot(TM) 64-Bit Server VM (17.0.8+9-LTS-211, mixed mode, sharing, tiered, compressed oops, compressed class ptrs, g1 gc, windows-amd64)
# No core dump will be written. Minidumps are not enabled by default on client versions of Windows
#

---------------  S U M M A R Y ------------

Command Line: --add-opens=java.base/java.util=ALL-UNNAMED --add-opens=java.base/java.lang=ALL-UNNAMED --add-opens=java.base/java.lang.invoke=ALL-UNNAMED --add-opens=java.prefs/java.util.prefs=ALL-UNNAMED --add-opens=java.base/java.nio.charset=ALL-UNNAMED --add-opens=java.base/java.net=ALL-UNNAMED --add-opens=java.base/java.util.concurrent.atomic=ALL-UNNAMED -XX:MaxMetaspaceSize=384m -XX:+HeapDumpOnOutOfMemoryError -Xms256m -Xmx512m -Dfile.encoding=windows-1252 -Duser.country=BR -Duser.language=pt -Duser.variant -javaagent:D:\Users\bmo\apps\gradle-8.4-bin\gradle-8.4\wrapper\dists\gradle-8.5-bin\5t9huq95ubn472n8rpzujfbqh\gradle-8.5\lib\agents\gradle-instrumentation-agent-8.5.jar org.gradle.launcher.daemon.bootstrap.GradleDaemon 8.5

Host: Intel(R) Core(TM) i5-10300H CPU @ 2.50GHz, 8 cores, 7G,  Windows 11 , 64 bit Build 22621 (10.0.22621.2506)
Time: Sat Jan 20 15:20:59 2024 Hora Padrão de Greenwich elapsed time: 3.773482 seconds (0d 0h 0m 3s)

---------------  T H R E A D  ---------------

Current thread (0x00000226d6a25970):  JavaThread "C2 CompilerThread0" daemon [_thread_in_native, id=11472, stack(0x0000009fb2c00000,0x0000009fb2d00000)]


Current CompileTask:
C2:   3773 2381       4       java.net.URLClassLoader$1::run (5 bytes)

Stack: [0x0000009fb2c00000,0x0000009fb2d00000]
Native frames: (J=compiled Java code, j=interpreted, Vv=VM code, C=native code)
V  [jvm.dll+0x677d0a]
V  [jvm.dll+0x7d8c54]
V  [jvm.dll+0x7da3fe]
V  [jvm.dll+0x7daa63]
V  [jvm.dll+0x245c5f]
V  [jvm.dll+0xaaa6b]
V  [jvm.dll+0xab00c]
V  [jvm.dll+0x361e8e]
V  [jvm.dll+0x32c551]
V  [jvm.dll+0x32b9ea]
V  [jvm.dll+0x217fff]
V  [jvm.dll+0x217431]
V  [jvm.dll+0x1a3af0]
V  [jvm.dll+0x2270be]
V  [jvm.dll+0x22535b]
V  [jvm.dll+0x78e7bc]
V  [jvm.dll+0x788bba]
V  [jvm.dll+0x676b35]
C  [ucrtbase.dll+0x29363]
C  [KERNEL32.DLL+0x1257d]
C  [ntdll.dll+0x5aa58]


---------------  P R O C E S S  ---------------

Threads class SMR info:
_java_thread_list=0x00000226f1ec8a40, length=25, elements={
0x00000226ba1a3930, 0x00000226d69feda0, 0x00000226d69ffc10, 0x00000226d6a14490,
0x00000226d6a15040, 0x00000226d6a17b00, 0x00000226d6a194c0, 0x00000226d6a25970,
0x00000226d6a2e330, 0x00000226d6a30c40, 0x00000226d69e7540, 0x00000226d6d2e2f0,
0x00000226f1860400, 0x00000226f12fa8c0, 0x00000226f18c9490, 0x00000226f0688dc0,
0x00000226f109e820, 0x00000226f1ab18e0, 0x00000226f109ecf0, 0x00000226f1848c10,
0x00000226f09d7f00, 0x00000226f09d88a0, 0x00000226f09d83d0, 0x00000226f09d8d70,
0x00000226f09d9240
}

Java Threads: ( => current thread )
  0x00000226ba1a3930 JavaThread "main" [_thread_blocked, id=3708, stack(0x0000009fb1f00000,0x0000009fb2000000)]
  0x00000226d69feda0 JavaThread "Reference Handler" daemon [_thread_blocked, id=35384, stack(0x0000009fb2600000,0x0000009fb2700000)]
  0x00000226d69ffc10 JavaThread "Finalizer" daemon [_thread_blocked, id=22972, stack(0x0000009fb2700000,0x0000009fb2800000)]
  0x00000226d6a14490 JavaThread "Signal Dispatcher" daemon [_thread_blocked, id=5948, stack(0x0000009fb2800000,0x0000009fb2900000)]
  0x00000226d6a15040 JavaThread "Attach Listener" daemon [_thread_blocked, id=30176, stack(0x0000009fb2900000,0x0000009fb2a00000)]
  0x00000226d6a17b00 JavaThread "Service Thread" daemon [_thread_blocked, id=3212, stack(0x0000009fb2a00000,0x0000009fb2b00000)]
  0x00000226d6a194c0 JavaThread "Monitor Deflation Thread" daemon [_thread_blocked, id=32856, stack(0x0000009fb2b00000,0x0000009fb2c00000)]
=>0x00000226d6a25970 JavaThread "C2 CompilerThread0" daemon [_thread_in_native, id=11472, stack(0x0000009fb2c00000,0x0000009fb2d00000)]
  0x00000226d6a2e330 JavaThread "C1 CompilerThread0" daemon [_thread_blocked, id=26316, stack(0x0000009fb2d00000,0x0000009fb2e00000)]
  0x00000226d6a30c40 JavaThread "Sweeper thread" daemon [_thread_blocked, id=444, stack(0x0000009fb2e00000,0x0000009fb2f00000)]
  0x00000226d69e7540 JavaThread "Common-Cleaner" daemon [_thread_blocked, id=19876, stack(0x0000009fb2f00000,0x0000009fb3000000)]
  0x00000226d6d2e2f0 JavaThread "Notification Thread" daemon [_thread_blocked, id=29056, stack(0x0000009fb3000000,0x0000009fb3100000)]
  0x00000226f1860400 JavaThread "Daemon health stats" [_thread_blocked, id=31976, stack(0x0000009fb3700000,0x0000009fb3800000)]
  0x00000226f12fa8c0 JavaThread "Incoming local TCP Connector on port 57620" [_thread_in_native, id=12732, stack(0x0000009fb3800000,0x0000009fb3900000)]
  0x00000226f18c9490 JavaThread "Daemon periodic checks" [_thread_blocked, id=3140, stack(0x0000009fb3900000,0x0000009fb3a00000)]
  0x00000226f0688dc0 JavaThread "Daemon" [_thread_blocked, id=15524, stack(0x0000009fb3a00000,0x0000009fb3b00000)]
  0x00000226f109e820 JavaThread "Handler for socket connection from /127.0.0.1:57620 to /127.0.0.1:57621" [_thread_in_native, id=23172, stack(0x0000009fb3b00000,0x0000009fb3c00000)]
  0x00000226f1ab18e0 JavaThread "Cancel handler" [_thread_blocked, id=18120, stack(0x0000009fb3c00000,0x0000009fb3d00000)]
  0x00000226f109ecf0 JavaThread "Daemon worker" [_thread_in_vm, id=28424, stack(0x0000009fb3d00000,0x0000009fb3e00000)]
  0x00000226f1848c10 JavaThread "Asynchronous log dispatcher for DefaultDaemonConnection: socket connection from /127.0.0.1:57620 to /127.0.0.1:57621" [_thread_blocked, id=8800, stack(0x0000009fb3e00000,0x0000009fb3f00000)]
  0x00000226f09d7f00 JavaThread "Stdin handler" [_thread_blocked, id=35136, stack(0x0000009fb3f00000,0x0000009fb4000000)]
  0x00000226f09d88a0 JavaThread "Daemon client event forwarder" [_thread_blocked, id=26856, stack(0x0000009fb4000000,0x0000009fb4100000)]
  0x00000226f09d83d0 JavaThread "Cache worker for journal cache (D:\Users\bmo\apps\gradle-8.4-bin\gradle-8.4\caches\journal-1)" [_thread_blocked, id=28236, stack(0x0000009fb4100000,0x0000009fb4200000)]
  0x00000226f09d8d70 JavaThread "File lock request listener" [_thread_in_native, id=35828, stack(0x0000009fb4200000,0x0000009fb4300000)]
  0x00000226f09d9240 JavaThread "Cache worker for file hash cache (D:\Users\bmo\apps\gradle-8.4-bin\gradle-8.4\caches\8.5\fileHashes)" [_thread_blocked, id=11060, stack(0x0000009fb4300000,0x0000009fb4400000)]

Other Threads:
  0x00000226d69f4d90 VMThread "VM Thread" [stack: 0x0000009fb2500000,0x0000009fb2600000] [id=21672]
  0x00000226ba1e1770 WatcherThread [stack: 0x0000009fb3100000,0x0000009fb3200000] [id=19480]
  0x00000226ba1d3430 GCTaskThread "GC Thread#0" [stack: 0x0000009fb2000000,0x0000009fb2100000] [id=16684]
  0x00000226f0750a00 GCTaskThread "GC Thread#1" [stack: 0x0000009fb3200000,0x0000009fb3300000] [id=33864]
  0x00000226f068be70 GCTaskThread "GC Thread#2" [stack: 0x0000009fb3300000,0x0000009fb3400000] [id=33684]
  0x00000226f068c120 GCTaskThread "GC Thread#3" [stack: 0x0000009fb3400000,0x0000009fb3500000] [id=29448]
  0x00000226f01d6430 GCTaskThread "GC Thread#4" [stack: 0x0000009fb3500000,0x0000009fb3600000] [id=26556]
  0x00000226f066d0d0 GCTaskThread "GC Thread#5" [stack: 0x0000009fb3600000,0x0000009fb3700000] [id=23876]
  0x00000226ba1d8370 ConcurrentGCThread "G1 Main Marker" [stack: 0x0000009fb2100000,0x0000009fb2200000] [id=20188]
  0x00000226ba1da530 ConcurrentGCThread "G1 Conc#0" [stack: 0x0000009fb2200000,0x0000009fb2300000] [id=26684]
  0x00000226d68ba1a0 ConcurrentGCThread "G1 Refine#0" [stack: 0x0000009fb2300000,0x0000009fb2400000] [id=25616]
  0x00000226d68baad0 ConcurrentGCThread "G1 Service" [stack: 0x0000009fb2400000,0x0000009fb2500000] [id=30512]

Threads with active compile tasks:
C2 CompilerThread0     3807 2381       4       java.net.URLClassLoader$1::run (5 bytes)
C1 CompilerThread0     3807 2485       3       org.gradle.internal.service.DefaultServiceRegistry$OwnServices::instanceRealized (233 bytes)

VM state: not at safepoint (normal execution)

VM Mutex/Monitor currently owned by a thread: None

Heap address: 0x00000000e0000000, size: 512 MB, Compressed Oops mode: 32-bit

CDS archive(s) mapped at: [0x00000226d7000000-0x00000226d7bd0000-0x00000226d7bd0000), size 12386304, SharedBaseAddress: 0x00000226d7000000, ArchiveRelocationMode: 1.
Compressed class space mapped at: 0x00000226d8000000-0x00000226ec000000, reserved size: 335544320
Narrow klass base: 0x00000226d7000000, Narrow klass shift: 0, Narrow klass range: 0x100000000

GC Precious Log:
 CPUs: 8 total, 8 available
 Memory: 7985M
 Large Page Support: Disabled
 NUMA Support: Disabled
 Compressed Oops: Enabled (32-bit)
 Heap Region Size: 1M
 Heap Min Capacity: 256M
 Heap Initial Capacity: 256M
 Heap Max Capacity: 512M
 Pre-touch: Disabled
 Parallel Workers: 8
 Concurrent Workers: 2
 Concurrent Refinement Workers: 8
 Periodic GC: Disabled

Heap:
 garbage-first heap   total 262144K, used 112634K [0x00000000e0000000, 0x0000000100000000)
  region size 1024K, 100 young (102400K), 1 survivors (1024K)
 Metaspace       used 18412K, committed 18688K, reserved 393216K
  class space    used 2691K, committed 2816K, reserved 327680K

Heap Regions: E=young(eden), S=young(survivor), O=old, HS=humongous(starts), HC=humongous(continues), CS=collection set, F=free, OA=open archive, CA=closed archive, TAMS=top-at-mark-start (previous, next)
|   0|0x00000000e0000000, 0x00000000e0100000, 0x00000000e0100000|100%|HS|  |TAMS 0x00000000e0000000, 0x00000000e0000000| Complete 
|   1|0x00000000e0100000, 0x00000000e0200000, 0x00000000e0200000|100%|HC|  |TAMS 0x00000000e0100000, 0x00000000e0100000| Complete 
|   2|0x00000000e0200000, 0x00000000e0300000, 0x00000000e0300000|100%|HC|  |TAMS 0x00000000e0200000, 0x00000000e0200000| Complete 
|   3|0x00000000e0300000, 0x00000000e0400000, 0x00000000e0400000|100%|HC|  |TAMS 0x00000000e0300000, 0x00000000e0300000| Complete 
|   4|0x00000000e0400000, 0x00000000e0500000, 0x00000000e0500000|100%| O|  |TAMS 0x00000000e0400000, 0x00000000e0400000| Untracked 
|   5|0x00000000e0500000, 0x00000000e0600000, 0x00000000e0600000|100%| O|  |TAMS 0x00000000e0500000, 0x00000000e0500000| Untracked 
|   6|0x00000000e0600000, 0x00000000e0700000, 0x00000000e0700000|100%| O|  |TAMS 0x00000000e0600000, 0x00000000e0600000| Untracked 
|   7|0x00000000e0700000, 0x00000000e0800000, 0x00000000e0800000|100%| O|  |TAMS 0x00000000e0700000, 0x00000000e0700000| Untracked 
|   8|0x00000000e0800000, 0x00000000e0900000, 0x00000000e0900000|100%| O|  |TAMS 0x00000000e0800000, 0x00000000e0800000| Untracked 
|   9|0x00000000e0900000, 0x00000000e0a00000, 0x00000000e0a00000|100%| O|  |TAMS 0x00000000e0900000, 0x00000000e0900000| Untracked 
|  10|0x00000000e0a00000, 0x00000000e0a39800, 0x00000000e0b00000| 22%| O|  |TAMS 0x00000000e0a00000, 0x00000000e0a00000| Untracked 
|  11|0x00000000e0b00000, 0x00000000e0c00000, 0x00000000e0c00000|100%|HS|  |TAMS 0x00000000e0b00000, 0x00000000e0b00000| Complete 
|  12|0x00000000e0c00000, 0x00000000e0c00000, 0x00000000e0d00000|  0%| F|  |TAMS 0x00000000e0c00000, 0x00000000e0c00000| Untracked 
|  13|0x00000000e0d00000, 0x00000000e0d00000, 0x00000000e0e00000|  0%| F|  |TAMS 0x00000000e0d00000, 0x00000000e0d00000| Untracked 
|  14|0x00000000e0e00000, 0x00000000e0e00000, 0x00000000e0f00000|  0%| F|  |TAMS 0x00000000e0e00000, 0x00000000e0e00000| Untracked 
|  15|0x00000000e0f00000, 0x00000000e0f00000, 0x00000000e1000000|  0%| F|  |TAMS 0x00000000e0f00000, 0x00000000e0f00000| Untracked 
|  16|0x00000000e1000000, 0x00000000e1000000, 0x00000000e1100000|  0%| F|  |TAMS 0x00000000e1000000, 0x00000000e1000000| Untracked 
|  17|0x00000000e1100000, 0x00000000e1100000, 0x00000000e1200000|  0%| F|  |TAMS 0x00000000e1100000, 0x00000000e1100000| Untracked 
|  18|0x00000000e1200000, 0x00000000e1200000, 0x00000000e1300000|  0%| F|  |TAMS 0x00000000e1200000, 0x00000000e1200000| Untracked 
|  19|0x00000000e1300000, 0x00000000e1300000, 0x00000000e1400000|  0%| F|  |TAMS 0x00000000e1300000, 0x00000000e1300000| Untracked 
|  20|0x00000000e1400000, 0x00000000e1400000, 0x00000000e1500000|  0%| F|  |TAMS 0x00000000e1400000, 0x00000000e1400000| Untracked 
|  21|0x00000000e1500000, 0x00000000e1500000, 0x00000000e1600000|  0%| F|  |TAMS 0x00000000e1500000, 0x00000000e1500000| Untracked 
|  22|0x00000000e1600000, 0x00000000e1600000, 0x00000000e1700000|  0%| F|  |TAMS 0x00000000e1600000, 0x00000000e1600000| Untracked 
|  23|0x00000000e1700000, 0x00000000e1700000, 0x00000000e1800000|  0%| F|  |TAMS 0x00000000e1700000, 0x00000000e1700000| Untracked 
|  24|0x00000000e1800000, 0x00000000e1800000, 0x00000000e1900000|  0%| F|  |TAMS 0x00000000e1800000, 0x00000000e1800000| Untracked 
|  25|0x00000000e1900000, 0x00000000e1900000, 0x00000000e1a00000|  0%| F|  |TAMS 0x00000000e1900000, 0x00000000e1900000| Untracked 
|  26|0x00000000e1a00000, 0x00000000e1a00000, 0x00000000e1b00000|  0%| F|  |TAMS 0x00000000e1a00000, 0x00000000e1a00000| Untracked 
|  27|0x00000000e1b00000, 0x00000000e1b00000, 0x00000000e1c00000|  0%| F|  |TAMS 0x00000000e1b00000, 0x00000000e1b00000| Untracked 
|  28|0x00000000e1c00000, 0x00000000e1c00000, 0x00000000e1d00000|  0%| F|  |TAMS 0x00000000e1c00000, 0x00000000e1c00000| Untracked 
|  29|0x00000000e1d00000, 0x00000000e1d00000, 0x00000000e1e00000|  0%| F|  |TAMS 0x00000000e1d00000, 0x00000000e1d00000| Untracked 
|  30|0x00000000e1e00000, 0x00000000e1e00000, 0x00000000e1f00000|  0%| F|  |TAMS 0x00000000e1e00000, 0x00000000e1e00000| Untracked 
|  31|0x00000000e1f00000, 0x00000000e1f00000, 0x00000000e2000000|  0%| F|  |TAMS 0x00000000e1f00000, 0x00000000e1f00000| Untracked 
|  32|0x00000000e2000000, 0x00000000e2000000, 0x00000000e2100000|  0%| F|  |TAMS 0x00000000e2000000, 0x00000000e2000000| Untracked 
|  33|0x00000000e2100000, 0x00000000e2100000, 0x00000000e2200000|  0%| F|  |TAMS 0x00000000e2100000, 0x00000000e2100000| Untracked 
|  34|0x00000000e2200000, 0x00000000e2200000, 0x00000000e2300000|  0%| F|  |TAMS 0x00000000e2200000, 0x00000000e2200000| Untracked 
|  35|0x00000000e2300000, 0x00000000e2300000, 0x00000000e2400000|  0%| F|  |TAMS 0x00000000e2300000, 0x00000000e2300000| Untracked 
|  36|0x00000000e2400000, 0x00000000e2400000, 0x00000000e2500000|  0%| F|  |TAMS 0x00000000e2400000, 0x00000000e2400000| Untracked 
|  37|0x00000000e2500000, 0x00000000e2500000, 0x00000000e2600000|  0%| F|  |TAMS 0x00000000e2500000, 0x00000000e2500000| Untracked 
|  38|0x00000000e2600000, 0x00000000e2600000, 0x00000000e2700000|  0%| F|  |TAMS 0x00000000e2600000, 0x00000000e2600000| Untracked 
|  39|0x00000000e2700000, 0x00000000e2700000, 0x00000000e2800000|  0%| F|  |TAMS 0x00000000e2700000, 0x00000000e2700000| Untracked 
|  40|0x00000000e2800000, 0x00000000e2800000, 0x00000000e2900000|  0%| F|  |TAMS 0x00000000e2800000, 0x00000000e2800000| Untracked 
|  41|0x00000000e2900000, 0x00000000e2900000, 0x00000000e2a00000|  0%| F|  |TAMS 0x00000000e2900000, 0x00000000e2900000| Untracked 
|  42|0x00000000e2a00000, 0x00000000e2a00000, 0x00000000e2b00000|  0%| F|  |TAMS 0x00000000e2a00000, 0x00000000e2a00000| Untracked 
|  43|0x00000000e2b00000, 0x00000000e2b00000, 0x00000000e2c00000|  0%| F|  |TAMS 0x00000000e2b00000, 0x00000000e2b00000| Untracked 
|  44|0x00000000e2c00000, 0x00000000e2c00000, 0x00000000e2d00000|  0%| F|  |TAMS 0x00000000e2c00000, 0x00000000e2c00000| Untracked 
|  45|0x00000000e2d00000, 0x00000000e2d00000, 0x00000000e2e00000|  0%| F|  |TAMS 0x00000000e2d00000, 0x00000000e2d00000| Untracked 
|  46|0x00000000e2e00000, 0x00000000e2e00000, 0x00000000e2f00000|  0%| F|  |TAMS 0x00000000e2e00000, 0x00000000e2e00000| Untracked 
|  47|0x00000000e2f00000, 0x00000000e2f00000, 0x00000000e3000000|  0%| F|  |TAMS 0x00000000e2f00000, 0x00000000e2f00000| Untracked 
|  48|0x00000000e3000000, 0x00000000e3000000, 0x00000000e3100000|  0%| F|  |TAMS 0x00000000e3000000, 0x00000000e3000000| Untracked 
|  49|0x00000000e3100000, 0x00000000e3100000, 0x00000000e3200000|  0%| F|  |TAMS 0x00000000e3100000, 0x00000000e3100000| Untracked 
|  50|0x00000000e3200000, 0x00000000e3200000, 0x00000000e3300000|  0%| F|  |TAMS 0x00000000e3200000, 0x00000000e3200000| Untracked 
|  51|0x00000000e3300000, 0x00000000e3300000, 0x00000000e3400000|  0%| F|  |TAMS 0x00000000e3300000, 0x00000000e3300000| Untracked 
|  52|0x00000000e3400000, 0x00000000e3400000, 0x00000000e3500000|  0%| F|  |TAMS 0x00000000e3400000, 0x00000000e3400000| Untracked 
|  53|0x00000000e3500000, 0x00000000e3500000, 0x00000000e3600000|  0%| F|  |TAMS 0x00000000e3500000, 0x00000000e3500000| Untracked 
|  54|0x00000000e3600000, 0x00000000e3600000, 0x00000000e3700000|  0%| F|  |TAMS 0x00000000e3600000, 0x00000000e3600000| Untracked 
|  55|0x00000000e3700000, 0x00000000e3700000, 0x00000000e3800000|  0%| F|  |TAMS 0x00000000e3700000, 0x00000000e3700000| Untracked 
|  56|0x00000000e3800000, 0x00000000e3800000, 0x00000000e3900000|  0%| F|  |TAMS 0x00000000e3800000, 0x00000000e3800000| Untracked 
|  57|0x00000000e3900000, 0x00000000e3900000, 0x00000000e3a00000|  0%| F|  |TAMS 0x00000000e3900000, 0x00000000e3900000| Untracked 
|  58|0x00000000e3a00000, 0x00000000e3a00000, 0x00000000e3b00000|  0%| F|  |TAMS 0x00000000e3a00000, 0x00000000e3a00000| Untracked 
|  59|0x00000000e3b00000, 0x00000000e3b00000, 0x00000000e3c00000|  0%| F|  |TAMS 0x00000000e3b00000, 0x00000000e3b00000| Untracked 
|  60|0x00000000e3c00000, 0x00000000e3c00000, 0x00000000e3d00000|  0%| F|  |TAMS 0x00000000e3c00000, 0x00000000e3c00000| Untracked 
|  61|0x00000000e3d00000, 0x00000000e3d00000, 0x00000000e3e00000|  0%| F|  |TAMS 0x00000000e3d00000, 0x00000000e3d00000| Untracked 
|  62|0x00000000e3e00000, 0x00000000e3e00000, 0x00000000e3f00000|  0%| F|  |TAMS 0x00000000e3e00000, 0x00000000e3e00000| Untracked 
|  63|0x00000000e3f00000, 0x00000000e3f00000, 0x00000000e4000000|  0%| F|  |TAMS 0x00000000e3f00000, 0x00000000e3f00000| Untracked 
|  64|0x00000000e4000000, 0x00000000e4000000, 0x00000000e4100000|  0%| F|  |TAMS 0x00000000e4000000, 0x00000000e4000000| Untracked 
|  65|0x00000000e4100000, 0x00000000e4100000, 0x00000000e4200000|  0%| F|  |TAMS 0x00000000e4100000, 0x00000000e4100000| Untracked 
|  66|0x00000000e4200000, 0x00000000e4200000, 0x00000000e4300000|  0%| F|  |TAMS 0x00000000e4200000, 0x00000000e4200000| Untracked 
|  67|0x00000000e4300000, 0x00000000e4300000, 0x00000000e4400000|  0%| F|  |TAMS 0x00000000e4300000, 0x00000000e4300000| Untracked 
|  68|0x00000000e4400000, 0x00000000e4400000, 0x00000000e4500000|  0%| F|  |TAMS 0x00000000e4400000, 0x00000000e4400000| Untracked 
|  69|0x00000000e4500000, 0x00000000e4500000, 0x00000000e4600000|  0%| F|  |TAMS 0x00000000e4500000, 0x00000000e4500000| Untracked 
|  70|0x00000000e4600000, 0x00000000e4600000, 0x00000000e4700000|  0%| F|  |TAMS 0x00000000e4600000, 0x00000000e4600000| Untracked 
|  71|0x00000000e4700000, 0x00000000e4700000, 0x00000000e4800000|  0%| F|  |TAMS 0x00000000e4700000, 0x00000000e4700000| Untracked 
|  72|0x00000000e4800000, 0x00000000e4800000, 0x00000000e4900000|  0%| F|  |TAMS 0x00000000e4800000, 0x00000000e4800000| Untracked 
|  73|0x00000000e4900000, 0x00000000e4900000, 0x00000000e4a00000|  0%| F|  |TAMS 0x00000000e4900000, 0x00000000e4900000| Untracked 
|  74|0x00000000e4a00000, 0x00000000e4a00000, 0x00000000e4b00000|  0%| F|  |TAMS 0x00000000e4a00000, 0x00000000e4a00000| Untracked 
|  75|0x00000000e4b00000, 0x00000000e4b00000, 0x00000000e4c00000|  0%| F|  |TAMS 0x00000000e4b00000, 0x00000000e4b00000| Untracked 
|  76|0x00000000e4c00000, 0x00000000e4c00000, 0x00000000e4d00000|  0%| F|  |TAMS 0x00000000e4c00000, 0x00000000e4c00000| Untracked 
|  77|0x00000000e4d00000, 0x00000000e4d00000, 0x00000000e4e00000|  0%| F|  |TAMS 0x00000000e4d00000, 0x00000000e4d00000| Untracked 
|  78|0x00000000e4e00000, 0x00000000e4e00000, 0x00000000e4f00000|  0%| F|  |TAMS 0x00000000e4e00000, 0x00000000e4e00000| Untracked 
|  79|0x00000000e4f00000, 0x00000000e4f00000, 0x00000000e5000000|  0%| F|  |TAMS 0x00000000e4f00000, 0x00000000e4f00000| Untracked 
|  80|0x00000000e5000000, 0x00000000e5000000, 0x00000000e5100000|  0%| F|  |TAMS 0x00000000e5000000, 0x00000000e5000000| Untracked 
|  81|0x00000000e5100000, 0x00000000e5100000, 0x00000000e5200000|  0%| F|  |TAMS 0x00000000e5100000, 0x00000000e5100000| Untracked 
|  82|0x00000000e5200000, 0x00000000e5200000, 0x00000000e5300000|  0%| F|  |TAMS 0x00000000e5200000, 0x00000000e5200000| Untracked 
|  83|0x00000000e5300000, 0x00000000e5300000, 0x00000000e5400000|  0%| F|  |TAMS 0x00000000e5300000, 0x00000000e5300000| Untracked 
|  84|0x00000000e5400000, 0x00000000e5400000, 0x00000000e5500000|  0%| F|  |TAMS 0x00000000e5400000, 0x00000000e5400000| Untracked 
|  85|0x00000000e5500000, 0x00000000e5500000, 0x00000000e5600000|  0%| F|  |TAMS 0x00000000e5500000, 0x00000000e5500000| Untracked 
|  86|0x00000000e5600000, 0x00000000e5600000, 0x00000000e5700000|  0%| F|  |TAMS 0x00000000e5600000, 0x00000000e5600000| Untracked 
|  87|0x00000000e5700000, 0x00000000e5700000, 0x00000000e5800000|  0%| F|  |TAMS 0x00000000e5700000, 0x00000000e5700000| Untracked 
|  88|0x00000000e5800000, 0x00000000e5800000, 0x00000000e5900000|  0%| F|  |TAMS 0x00000000e5800000, 0x00000000e5800000| Untracked 
|  89|0x00000000e5900000, 0x00000000e5900000, 0x00000000e5a00000|  0%| F|  |TAMS 0x00000000e5900000, 0x00000000e5900000| Untracked 
|  90|0x00000000e5a00000, 0x00000000e5a00000, 0x00000000e5b00000|  0%| F|  |TAMS 0x00000000e5a00000, 0x00000000e5a00000| Untracked 
|  91|0x00000000e5b00000, 0x00000000e5b00000, 0x00000000e5c00000|  0%| F|  |TAMS 0x00000000e5b00000, 0x00000000e5b00000| Untracked 
|  92|0x00000000e5c00000, 0x00000000e5c00000, 0x00000000e5d00000|  0%| F|  |TAMS 0x00000000e5c00000, 0x00000000e5c00000| Untracked 
|  93|0x00000000e5d00000, 0x00000000e5d00000, 0x00000000e5e00000|  0%| F|  |TAMS 0x00000000e5d00000, 0x00000000e5d00000| Untracked 
|  94|0x00000000e5e00000, 0x00000000e5e00000, 0x00000000e5f00000|  0%| F|  |TAMS 0x00000000e5e00000, 0x00000000e5e00000| Untracked 
|  95|0x00000000e5f00000, 0x00000000e5f00000, 0x00000000e6000000|  0%| F|  |TAMS 0x00000000e5f00000, 0x00000000e5f00000| Untracked 
|  96|0x00000000e6000000, 0x00000000e6000000, 0x00000000e6100000|  0%| F|  |TAMS 0x00000000e6000000, 0x00000000e6000000| Untracked 
|  97|0x00000000e6100000, 0x00000000e6100000, 0x00000000e6200000|  0%| F|  |TAMS 0x00000000e6100000, 0x00000000e6100000| Untracked 
|  98|0x00000000e6200000, 0x00000000e6200000, 0x00000000e6300000|  0%| F|  |TAMS 0x00000000e6200000, 0x00000000e6200000| Untracked 
|  99|0x00000000e6300000, 0x00000000e6300000, 0x00000000e6400000|  0%| F|  |TAMS 0x00000000e6300000, 0x00000000e6300000| Untracked 
| 100|0x00000000e6400000, 0x00000000e6400000, 0x00000000e6500000|  0%| F|  |TAMS 0x00000000e6400000, 0x00000000e6400000| Untracked 
| 101|0x00000000e6500000, 0x00000000e6500000, 0x00000000e6600000|  0%| F|  |TAMS 0x00000000e6500000, 0x00000000e6500000| Untracked 
| 102|0x00000000e6600000, 0x00000000e6600000, 0x00000000e6700000|  0%| F|  |TAMS 0x00000000e6600000, 0x00000000e6600000| Untracked 
| 103|0x00000000e6700000, 0x00000000e6700000, 0x00000000e6800000|  0%| F|  |TAMS 0x00000000e6700000, 0x00000000e6700000| Untracked 
| 104|0x00000000e6800000, 0x00000000e6800000, 0x00000000e6900000|  0%| F|  |TAMS 0x00000000e6800000, 0x00000000e6800000| Untracked 
| 105|0x00000000e6900000, 0x00000000e6900000, 0x00000000e6a00000|  0%| F|  |TAMS 0x00000000e6900000, 0x00000000e6900000| Untracked 
| 106|0x00000000e6a00000, 0x00000000e6a00000, 0x00000000e6b00000|  0%| F|  |TAMS 0x00000000e6a00000, 0x00000000e6a00000| Untracked 
| 107|0x00000000e6b00000, 0x00000000e6b00000, 0x00000000e6c00000|  0%| F|  |TAMS 0x00000000e6b00000, 0x00000000e6b00000| Untracked 
| 108|0x00000000e6c00000, 0x00000000e6c00000, 0x00000000e6d00000|  0%| F|  |TAMS 0x00000000e6c00000, 0x00000000e6c00000| Untracked 
| 109|0x00000000e6d00000, 0x00000000e6d00000, 0x00000000e6e00000|  0%| F|  |TAMS 0x00000000e6d00000, 0x00000000e6d00000| Untracked 
| 110|0x00000000e6e00000, 0x00000000e6e00000, 0x00000000e6f00000|  0%| F|  |TAMS 0x00000000e6e00000, 0x00000000e6e00000| Untracked 
| 111|0x00000000e6f00000, 0x00000000e6f00000, 0x00000000e7000000|  0%| F|  |TAMS 0x00000000e6f00000, 0x00000000e6f00000| Untracked 
| 112|0x00000000e7000000, 0x00000000e7000000, 0x00000000e7100000|  0%| F|  |TAMS 0x00000000e7000000, 0x00000000e7000000| Untracked 
| 113|0x00000000e7100000, 0x00000000e7100000, 0x00000000e7200000|  0%| F|  |TAMS 0x00000000e7100000, 0x00000000e7100000| Untracked 
| 114|0x00000000e7200000, 0x00000000e7200000, 0x00000000e7300000|  0%| F|  |TAMS 0x00000000e7200000, 0x00000000e7200000| Untracked 
| 115|0x00000000e7300000, 0x00000000e7300000, 0x00000000e7400000|  0%| F|  |TAMS 0x00000000e7300000, 0x00000000e7300000| Untracked 
| 116|0x00000000e7400000, 0x00000000e7400000, 0x00000000e7500000|  0%| F|  |TAMS 0x00000000e7400000, 0x00000000e7400000| Untracked 
| 117|0x00000000e7500000, 0x00000000e7500000, 0x00000000e7600000|  0%| F|  |TAMS 0x00000000e7500000, 0x00000000e7500000| Untracked 
| 118|0x00000000e7600000, 0x00000000e7600000, 0x00000000e7700000|  0%| F|  |TAMS 0x00000000e7600000, 0x00000000e7600000| Untracked 
| 119|0x00000000e7700000, 0x00000000e7700000, 0x00000000e7800000|  0%| F|  |TAMS 0x00000000e7700000, 0x00000000e7700000| Untracked 
| 120|0x00000000e7800000, 0x00000000e7800000, 0x00000000e7900000|  0%| F|  |TAMS 0x00000000e7800000, 0x00000000e7800000| Untracked 
| 121|0x00000000e7900000, 0x00000000e7900000, 0x00000000e7a00000|  0%| F|  |TAMS 0x00000000e7900000, 0x00000000e7900000| Untracked 
| 122|0x00000000e7a00000, 0x00000000e7a00000, 0x00000000e7b00000|  0%| F|  |TAMS 0x00000000e7a00000, 0x00000000e7a00000| Untracked 
| 123|0x00000000e7b00000, 0x00000000e7b00000, 0x00000000e7c00000|  0%| F|  |TAMS 0x00000000e7b00000, 0x00000000e7b00000| Untracked 
| 124|0x00000000e7c00000, 0x00000000e7c00000, 0x00000000e7d00000|  0%| F|  |TAMS 0x00000000e7c00000, 0x00000000e7c00000| Untracked 
| 125|0x00000000e7d00000, 0x00000000e7d00000, 0x00000000e7e00000|  0%| F|  |TAMS 0x00000000e7d00000, 0x00000000e7d00000| Untracked 
| 126|0x00000000e7e00000, 0x00000000e7e00000, 0x00000000e7f00000|  0%| F|  |TAMS 0x00000000e7e00000, 0x00000000e7e00000| Untracked 
| 127|0x00000000e7f00000, 0x00000000e7f00000, 0x00000000e8000000|  0%| F|  |TAMS 0x00000000e7f00000, 0x00000000e7f00000| Untracked 
| 128|0x00000000e8000000, 0x00000000e8000000, 0x00000000e8100000|  0%| F|  |TAMS 0x00000000e8000000, 0x00000000e8000000| Untracked 
| 129|0x00000000e8100000, 0x00000000e8100000, 0x00000000e8200000|  0%| F|  |TAMS 0x00000000e8100000, 0x00000000e8100000| Untracked 
| 130|0x00000000e8200000, 0x00000000e8200000, 0x00000000e8300000|  0%| F|  |TAMS 0x00000000e8200000, 0x00000000e8200000| Untracked 
| 131|0x00000000e8300000, 0x00000000e8300000, 0x00000000e8400000|  0%| F|  |TAMS 0x00000000e8300000, 0x00000000e8300000| Untracked 
| 132|0x00000000e8400000, 0x00000000e8400000, 0x00000000e8500000|  0%| F|  |TAMS 0x00000000e8400000, 0x00000000e8400000| Untracked 
| 133|0x00000000e8500000, 0x00000000e8500000, 0x00000000e8600000|  0%| F|  |TAMS 0x00000000e8500000, 0x00000000e8500000| Untracked 
| 134|0x00000000e8600000, 0x00000000e8600000, 0x00000000e8700000|  0%| F|  |TAMS 0x00000000e8600000, 0x00000000e8600000| Untracked 
| 135|0x00000000e8700000, 0x00000000e8700000, 0x00000000e8800000|  0%| F|  |TAMS 0x00000000e8700000, 0x00000000e8700000| Untracked 
| 136|0x00000000e8800000, 0x00000000e8800000, 0x00000000e8900000|  0%| F|  |TAMS 0x00000000e8800000, 0x00000000e8800000| Untracked 
| 137|0x00000000e8900000, 0x00000000e8900000, 0x00000000e8a00000|  0%| F|  |TAMS 0x00000000e8900000, 0x00000000e8900000| Untracked 
| 138|0x00000000e8a00000, 0x00000000e8a00000, 0x00000000e8b00000|  0%| F|  |TAMS 0x00000000e8a00000, 0x00000000e8a00000| Untracked 
| 139|0x00000000e8b00000, 0x00000000e8b00000, 0x00000000e8c00000|  0%| F|  |TAMS 0x00000000e8b00000, 0x00000000e8b00000| Untracked 
| 140|0x00000000e8c00000, 0x00000000e8c00000, 0x00000000e8d00000|  0%| F|  |TAMS 0x00000000e8c00000, 0x00000000e8c00000| Untracked 
| 141|0x00000000e8d00000, 0x00000000e8d00000, 0x00000000e8e00000|  0%| F|  |TAMS 0x00000000e8d00000, 0x00000000e8d00000| Untracked 
| 142|0x00000000e8e00000, 0x00000000e8e00000, 0x00000000e8f00000|  0%| F|  |TAMS 0x00000000e8e00000, 0x00000000e8e00000| Untracked 
| 143|0x00000000e8f00000, 0x00000000e8f00000, 0x00000000e9000000|  0%| F|  |TAMS 0x00000000e8f00000, 0x00000000e8f00000| Untracked 
| 144|0x00000000e9000000, 0x00000000e9000000, 0x00000000e9100000|  0%| F|  |TAMS 0x00000000e9000000, 0x00000000e9000000| Untracked 
| 145|0x00000000e9100000, 0x00000000e9100000, 0x00000000e9200000|  0%| F|  |TAMS 0x00000000e9100000, 0x00000000e9100000| Untracked 
| 146|0x00000000e9200000, 0x00000000e9200000, 0x00000000e9300000|  0%| F|  |TAMS 0x00000000e9200000, 0x00000000e9200000| Untracked 
| 147|0x00000000e9300000, 0x00000000e9300000, 0x00000000e9400000|  0%| F|  |TAMS 0x00000000e9300000, 0x00000000e9300000| Untracked 
| 148|0x00000000e9400000, 0x00000000e9400000, 0x00000000e9500000|  0%| F|  |TAMS 0x00000000e9400000, 0x00000000e9400000| Untracked 
| 149|0x00000000e9500000, 0x00000000e9500000, 0x00000000e9600000|  0%| F|  |TAMS 0x00000000e9500000, 0x00000000e9500000| Untracked 
| 150|0x00000000e9600000, 0x00000000e9600000, 0x00000000e9700000|  0%| F|  |TAMS 0x00000000e9600000, 0x00000000e9600000| Untracked 
| 151|0x00000000e9700000, 0x00000000e9700000, 0x00000000e9800000|  0%| F|  |TAMS 0x00000000e9700000, 0x00000000e9700000| Untracked 
| 152|0x00000000e9800000, 0x00000000e9800000, 0x00000000e9900000|  0%| F|  |TAMS 0x00000000e9800000, 0x00000000e9800000| Untracked 
| 153|0x00000000e9900000, 0x00000000e9900000, 0x00000000e9a00000|  0%| F|  |TAMS 0x00000000e9900000, 0x00000000e9900000| Untracked 
| 154|0x00000000e9a00000, 0x00000000e9a00000, 0x00000000e9b00000|  0%| F|  |TAMS 0x00000000e9a00000, 0x00000000e9a00000| Untracked 
| 155|0x00000000e9b00000, 0x00000000e9b00000, 0x00000000e9c00000|  0%| F|  |TAMS 0x00000000e9b00000, 0x00000000e9b00000| Untracked 
| 156|0x00000000e9c00000, 0x00000000e9d00000, 0x00000000e9d00000|100%| E|  |TAMS 0x00000000e9c00000, 0x00000000e9c00000| Complete 
| 157|0x00000000e9d00000, 0x00000000e9e00000, 0x00000000e9e00000|100%| E|CS|TAMS 0x00000000e9d00000, 0x00000000e9d00000| Complete 
| 158|0x00000000e9e00000, 0x00000000e9f00000, 0x00000000e9f00000|100%| E|CS|TAMS 0x00000000e9e00000, 0x00000000e9e00000| Complete 
| 159|0x00000000e9f00000, 0x00000000ea000000, 0x00000000ea000000|100%| E|CS|TAMS 0x00000000e9f00000, 0x00000000e9f00000| Complete 
| 160|0x00000000ea000000, 0x00000000ea100000, 0x00000000ea100000|100%| E|CS|TAMS 0x00000000ea000000, 0x00000000ea000000| Complete 
| 161|0x00000000ea100000, 0x00000000ea200000, 0x00000000ea200000|100%| E|CS|TAMS 0x00000000ea100000, 0x00000000ea100000| Complete 
| 162|0x00000000ea200000, 0x00000000ea300000, 0x00000000ea300000|100%| E|CS|TAMS 0x00000000ea200000, 0x00000000ea200000| Complete 
| 163|0x00000000ea300000, 0x00000000ea400000, 0x00000000ea400000|100%| E|CS|TAMS 0x00000000ea300000, 0x00000000ea300000| Complete 
| 164|0x00000000ea400000, 0x00000000ea500000, 0x00000000ea500000|100%| E|CS|TAMS 0x00000000ea400000, 0x00000000ea400000| Complete 
| 165|0x00000000ea500000, 0x00000000ea600000, 0x00000000ea600000|100%| E|CS|TAMS 0x00000000ea500000, 0x00000000ea500000| Complete 
| 166|0x00000000ea600000, 0x00000000ea700000, 0x00000000ea700000|100%| E|CS|TAMS 0x00000000ea600000, 0x00000000ea600000| Complete 
| 167|0x00000000ea700000, 0x00000000ea800000, 0x00000000ea800000|100%| E|CS|TAMS 0x00000000ea700000, 0x00000000ea700000| Complete 
| 168|0x00000000ea800000, 0x00000000ea900000, 0x00000000ea900000|100%| E|CS|TAMS 0x00000000ea800000, 0x00000000ea800000| Complete 
| 169|0x00000000ea900000, 0x00000000eaa00000, 0x00000000eaa00000|100%| E|CS|TAMS 0x00000000ea900000, 0x00000000ea900000| Complete 
| 170|0x00000000eaa00000, 0x00000000eab00000, 0x00000000eab00000|100%| E|CS|TAMS 0x00000000eaa00000, 0x00000000eaa00000| Complete 
| 171|0x00000000eab00000, 0x00000000eac00000, 0x00000000eac00000|100%| E|CS|TAMS 0x00000000eab00000, 0x00000000eab00000| Complete 
| 172|0x00000000eac00000, 0x00000000ead00000, 0x00000000ead00000|100%| E|CS|TAMS 0x00000000eac00000, 0x00000000eac00000| Complete 
| 173|0x00000000ead00000, 0x00000000eae00000, 0x00000000eae00000|100%| E|CS|TAMS 0x00000000ead00000, 0x00000000ead00000| Complete 
| 174|0x00000000eae00000, 0x00000000eaf00000, 0x00000000eaf00000|100%| E|CS|TAMS 0x00000000eae00000, 0x00000000eae00000| Complete 
| 175|0x00000000eaf00000, 0x00000000eb000000, 0x00000000eb000000|100%| E|CS|TAMS 0x00000000eaf00000, 0x00000000eaf00000| Complete 
| 176|0x00000000eb000000, 0x00000000eb100000, 0x00000000eb100000|100%| E|CS|TAMS 0x00000000eb000000, 0x00000000eb000000| Complete 
| 177|0x00000000eb100000, 0x00000000eb200000, 0x00000000eb200000|100%| E|CS|TAMS 0x00000000eb100000, 0x00000000eb100000| Complete 
| 178|0x00000000eb200000, 0x00000000eb300000, 0x00000000eb300000|100%| E|CS|TAMS 0x00000000eb200000, 0x00000000eb200000| Complete 
| 179|0x00000000eb300000, 0x00000000eb400000, 0x00000000eb400000|100%| E|CS|TAMS 0x00000000eb300000, 0x00000000eb300000| Complete 
| 180|0x00000000eb400000, 0x00000000eb500000, 0x00000000eb500000|100%| E|CS|TAMS 0x00000000eb400000, 0x00000000eb400000| Complete 
| 181|0x00000000eb500000, 0x00000000eb600000, 0x00000000eb600000|100%| E|CS|TAMS 0x00000000eb500000, 0x00000000eb500000| Complete 
| 182|0x00000000eb600000, 0x00000000eb700000, 0x00000000eb700000|100%| E|CS|TAMS 0x00000000eb600000, 0x00000000eb600000| Complete 
| 183|0x00000000eb700000, 0x00000000eb800000, 0x00000000eb800000|100%| E|CS|TAMS 0x00000000eb700000, 0x00000000eb700000| Complete 
| 184|0x00000000eb800000, 0x00000000eb900000, 0x00000000eb900000|100%| E|CS|TAMS 0x00000000eb800000, 0x00000000eb800000| Complete 
| 185|0x00000000eb900000, 0x00000000eba00000, 0x00000000eba00000|100%| E|CS|TAMS 0x00000000eb900000, 0x00000000eb900000| Complete 
| 186|0x00000000eba00000, 0x00000000ebb00000, 0x00000000ebb00000|100%| E|CS|TAMS 0x00000000eba00000, 0x00000000eba00000| Complete 
| 187|0x00000000ebb00000, 0x00000000ebc00000, 0x00000000ebc00000|100%| E|CS|TAMS 0x00000000ebb00000, 0x00000000ebb00000| Complete 
| 188|0x00000000ebc00000, 0x00000000ebd00000, 0x00000000ebd00000|100%| E|CS|TAMS 0x00000000ebc00000, 0x00000000ebc00000| Complete 
| 189|0x00000000ebd00000, 0x00000000ebe00000, 0x00000000ebe00000|100%| E|CS|TAMS 0x00000000ebd00000, 0x00000000ebd00000| Complete 
| 190|0x00000000ebe00000, 0x00000000ebf00000, 0x00000000ebf00000|100%| E|CS|TAMS 0x00000000ebe00000, 0x00000000ebe00000| Complete 
| 191|0x00000000ebf00000, 0x00000000ec000000, 0x00000000ec000000|100%| E|CS|TAMS 0x00000000ebf00000, 0x00000000ebf00000| Complete 
| 192|0x00000000ec000000, 0x00000000ec100000, 0x00000000ec100000|100%| E|CS|TAMS 0x00000000ec000000, 0x00000000ec000000| Complete 
| 193|0x00000000ec100000, 0x00000000ec200000, 0x00000000ec200000|100%| E|CS|TAMS 0x00000000ec100000, 0x00000000ec100000| Complete 
| 194|0x00000000ec200000, 0x00000000ec300000, 0x00000000ec300000|100%| E|CS|TAMS 0x00000000ec200000, 0x00000000ec200000| Complete 
| 195|0x00000000ec300000, 0x00000000ec400000, 0x00000000ec400000|100%| E|CS|TAMS 0x00000000ec300000, 0x00000000ec300000| Complete 
| 196|0x00000000ec400000, 0x00000000ec500000, 0x00000000ec500000|100%| E|CS|TAMS 0x00000000ec400000, 0x00000000ec400000| Complete 
| 197|0x00000000ec500000, 0x00000000ec600000, 0x00000000ec600000|100%| E|CS|TAMS 0x00000000ec500000, 0x00000000ec500000| Complete 
| 198|0x00000000ec600000, 0x00000000ec700000, 0x00000000ec700000|100%| E|CS|TAMS 0x00000000ec600000, 0x00000000ec600000| Complete 
| 199|0x00000000ec700000, 0x00000000ec800000, 0x00000000ec800000|100%| E|CS|TAMS 0x00000000ec700000, 0x00000000ec700000| Complete 
| 200|0x00000000ec800000, 0x00000000ec900000, 0x00000000ec900000|100%| E|CS|TAMS 0x00000000ec800000, 0x00000000ec800000| Complete 
| 201|0x00000000ec900000, 0x00000000eca00000, 0x00000000eca00000|100%| E|CS|TAMS 0x00000000ec900000, 0x00000000ec900000| Complete 
| 202|0x00000000eca00000, 0x00000000ecb00000, 0x00000000ecb00000|100%| E|CS|TAMS 0x00000000eca00000, 0x00000000eca00000| Complete 
| 203|0x00000000ecb00000, 0x00000000ecc00000, 0x00000000ecc00000|100%| E|CS|TAMS 0x00000000ecb00000, 0x00000000ecb00000| Complete 
| 204|0x00000000ecc00000, 0x00000000ecd00000, 0x00000000ecd00000|100%| E|CS|TAMS 0x00000000ecc00000, 0x00000000ecc00000| Complete 
| 205|0x00000000ecd00000, 0x00000000ece00000, 0x00000000ece00000|100%| E|CS|TAMS 0x00000000ecd00000, 0x00000000ecd00000| Complete 
| 206|0x00000000ece00000, 0x00000000ecf00000, 0x00000000ecf00000|100%| E|CS|TAMS 0x00000000ece00000, 0x00000000ece00000| Complete 
| 207|0x00000000ecf00000, 0x00000000ed000000, 0x00000000ed000000|100%| E|CS|TAMS 0x00000000ecf00000, 0x00000000ecf00000| Complete 
| 208|0x00000000ed000000, 0x00000000ed100000, 0x00000000ed100000|100%| E|CS|TAMS 0x00000000ed000000, 0x00000000ed000000| Complete 
| 209|0x00000000ed100000, 0x00000000ed200000, 0x00000000ed200000|100%| E|CS|TAMS 0x00000000ed100000, 0x00000000ed100000| Complete 
| 210|0x00000000ed200000, 0x00000000ed300000, 0x00000000ed300000|100%| E|CS|TAMS 0x00000000ed200000, 0x00000000ed200000| Complete 
| 211|0x00000000ed300000, 0x00000000ed400000, 0x00000000ed400000|100%| E|CS|TAMS 0x00000000ed300000, 0x00000000ed300000| Complete 
| 212|0x00000000ed400000, 0x00000000ed500000, 0x00000000ed500000|100%| E|CS|TAMS 0x00000000ed400000, 0x00000000ed400000| Complete 
| 213|0x00000000ed500000, 0x00000000ed600000, 0x00000000ed600000|100%| E|CS|TAMS 0x00000000ed500000, 0x00000000ed500000| Complete 
| 214|0x00000000ed600000, 0x00000000ed700000, 0x00000000ed700000|100%| E|CS|TAMS 0x00000000ed600000, 0x00000000ed600000| Complete 
| 215|0x00000000ed700000, 0x00000000ed800000, 0x00000000ed800000|100%| E|CS|TAMS 0x00000000ed700000, 0x00000000ed700000| Complete 
| 216|0x00000000ed800000, 0x00000000ed900000, 0x00000000ed900000|100%| E|CS|TAMS 0x00000000ed800000, 0x00000000ed800000| Complete 
| 217|0x00000000ed900000, 0x00000000eda00000, 0x00000000eda00000|100%| E|CS|TAMS 0x00000000ed900000, 0x00000000ed900000| Complete 
| 218|0x00000000eda00000, 0x00000000edb00000, 0x00000000edb00000|100%| E|CS|TAMS 0x00000000eda00000, 0x00000000eda00000| Complete 
| 219|0x00000000edb00000, 0x00000000edc00000, 0x00000000edc00000|100%| E|CS|TAMS 0x00000000edb00000, 0x00000000edb00000| Complete 
| 220|0x00000000edc00000, 0x00000000edd00000, 0x00000000edd00000|100%| E|CS|TAMS 0x00000000edc00000, 0x00000000edc00000| Complete 
| 221|0x00000000edd00000, 0x00000000ede00000, 0x00000000ede00000|100%| E|CS|TAMS 0x00000000edd00000, 0x00000000edd00000| Complete 
| 222|0x00000000ede00000, 0x00000000edf00000, 0x00000000edf00000|100%| E|CS|TAMS 0x00000000ede00000, 0x00000000ede00000| Complete 
| 223|0x00000000edf00000, 0x00000000ee000000, 0x00000000ee000000|100%| E|CS|TAMS 0x00000000edf00000, 0x00000000edf00000| Complete 
| 224|0x00000000ee000000, 0x00000000ee100000, 0x00000000ee100000|100%| E|CS|TAMS 0x00000000ee000000, 0x00000000ee000000| Complete 
| 225|0x00000000ee100000, 0x00000000ee1c5050, 0x00000000ee200000| 76%| S|CS|TAMS 0x00000000ee100000, 0x00000000ee100000| Complete 
| 226|0x00000000ee200000, 0x00000000ee300000, 0x00000000ee300000|100%| E|CS|TAMS 0x00000000ee200000, 0x00000000ee200000| Complete 
| 227|0x00000000ee300000, 0x00000000ee400000, 0x00000000ee400000|100%| E|CS|TAMS 0x00000000ee300000, 0x00000000ee300000| Complete 
| 228|0x00000000ee400000, 0x00000000ee500000, 0x00000000ee500000|100%| E|CS|TAMS 0x00000000ee400000, 0x00000000ee400000| Complete 
| 229|0x00000000ee500000, 0x00000000ee600000, 0x00000000ee600000|100%| E|CS|TAMS 0x00000000ee500000, 0x00000000ee500000| Complete 
| 230|0x00000000ee600000, 0x00000000ee700000, 0x00000000ee700000|100%| E|CS|TAMS 0x00000000ee600000, 0x00000000ee600000| Complete 
| 231|0x00000000ee700000, 0x00000000ee800000, 0x00000000ee800000|100%| E|CS|TAMS 0x00000000ee700000, 0x00000000ee700000| Complete 
| 232|0x00000000ee800000, 0x00000000ee900000, 0x00000000ee900000|100%| E|CS|TAMS 0x00000000ee800000, 0x00000000ee800000| Complete 
| 233|0x00000000ee900000, 0x00000000eea00000, 0x00000000eea00000|100%| E|CS|TAMS 0x00000000ee900000, 0x00000000ee900000| Complete 
| 234|0x00000000eea00000, 0x00000000eeb00000, 0x00000000eeb00000|100%| E|CS|TAMS 0x00000000eea00000, 0x00000000eea00000| Complete 
| 235|0x00000000eeb00000, 0x00000000eec00000, 0x00000000eec00000|100%| E|CS|TAMS 0x00000000eeb00000, 0x00000000eeb00000| Complete 
| 236|0x00000000eec00000, 0x00000000eed00000, 0x00000000eed00000|100%| E|CS|TAMS 0x00000000eec00000, 0x00000000eec00000| Complete 
| 237|0x00000000eed00000, 0x00000000eee00000, 0x00000000eee00000|100%| E|CS|TAMS 0x00000000eed00000, 0x00000000eed00000| Complete 
| 238|0x00000000eee00000, 0x00000000eef00000, 0x00000000eef00000|100%| E|CS|TAMS 0x00000000eee00000, 0x00000000eee00000| Complete 
| 239|0x00000000eef00000, 0x00000000ef000000, 0x00000000ef000000|100%| E|CS|TAMS 0x00000000eef00000, 0x00000000eef00000| Complete 
| 240|0x00000000ef000000, 0x00000000ef100000, 0x00000000ef100000|100%| E|CS|TAMS 0x00000000ef000000, 0x00000000ef000000| Complete 
| 241|0x00000000ef100000, 0x00000000ef200000, 0x00000000ef200000|100%| E|CS|TAMS 0x00000000ef100000, 0x00000000ef100000| Complete 
| 242|0x00000000ef200000, 0x00000000ef300000, 0x00000000ef300000|100%| E|CS|TAMS 0x00000000ef200000, 0x00000000ef200000| Complete 
| 243|0x00000000ef300000, 0x00000000ef400000, 0x00000000ef400000|100%| E|CS|TAMS 0x00000000ef300000, 0x00000000ef300000| Complete 
| 244|0x00000000ef400000, 0x00000000ef500000, 0x00000000ef500000|100%| E|CS|TAMS 0x00000000ef400000, 0x00000000ef400000| Complete 
| 245|0x00000000ef500000, 0x00000000ef600000, 0x00000000ef600000|100%| E|CS|TAMS 0x00000000ef500000, 0x00000000ef500000| Complete 
| 246|0x00000000ef600000, 0x00000000ef700000, 0x00000000ef700000|100%| E|CS|TAMS 0x00000000ef600000, 0x00000000ef600000| Complete 
| 247|0x00000000ef700000, 0x00000000ef800000, 0x00000000ef800000|100%| E|CS|TAMS 0x00000000ef700000, 0x00000000ef700000| Complete 
| 248|0x00000000ef800000, 0x00000000ef900000, 0x00000000ef900000|100%| E|CS|TAMS 0x00000000ef800000, 0x00000000ef800000| Complete 
| 249|0x00000000ef900000, 0x00000000efa00000, 0x00000000efa00000|100%| E|CS|TAMS 0x00000000ef900000, 0x00000000ef900000| Complete 
| 250|0x00000000efa00000, 0x00000000efb00000, 0x00000000efb00000|100%| E|CS|TAMS 0x00000000efa00000, 0x00000000efa00000| Complete 
| 251|0x00000000efb00000, 0x00000000efc00000, 0x00000000efc00000|100%| E|CS|TAMS 0x00000000efb00000, 0x00000000efb00000| Complete 
| 252|0x00000000efc00000, 0x00000000efd00000, 0x00000000efd00000|100%| E|CS|TAMS 0x00000000efc00000, 0x00000000efc00000| Complete 
| 253|0x00000000efd00000, 0x00000000efe00000, 0x00000000efe00000|100%| E|CS|TAMS 0x00000000efd00000, 0x00000000efd00000| Complete 
| 254|0x00000000efe00000, 0x00000000eff00000, 0x00000000eff00000|100%| E|CS|TAMS 0x00000000efe00000, 0x00000000efe00000| Complete 
| 255|0x00000000eff00000, 0x00000000f0000000, 0x00000000f0000000|100%| E|CS|TAMS 0x00000000eff00000, 0x00000000eff00000| Complete 

Card table byte_map: [0x00000226d2d90000,0x00000226d2e90000] _byte_map_base: 0x00000226d2690000

Marking Bits (Prev, Next): (CMBitMap*) 0x00000226ba1d3a40, (CMBitMap*) 0x00000226ba1d3a80
 Prev Bits: [0x00000226d2f90000, 0x00000226d3790000)
 Next Bits: [0x00000226d3790000, 0x00000226d3f90000)

Polling page: 0x00000226ba270000

Metaspace:

Usage:
  Non-class:     15.41 MB used.
      Class:      2.64 MB used.
       Both:     18.06 MB used.

Virtual space:
  Non-class space:       64.00 MB reserved,      15.56 MB ( 24%) committed,  1 nodes.
      Class space:      320.00 MB reserved,       2.75 MB ( <1%) committed,  1 nodes.
             Both:      384.00 MB reserved,      18.31 MB (  5%) committed. 

Chunk freelists:
   Non-Class:  320.00 KB
       Class:  13.25 MB
        Both:  13.56 MB

MaxMetaspaceSize: 384.00 MB
CompressedClassSpaceSize: 320.00 MB
Initial GC threshold: 21.00 MB
Current GC threshold: 21.00 MB
CDS: on
MetaspaceReclaimPolicy: balanced
 - commit_granule_bytes: 65536.
 - commit_granule_words: 8192.
 - virtual_space_node_default_size: 8388608.
 - enlarge_chunks_in_place: 1.
 - new_chunks_are_fully_committed: 0.
 - uncommit_free_chunks: 1.
 - use_allocation_guard: 0.
 - handle_deallocations: 1.


Internal statistics:

num_allocs_failed_limit: 0.
num_arena_births: 218.
num_arena_deaths: 0.
num_vsnodes_births: 2.
num_vsnodes_deaths: 0.
num_space_committed: 293.
num_space_uncommitted: 0.
num_chunks_returned_to_freelist: 0.
num_chunks_taken_from_freelist: 850.
num_chunk_merges: 0.
num_chunk_splits: 560.
num_chunks_enlarged: 413.
num_purges: 0.
num_inconsistent_stats: 0.

CodeHeap 'non-profiled nmethods': size=120000Kb used=1229Kb max_used=1229Kb free=118770Kb
 bounds [0x00000226cace0000, 0x00000226caf50000, 0x00000226d2210000]
CodeHeap 'profiled nmethods': size=120000Kb used=5036Kb max_used=5036Kb free=114963Kb
 bounds [0x00000226c3210000, 0x00000226c3700000, 0x00000226ca740000]
CodeHeap 'non-nmethods': size=5760Kb used=1230Kb max_used=1287Kb free=4529Kb
 bounds [0x00000226ca740000, 0x00000226ca9b0000, 0x00000226cace0000]
 total_blobs=3014 nmethods=2474 adapters=452
 compilation: enabled
              stopped_count=0, restarted_count=0
 full_count=0

Compilation events (20 events):
Event: 3.749 Thread 0x00000226d6a2e330 2445       3       org.objectweb.asm.Frame::pop (53 bytes)
Event: 3.749 Thread 0x00000226d6a2e330 nmethod 2445 0x00000226c36d8c90 code [0x00000226c36d8ee0, 0x00000226c36d9658]
Event: 3.749 Thread 0x00000226d6a2e330 2446       3       org.objectweb.asm.Handler::getExceptionTableLength (21 bytes)
Event: 3.749 Thread 0x00000226d6a2e330 nmethod 2446 0x00000226c36d9990 code [0x00000226c36d9b20, 0x00000226c36d9cb8]
Event: 3.749 Thread 0x00000226d6a2e330 2447       3       org.objectweb.asm.ByteVector::putInt (74 bytes)
Event: 3.749 Thread 0x00000226d6a2e330 nmethod 2447 0x00000226c36d9d90 code [0x00000226c36d9f40, 0x00000226c36da1a8]
Event: 3.749 Thread 0x00000226d6a2e330 2448       1       org.objectweb.asm.MethodWriter::hasAsmInstructions (5 bytes)
Event: 3.749 Thread 0x00000226d6a2e330 nmethod 2448 0x00000226cae12710 code [0x00000226cae128a0, 0x00000226cae12978]
Event: 3.750 Thread 0x00000226d6a2e330 2449       3       org.gradle.internal.instantiation.generator.AbstractClassGenerator$PropertyMetadata::getType (34 bytes)
Event: 3.750 Thread 0x00000226d6a2e330 nmethod 2449 0x00000226c36da310 code [0x00000226c36da500, 0x00000226c36dab38]
Event: 3.754 Thread 0x00000226d6a2e330 2450       3       sun.reflect.generics.parser.SignatureParser::make (8 bytes)
Event: 3.754 Thread 0x00000226d6a2e330 nmethod 2450 0x00000226c36dad90 code [0x00000226c36daf40, 0x00000226c36db138]
Event: 3.754 Thread 0x00000226d6a2e330 2451       3       sun.reflect.generics.parser.SignatureParser::<init> (5 bytes)
Event: 3.754 Thread 0x00000226d6a2e330 nmethod 2451 0x00000226c36db210 code [0x00000226c36db3a0, 0x00000226c36db4f8]
Event: 3.754 Thread 0x00000226d6a2e330 2452       3       sun.reflect.generics.parser.SignatureParser::init (16 bytes)
Event: 3.755 Thread 0x00000226d6a2e330 nmethod 2452 0x00000226c36db590 code [0x00000226c36db720, 0x00000226c36db878]
Event: 3.756 Thread 0x00000226d6a2e330 2454 %     3       java.util.ArrayList::indexOfRange @ 42 (71 bytes)
Event: 3.756 Thread 0x00000226d6a2e330 nmethod 2454% 0x00000226c36db910 code [0x00000226c36dbb00, 0x00000226c36dc028]
Event: 3.756 Thread 0x00000226d6a2e330 2455       3       org.gradle.internal.service.DefaultServiceRegistry$SingletonService::getAll (23 bytes)
Event: 3.757 Thread 0x00000226d6a2e330 nmethod 2455 0x00000226c36dc210 code [0x00000226c36dc3e0, 0x00000226c36dc688]

GC Heap History (4 events):
Event: 0.656 GC heap before
{Heap before GC invocations=0 (full 0):
 garbage-first heap   total 262144K, used 26624K [0x00000000e0000000, 0x0000000100000000)
  region size 1024K, 23 young (23552K), 0 survivors (0K)
 Metaspace       used 2967K, committed 3072K, reserved 393216K
  class space    used 379K, committed 448K, reserved 327680K
}
Event: 0.659 GC heap after
{Heap after GC invocations=1 (full 0):
 garbage-first heap   total 262144K, used 10721K [0x00000000e0000000, 0x0000000100000000)
  region size 1024K, 3 young (3072K), 3 survivors (3072K)
 Metaspace       used 2967K, committed 3072K, reserved 393216K
  class space    used 379K, committed 448K, reserved 327680K
}
Event: 1.942 GC heap before
{Heap before GC invocations=1 (full 0):
 garbage-first heap   total 262144K, used 38369K [0x00000000e0000000, 0x0000000100000000)
  region size 1024K, 30 young (30720K), 3 survivors (3072K)
 Metaspace       used 3994K, committed 4160K, reserved 393216K
  class space    used 491K, committed 576K, reserved 327680K
}
Event: 1.947 GC heap after
{Heap after GC invocations=2 (full 0):
 garbage-first heap   total 262144K, used 11258K [0x00000000e0000000, 0x0000000100000000)
  region size 1024K, 1 young (1024K), 1 survivors (1024K)
 Metaspace       used 3994K, committed 4160K, reserved 393216K
  class space    used 491K, committed 576K, reserved 327680K
}

Deoptimization events (20 events):
Event: 3.333 Thread 0x00000226f109ecf0 Uncommon trap: trap_request=0xffffff45 fr.pc=0x00000226cad777fc relative=0x000000000000075c
Event: 3.333 Thread 0x00000226f109ecf0 Uncommon trap: reason=unstable_if action=reinterpret pc=0x00000226cad777fc method=java.util.ArrayList.grow(I)[Ljava/lang/Object; @ 17 c2
Event: 3.333 Thread 0x00000226f109ecf0 DEOPT PACKING pc=0x00000226cad777fc sp=0x0000009fb3dfd0a0
Event: 3.333 Thread 0x00000226f109ecf0 DEOPT UNPACKING pc=0x00000226ca7923a3 sp=0x0000009fb3dfcf38 mode 2
Event: 3.352 Thread 0x00000226f109ecf0 Uncommon trap: trap_request=0xffffff45 fr.pc=0x00000226cad02f68 relative=0x0000000000000ae8
Event: 3.352 Thread 0x00000226f109ecf0 Uncommon trap: reason=unstable_if action=reinterpret pc=0x00000226cad02f68 method=java.io.WinNTFileSystem.resolve(Ljava/lang/String;Ljava/lang/String;)Ljava/lang/String; @ 19 c2
Event: 3.352 Thread 0x00000226f109ecf0 DEOPT PACKING pc=0x00000226cad02f68 sp=0x0000009fb3dfcf80
Event: 3.352 Thread 0x00000226f109ecf0 DEOPT UNPACKING pc=0x00000226ca7923a3 sp=0x0000009fb3dfcf28 mode 2
Event: 3.353 Thread 0x00000226f109ecf0 Uncommon trap: trap_request=0xffffff45 fr.pc=0x00000226cad56528 relative=0x0000000000000608
Event: 3.353 Thread 0x00000226f109ecf0 Uncommon trap: reason=unstable_if action=reinterpret pc=0x00000226cad56528 method=java.io.File.getName()Ljava/lang/String; @ 16 c2
Event: 3.353 Thread 0x00000226f109ecf0 DEOPT PACKING pc=0x00000226cad56528 sp=0x0000009fb3dfcf20
Event: 3.353 Thread 0x00000226f109ecf0 DEOPT UNPACKING pc=0x00000226ca7923a3 sp=0x0000009fb3dfcef0 mode 2
Event: 3.553 Thread 0x00000226f109ecf0 Uncommon trap: trap_request=0xffffff45 fr.pc=0x00000226cadbe3f4 relative=0x0000000000000074
Event: 3.554 Thread 0x00000226f109ecf0 Uncommon trap: reason=unstable_if action=reinterpret pc=0x00000226cadbe3f4 method=jdk.internal.misc.Unsafe.convEndian(ZI)I @ 4 c2
Event: 3.554 Thread 0x00000226f109ecf0 DEOPT PACKING pc=0x00000226cadbe3f4 sp=0x0000009fb3dfadc0
Event: 3.554 Thread 0x00000226f109ecf0 DEOPT UNPACKING pc=0x00000226ca7923a3 sp=0x0000009fb3dfacc8 mode 2
Event: 3.737 Thread 0x00000226f109ecf0 Uncommon trap: trap_request=0xffffff45 fr.pc=0x00000226caddd920 relative=0x00000000000003e0
Event: 3.737 Thread 0x00000226f109ecf0 Uncommon trap: reason=unstable_if action=reinterpret pc=0x00000226caddd920 method=java.util.HashMap.getNode(Ljava/lang/Object;)Ljava/util/HashMap$Node; @ 131 c2
Event: 3.737 Thread 0x00000226f109ecf0 DEOPT PACKING pc=0x00000226caddd920 sp=0x0000009fb3dfaf10
Event: 3.737 Thread 0x00000226f109ecf0 DEOPT UNPACKING pc=0x00000226ca7923a3 sp=0x0000009fb3dfae30 mode 2

Classes unloaded (0 events):
No events

Classes redefined (0 events):
No events

Internal exceptions (20 events):
Event: 3.137 Thread 0x00000226f109ecf0 Exception <a 'java/lang/NoSuchMethodError'{0x00000000ec814080}: 'void java.lang.invoke.DirectMethodHandle$Holder.invokeSpecial(java.lang.Object, java.lang.Object, java.lang.Object, java.lang.Object, java.lang.Object)'> (0x00000000ec814080) 
thrown [s\open\src\hotspot\share\interpreter\linkResolver.cpp, line 759]
Event: 3.138 Thread 0x00000226f109ecf0 Exception <a 'java/lang/NoSuchMethodError'{0x00000000ec828008}: 'void java.lang.invoke.DirectMethodHandle$Holder.invokeStaticInit(java.lang.Object, java.lang.Object)'> (0x00000000ec828008) 
thrown [s\open\src\hotspot\share\interpreter\linkResolver.cpp, line 759]
Event: 3.155 Thread 0x00000226f109ecf0 Exception <a 'java/lang/NoSuchMethodError'{0x00000000ec732728}: 'java.lang.Object java.lang.invoke.DirectMethodHandle$Holder.newInvokeSpecial(java.lang.Object, java.lang.Object, java.lang.Object, int, java.lang.Object, java.lang.Object)'> (0x00000000ec732728) 
thrown [s\open\src\hotspot\share\interpreter\linkResolver.cpp, line 759]
Event: 3.181 Thread 0x00000226f109ecf0 Exception <a 'java/lang/NoSuchMethodError'{0x00000000ec6f56f0}: 'void java.lang.invoke.DelegatingMethodHandle$Holder.reinvoke_L(java.lang.Object, java.lang.Object, java.lang.Object, java.lang.Object, java.lang.Object, java.lang.Object, java.lang.Object, java.lang.Object, java.lang.Object, java.lang.Object)'> (0x00000000ec6f56f0) 
thrown [s\open\src\hotspot\share\interpreter\linkResolver.cpp, line 759]
Event: 3.181 Thread 0x00000226f109ecf0 Exception <a 'java/lang/NoSuchMethodError'{0x00000000ec6fdb60}: 'java.lang.Object java.lang.invoke.DirectMethodHandle$Holder.invokeSpecial(java.lang.Object, java.lang.Object, java.lang.Object, java.lang.Object, java.lang.Object, java.lang.Object, java.lang.Object, java.lang.Object, java.lang.Object, java.lang.Object)'> (0x00000000ec6fdb60) 
thrown [s\open\src\hotspot\share\interpreter\linkResolver.cpp, line 759]
Event: 3.182 Thread 0x00000226f109ecf0 Exception <a 'java/lang/NoSuchMethodError'{0x00000000ec502a48}: 'java.lang.Object java.lang.invoke.Invokers$Holder.invoker(java.lang.Object, java.lang.Object, java.lang.Object, java.lang.Object, java.lang.Object, java.lang.Object, java.lang.Object, java.lang.Object, java.lang.Object, java.lang.Object)'> (0x00000000ec502a48) 
thrown [s\open\src\hotspot\share\interpreter\linkResolver.cpp, line 759]
Event: 3.182 Thread 0x00000226f109ecf0 Exception <a 'java/lang/NoSuchMethodError'{0x00000000ec5085d0}: 'java.lang.Object java.lang.invoke.DirectMethodHandle$Holder.invokeSpecial(java.lang.Object, java.lang.Object, java.lang.Object, java.lang.Object, java.lang.Object, java.lang.Object, java.lang.Object, java.lang.Object, java.lang.Object, java.lang.Object, java.lang.Object)'> (0x00000000ec5085d0) 
thrown [s\open\src\hotspot\share\interpreter\linkResolver.cpp, line 759]
Event: 3.288 Thread 0x00000226f109ecf0 Exception <a 'java/lang/NoSuchMethodError'{0x00000000ebf02b28}: 'void java.lang.invoke.DirectMethodHandle$Holder.invokeStaticInit(java.lang.Object)'> (0x00000000ebf02b28) 
thrown [s\open\src\hotspot\share\interpreter\linkResolver.cpp, line 759]
Event: 3.297 Thread 0x00000226f109ecf0 Exception <a 'java/lang/NoSuchMethodError'{0x00000000ebfb3af8}: 'java.lang.Object java.lang.invoke.DirectMethodHandle$Holder.newInvokeSpecial(java.lang.Object, java.lang.Object, java.lang.Object, int)'> (0x00000000ebfb3af8) 
thrown [s\open\src\hotspot\share\interpreter\linkResolver.cpp, line 759]
Event: 3.298 Thread 0x00000226f109ecf0 Exception <a 'java/lang/NoSuchMethodError'{0x00000000ebfb8428}: 'java.lang.Object java.lang.invoke.DirectMethodHandle$Holder.invokeSpecial(java.lang.Object, java.lang.Object, java.lang.Object, java.lang.Object, int)'> (0x00000000ebfb8428) 
thrown [s\open\src\hotspot\share\interpreter\linkResolver.cpp, line 759]
Event: 3.298 Thread 0x00000226f109ecf0 Exception <a 'java/lang/NoSuchMethodError'{0x00000000ebfbc540}: 'java.lang.Object java.lang.invoke.Invokers$Holder.linkToTargetMethod(java.lang.Object, java.lang.Object, int, java.lang.Object)'> (0x00000000ebfbc540) 
thrown [s\open\src\hotspot\share\interpreter\linkResolver.cpp, line 759]
Event: 3.567 Thread 0x00000226f109ecf0 Exception <a 'java/lang/NoSuchMethodError'{0x00000000eae3b2f8}: 'int java.lang.invoke.DirectMethodHandle$Holder.invokeSpecialIFC(java.lang.Object, java.lang.Object, java.lang.Object, java.lang.Object)'> (0x00000000eae3b2f8) 
thrown [s\open\src\hotspot\share\interpreter\linkResolver.cpp, line 759]
Event: 3.568 Thread 0x00000226f109ecf0 Exception <a 'java/lang/NoSuchMethodError'{0x00000000eae4a578}: 'java.lang.Object java.lang.invoke.DirectMethodHandle$Holder.invokeInterface(java.lang.Object, java.lang.Object, java.lang.Object)'> (0x00000000eae4a578) 
thrown [s\open\src\hotspot\share\interpreter\linkResolver.cpp, line 759]
Event: 3.568 Thread 0x00000226f109ecf0 Exception <a 'java/lang/IncompatibleClassChangeError'{0x00000000eae4e438}: Found class java.lang.Object, but interface was expected> (0x00000000eae4e438) 
thrown [s\open\src\hotspot\share\interpreter\linkResolver.cpp, line 826]
Event: 3.607 Thread 0x00000226f109ecf0 Exception <a 'java/lang/NoSuchMethodError'{0x00000000eacc7858}: 'int java.lang.invoke.DirectMethodHandle$Holder.invokeStatic(java.lang.Object, java.lang.Object, java.lang.Object, java.lang.Object)'> (0x00000000eacc7858) 
thrown [s\open\src\hotspot\share\interpreter\linkResolver.cpp, line 759]
Event: 3.607 Thread 0x00000226f109ecf0 Exception <a 'java/lang/NoSuchMethodError'{0x00000000eaccb480}: 'java.lang.Object java.lang.invoke.Invokers$Holder.invokeExact_MT(java.lang.Object, java.lang.Object, java.lang.Object, java.lang.Object, java.lang.Object, java.lang.Object)'> (0x00000000eaccb480) 
thrown [s\open\src\hotspot\share\interpreter\linkResolver.cpp, line 759]
Event: 3.725 Thread 0x00000226f109ecf0 Exception <a 'java/lang/NoSuchMethodError'{0x00000000ea244630}: 'java.lang.Object java.lang.invoke.DirectMethodHandle$Holder.invokeVirtual(java.lang.Object, java.lang.Object, java.lang.Object, java.lang.Object)'> (0x00000000ea244630) 
thrown [s\open\src\hotspot\share\interpreter\linkResolver.cpp, line 759]
Event: 3.743 Thread 0x00000226f109ecf0 Exception <a 'java/lang/NoSuchMethodError'{0x00000000ea18df20}: 'java.lang.Object java.lang.invoke.DirectMethodHandle$Holder.newInvokeSpecial(java.lang.Object, java.lang.Object, java.lang.Object, java.lang.Object, java.lang.Object, java.lang.Object, java.lang.Object)'> (0x00000000ea18df20) 
thrown [s\open\src\hotspot\share\interpreter\linkResolver.cpp, line 759]
Event: 3.743 Thread 0x00000226f109ecf0 Exception <a 'java/lang/NoSuchMethodError'{0x00000000ea192bf0}: 'java.lang.Object java.lang.invoke.Invokers$Holder.linkToTargetMethod(java.lang.Object, java.lang.Object, java.lang.Object, java.lang.Object, java.lang.Object, java.lang.Object, java.lang.Object)'> (0x00000000ea192bf0) 
thrown [s\open\src\hotspot\share\interpreter\linkResolver.cpp, line 759]
Event: 3.760 Thread 0x00000226f109ecf0 Exception <a 'java/lang/NoSuchMethodError'{0x00000000ea0eab28}: 'java.lang.Object java.lang.invoke.DirectMethodHandle$Holder.invokeVirtual(java.lang.Object, java.lang.Object, java.lang.Object, java.lang.Object, java.lang.Object, java.lang.Object, java.lang.Object, java.lang.Object, java.lang.Object, java.lang.Object, java.lang.Object, java.lang.Object, java.lang.Object, java.lang.Object, java.lang.Object, java.lang.Object, java.lang.Object, java.lang.Object, java.lang.Object, java.lang.Object, java.lang.Ob

VM Operations (20 events):
Event: 2.673 Executing VM operation: HandshakeAllThreads
Event: 2.673 Executing VM operation: HandshakeAllThreads done
Event: 2.864 Executing VM operation: HandshakeAllThreads
Event: 2.864 Executing VM operation: HandshakeAllThreads done
Event: 2.925 Executing VM operation: HandshakeAllThreads
Event: 2.925 Executing VM operation: HandshakeAllThreads done
Event: 3.062 Executing VM operation: ICBufferFull
Event: 3.062 Executing VM operation: ICBufferFull done
Event: 3.164 Executing VM operation: HandshakeAllThreads
Event: 3.164 Executing VM operation: HandshakeAllThreads done
Event: 3.359 Executing VM operation: HandshakeAllThreads
Event: 3.359 Executing VM operation: HandshakeAllThreads done
Event: 3.359 Executing VM operation: HandshakeAllThreads
Event: 3.359 Executing VM operation: HandshakeAllThreads done
Event: 3.401 Executing VM operation: HandshakeAllThreads
Event: 3.401 Executing VM operation: HandshakeAllThreads done
Event: 3.401 Executing VM operation: HandshakeAllThreads
Event: 3.401 Executing VM operation: HandshakeAllThreads done
Event: 3.766 Executing VM operation: ICBufferFull
Event: 3.766 Executing VM operation: ICBufferFull done

Events (20 events):
Event: 3.592 loading class java/io/ObjectOutput done
Event: 3.592 loading class java/io/ObjectStreamConstants
Event: 3.593 loading class java/io/ObjectStreamConstants done
Event: 3.593 loading class java/io/ObjectOutputStream done
Event: 3.593 loading class java/io/ObjectInputStream
Event: 3.594 loading class java/io/ObjectInput
Event: 3.594 loading class java/io/ObjectInput done
Event: 3.594 loading class java/io/ObjectInputStream done
Event: 3.599 loading class java/lang/ThreadLocal$SuppliedThreadLocal
Event: 3.599 loading class java/lang/ThreadLocal$SuppliedThreadLocal done
Event: 3.701 loading class javax/xml/parsers/ParserConfigurationException
Event: 3.701 loading class javax/xml/parsers/ParserConfigurationException done
Event: 3.701 loading class org/xml/sax/SAXException
Event: 3.701 loading class org/xml/sax/SAXException done
Event: 3.701 loading class javax/xml/xpath/XPathExpressionException
Event: 3.701 loading class javax/xml/xpath/XPathException
Event: 3.701 loading class javax/xml/xpath/XPathException done
Event: 3.701 loading class javax/xml/xpath/XPathExpressionException done
Event: 3.701 loading class org/xml/sax/ErrorHandler
Event: 3.701 loading class org/xml/sax/ErrorHandler done


Dynamic libraries:
0x00007ff791dc0000 - 0x00007ff791dd0000 	D:\Users\bmo\apps\jdk\jdk-17_windows-x64_bin\jdk-17.0.8\bin\java.exe
0x00007ff9d79d0000 - 0x00007ff9d7be7000 	C:\WINDOWS\SYSTEM32\ntdll.dll
0x00007ff9d66a0000 - 0x00007ff9d6764000 	C:\WINDOWS\System32\KERNEL32.DLL
0x00007ff9d5180000 - 0x00007ff9d5526000 	C:\WINDOWS\System32\KERNELBASE.dll
0x00007ff9d4f00000 - 0x00007ff9d5011000 	C:\WINDOWS\System32\ucrtbase.dll
0x00007ff99d7a0000 - 0x00007ff99d7b9000 	D:\Users\bmo\apps\jdk\jdk-17_windows-x64_bin\jdk-17.0.8\bin\jli.dll
0x00007ff99d780000 - 0x00007ff99d79b000 	D:\Users\bmo\apps\jdk\jdk-17_windows-x64_bin\jdk-17.0.8\bin\VCRUNTIME140.dll
0x00007ff9d76a0000 - 0x00007ff9d7753000 	C:\WINDOWS\System32\ADVAPI32.dll
0x00007ff9d62b0000 - 0x00007ff9d6357000 	C:\WINDOWS\System32\msvcrt.dll
0x00007ff9d75a0000 - 0x00007ff9d7648000 	C:\WINDOWS\System32\sechost.dll
0x00007ff9d5150000 - 0x00007ff9d5178000 	C:\WINDOWS\System32\bcrypt.dll
0x00007ff9d6110000 - 0x00007ff9d6227000 	C:\WINDOWS\System32\RPCRT4.dll
0x00007ff9d7760000 - 0x00007ff9d790e000 	C:\WINDOWS\System32\USER32.dll
0x00007ff9d4e30000 - 0x00007ff9d4e56000 	C:\WINDOWS\System32\win32u.dll
0x00007ff9afe30000 - 0x00007ff9b00c3000 	C:\WINDOWS\WinSxS\amd64_microsoft.windows.common-controls_6595b64144ccf1df_6.0.22621.2506_none_270c5ae97388e100\COMCTL32.dll
0x00007ff9d7670000 - 0x00007ff9d7699000 	C:\WINDOWS\System32\GDI32.dll
0x00007ff9d4d10000 - 0x00007ff9d4e28000 	C:\WINDOWS\System32\gdi32full.dll
0x00007ff9d4e60000 - 0x00007ff9d4efa000 	C:\WINDOWS\System32\msvcp_win.dll
0x00007ff9c8530000 - 0x00007ff9c853a000 	C:\WINDOWS\SYSTEM32\VERSION.dll
0x00007ff9d5720000 - 0x00007ff9d5751000 	C:\WINDOWS\System32\IMM32.DLL
0x00007ff9a1db0000 - 0x00007ff9a1dbc000 	D:\Users\bmo\apps\jdk\jdk-17_windows-x64_bin\jdk-17.0.8\bin\vcruntime140_1.dll
0x00007ff98b630000 - 0x00007ff98b6be000 	D:\Users\bmo\apps\jdk\jdk-17_windows-x64_bin\jdk-17.0.8\bin\msvcp140.dll
0x00007ff907eb0000 - 0x00007ff908a8e000 	D:\Users\bmo\apps\jdk\jdk-17_windows-x64_bin\jdk-17.0.8\bin\server\jvm.dll
0x00007ff9d5f20000 - 0x00007ff9d5f28000 	C:\WINDOWS\System32\PSAPI.DLL
0x00007ff9a7570000 - 0x00007ff9a7579000 	C:\WINDOWS\SYSTEM32\WSOCK32.dll
0x00007ff9cc4a0000 - 0x00007ff9cc4d4000 	C:\WINDOWS\SYSTEM32\WINMM.dll
0x00007ff9d6570000 - 0x00007ff9d65e1000 	C:\WINDOWS\System32\WS2_32.dll
0x00007ff9d3e00000 - 0x00007ff9d3e18000 	C:\WINDOWS\SYSTEM32\kernel.appcore.dll
0x00007ff9a1490000 - 0x00007ff9a149a000 	D:\Users\bmo\apps\jdk\jdk-17_windows-x64_bin\jdk-17.0.8\bin\jimage.dll
0x00007ff9d2520000 - 0x00007ff9d2753000 	C:\WINDOWS\SYSTEM32\DBGHELP.DLL
0x00007ff9d6860000 - 0x00007ff9d6be9000 	C:\WINDOWS\System32\combase.dll
0x00007ff9d5f30000 - 0x00007ff9d6007000 	C:\WINDOWS\System32\OLEAUT32.dll
0x00007ff9cc460000 - 0x00007ff9cc492000 	C:\WINDOWS\SYSTEM32\dbgcore.DLL
0x00007ff9d56a0000 - 0x00007ff9d571a000 	C:\WINDOWS\System32\bcryptPrimitives.dll
0x00007ff9c6220000 - 0x00007ff9c622e000 	D:\Users\bmo\apps\jdk\jdk-17_windows-x64_bin\jdk-17.0.8\bin\instrument.dll
0x00007ff98b520000 - 0x00007ff98b545000 	D:\Users\bmo\apps\jdk\jdk-17_windows-x64_bin\jdk-17.0.8\bin\java.dll
0x00007ff96a130000 - 0x00007ff96a207000 	D:\Users\bmo\apps\jdk\jdk-17_windows-x64_bin\jdk-17.0.8\bin\jsvml.dll
0x00007ff9d6bf0000 - 0x00007ff9d744a000 	C:\WINDOWS\System32\SHELL32.dll
0x00007ff9d2c10000 - 0x00007ff9d3506000 	C:\WINDOWS\SYSTEM32\windows.storage.dll
0x00007ff9d2ad0000 - 0x00007ff9d2c0e000 	C:\WINDOWS\SYSTEM32\wintypes.dll
0x00007ff9d6010000 - 0x00007ff9d6103000 	C:\WINDOWS\System32\SHCORE.dll
0x00007ff9d6360000 - 0x00007ff9d63be000 	C:\WINDOWS\System32\shlwapi.dll
0x00007ff9d4c40000 - 0x00007ff9d4c66000 	C:\WINDOWS\SYSTEM32\profapi.dll
0x00007ff98ba00000 - 0x00007ff98ba18000 	D:\Users\bmo\apps\jdk\jdk-17_windows-x64_bin\jdk-17.0.8\bin\zip.dll
0x00007ff99ae30000 - 0x00007ff99ae49000 	D:\Users\bmo\apps\jdk\jdk-17_windows-x64_bin\jdk-17.0.8\bin\net.dll
0x00007ff9c9ab0000 - 0x00007ff9c9be7000 	C:\WINDOWS\SYSTEM32\WINHTTP.dll
0x00007ff9d4290000 - 0x00007ff9d42f9000 	C:\WINDOWS\system32\mswsock.dll
0x00007ff99ab70000 - 0x00007ff99ab86000 	D:\Users\bmo\apps\jdk\jdk-17_windows-x64_bin\jdk-17.0.8\bin\nio.dll
0x00007ff99af50000 - 0x00007ff99af60000 	D:\Users\bmo\apps\jdk\jdk-17_windows-x64_bin\jdk-17.0.8\bin\verify.dll
0x00007ff99d850000 - 0x00007ff99d877000 	D:\Users\bmo\apps\gradle-8.4-bin\gradle-8.4\native\c067742578af261105cb4f569cf0c3c89f3d7b1fecec35dd04571415982c5e48\windows-amd64\native-platform.dll
0x00007ff9b54d0000 - 0x00007ff9b5614000 	D:\Users\bmo\apps\gradle-8.4-bin\gradle-8.4\native\38dada09dfb8b06ba9b0570ebf7e218e3eb74d4ef43ca46872605cf95ebc2f47\windows-amd64\native-platform-file-events.dll
0x00007ff9c18d0000 - 0x00007ff9c18da000 	D:\Users\bmo\apps\jdk\jdk-17_windows-x64_bin\jdk-17.0.8\bin\management.dll
0x00007ff9c18b0000 - 0x00007ff9c18bb000 	D:\Users\bmo\apps\jdk\jdk-17_windows-x64_bin\jdk-17.0.8\bin\management_ext.dll
0x00007ff9d4500000 - 0x00007ff9d451b000 	C:\WINDOWS\SYSTEM32\CRYPTSP.dll
0x00007ff9d3d50000 - 0x00007ff9d3d85000 	C:\WINDOWS\system32\rsaenh.dll
0x00007ff9d4380000 - 0x00007ff9d43ac000 	C:\WINDOWS\SYSTEM32\USERENV.dll
0x00007ff9d4520000 - 0x00007ff9d452c000 	C:\WINDOWS\SYSTEM32\CRYPTBASE.dll
0x00007ff9d3770000 - 0x00007ff9d379d000 	C:\WINDOWS\SYSTEM32\IPHLPAPI.DLL
0x00007ff9d57b0000 - 0x00007ff9d57b9000 	C:\WINDOWS\System32\NSI.dll
0x00007ff9c9a90000 - 0x00007ff9c9aa9000 	C:\WINDOWS\SYSTEM32\dhcpcsvc6.DLL
0x00007ff9c9a70000 - 0x00007ff9c9a8f000 	C:\WINDOWS\SYSTEM32\dhcpcsvc.DLL
0x00007ff9d37a0000 - 0x00007ff9d3899000 	C:\WINDOWS\SYSTEM32\DNSAPI.dll
0x00007ff9b6d90000 - 0x00007ff9b6d9e000 	D:\Users\bmo\apps\jdk\jdk-17_windows-x64_bin\jdk-17.0.8\bin\sunmscapi.dll
0x00007ff9d5530000 - 0x00007ff9d5696000 	C:\WINDOWS\System32\CRYPT32.dll
0x00007ff9d46a0000 - 0x00007ff9d46ce000 	C:\WINDOWS\SYSTEM32\ncrypt.dll
0x00007ff9d4660000 - 0x00007ff9d4697000 	C:\WINDOWS\SYSTEM32\NTASN1.dll
0x00007ff99ae50000 - 0x00007ff99ae58000 	C:\WINDOWS\system32\wshunix.dll

dbghelp: loaded successfully - version: 4.0.5 - missing functions: none
symbol engine: initialized successfully - sym options: 0x614 - pdb path: .;D:\Users\bmo\apps\jdk\jdk-17_windows-x64_bin\jdk-17.0.8\bin;C:\WINDOWS\SYSTEM32;C:\WINDOWS\WinSxS\amd64_microsoft.windows.common-controls_6595b64144ccf1df_6.0.22621.2506_none_270c5ae97388e100;D:\Users\bmo\apps\jdk\jdk-17_windows-x64_bin\jdk-17.0.8\bin\server;D:\Users\bmo\apps\gradle-8.4-bin\gradle-8.4\native\c067742578af261105cb4f569cf0c3c89f3d7b1fecec35dd04571415982c5e48\windows-amd64;D:\Users\bmo\apps\gradle-8.4-bin\gradle-8.4\native\38dada09dfb8b06ba9b0570ebf7e218e3eb74d4ef43ca46872605cf95ebc2f47\windows-amd64

VM Arguments:
jvm_args: --add-opens=java.base/java.util=ALL-UNNAMED --add-opens=java.base/java.lang=ALL-UNNAMED --add-opens=java.base/java.lang.invoke=ALL-UNNAMED --add-opens=java.prefs/java.util.prefs=ALL-UNNAMED --add-opens=java.base/java.nio.charset=ALL-UNNAMED --add-opens=java.base/java.net=ALL-UNNAMED --add-opens=java.base/java.util.concurrent.atomic=ALL-UNNAMED -XX:MaxMetaspaceSize=384m -XX:+HeapDumpOnOutOfMemoryError -Xms256m -Xmx512m -Dfile.encoding=windows-1252 -Duser.country=BR -Duser.language=pt -Duser.variant -javaagent:D:\Users\bmo\apps\gradle-8.4-bin\gradle-8.4\wrapper\dists\gradle-8.5-bin\5t9huq95ubn472n8rpzujfbqh\gradle-8.5\lib\agents\gradle-instrumentation-agent-8.5.jar 
java_command: org.gradle.launcher.daemon.bootstrap.GradleDaemon 8.5
java_class_path (initial): D:\Users\bmo\apps\gradle-8.4-bin\gradle-8.4\wrapper\dists\gradle-8.5-bin\5t9huq95ubn472n8rpzujfbqh\gradle-8.5\lib\gradle-launcher-8.5.jar
Launcher Type: SUN_STANDARD

[Global flags]
     intx CICompilerCount                          = 4                                         {product} {ergonomic}
   size_t CompressedClassSpaceSize                 = 335544320                                 {product} {ergonomic}
     uint ConcGCThreads                            = 2                                         {product} {ergonomic}
     uint G1ConcRefinementThreads                  = 8                                         {product} {ergonomic}
   size_t G1HeapRegionSize                         = 1048576                                   {product} {ergonomic}
    uintx GCDrainStackTargetSize                   = 64                                        {product} {ergonomic}
     bool HeapDumpOnOutOfMemoryError               = true                                   {manageable} {command line}
   size_t InitialHeapSize                          = 268435456                                 {product} {command line}
   size_t MarkStackSize                            = 4194304                                   {product} {ergonomic}
   size_t MaxHeapSize                              = 536870912                                 {product} {command line}
   size_t MaxMetaspaceSize                         = 402653184                                 {product} {command line}
   size_t MaxNewSize                               = 321912832                                 {product} {ergonomic}
   size_t MinHeapDeltaBytes                        = 1048576                                   {product} {ergonomic}
   size_t MinHeapSize                              = 268435456                                 {product} {command line}
    uintx NonNMethodCodeHeapSize                   = 5839372                                {pd product} {ergonomic}
    uintx NonProfiledCodeHeapSize                  = 122909434                              {pd product} {ergonomic}
    uintx ProfiledCodeHeapSize                     = 122909434                              {pd product} {ergonomic}
    uintx ReservedCodeCacheSize                    = 251658240                              {pd product} {ergonomic}
     bool SegmentedCodeCache                       = true                                      {product} {ergonomic}
   size_t SoftMaxHeapSize                          = 536870912                              {manageable} {ergonomic}
     bool UseCompressedClassPointers               = true                           {product lp64_product} {ergonomic}
     bool UseCompressedOops                        = true                           {product lp64_product} {ergonomic}
     bool UseG1GC                                  = true                                      {product} {ergonomic}
     bool UseLargePagesIndividualAllocation        = false                                  {pd product} {ergonomic}

Logging:
Log output configuration:
 #0: stdout all=warning uptime,level,tags
 #1: stderr all=off uptime,level,tags

Environment Variables:
PATH=C:\Python311\Scripts\;C:\Python311\;C:\Program Files\Common Files\Oracle\Java\javapath;C:\Python310\Scripts\;C:\Python310\;C:\Program Files\AdoptOpenJDK\jdk-11.0.11.9-hotspot\bin;C:\Windows\system32;C:\Windows;C:\Windows\System32\Wbem;C:\Windows\System32\WindowsPowerShell\v1.0\;C:\Windows\System32\OpenSSH\;C:\Program Files (x86)\NVIDIA Corporation\PhysX\Common;C:\Program Files\NVIDIA Corporation\NVIDIA NvDLISR;C:\ProgramData\chocolatey\bin;C:\Program Files\dotnet\;C:\WINDOWS\system32;C:\WINDOWS;C:\WINDOWS\System32\Wbem;C:\WINDOWS\System32\WindowsPowerShell\v1.0\;C:\WINDOWS\System32\OpenSSH\;D:\Program Files\Git\cmd;C:\Program Files\nodejs\;C:\Program Files\Docker\Docker\resources\bin;D:\Users\bmo\apps\apache-maven-3.9.3\bin;C:\Program Files\Microsoft SQL Server\150\Tools\Binn\;D:\Users\bmo\apps\gradle-8.4-bin\gradle-8.4\bin;C:\Program Files\Microsoft SQL Server\130\Tools\Binn\;C:\Program Files\Microsoft SQL Server\Client SDK\ODBC\170\Tools\Binn\;C:\Users\jadee\AppData\Local\Microsoft\WindowsApps;C:\Users\jadee\AppData\Roaming\npm\node_modules\@angular\cli\bin;C:\Program Files\Heroku\bin;D:\Program Files\Microsoft VS Code\bin;C:\Users\jadee\AppData\Roaming\npm;D:\Program Files\heroku\bin;D:\Program Files\liquibase
USERNAME=jadee
OS=Windows_NT
PROCESSOR_IDENTIFIER=Intel64 Family 6 Model 165 Stepping 2, GenuineIntel



---------------  S Y S T E M  ---------------

OS:
 Windows 11 , 64 bit Build 22621 (10.0.22621.2506)
OS uptime: 6 days 6:11 hours
Hyper-V role detected

CPU: total 8 (initial active 8) (4 cores per cpu, 2 threads per core) family 6 model 165 stepping 2 microcode 0xf8, cx8, cmov, fxsr, ht, mmx, 3dnowpref, sse, sse2, sse3, ssse3, sse4.1, sse4.2, popcnt, lzcnt, tsc, tscinvbit, avx, avx2, aes, erms, clmul, bmi1, bmi2, adx, fma, vzeroupper, clflush, clflushopt, hv

Memory: 4k page, system-wide physical 7985M (242M free)
TotalPageFile size 32561M (AvailPageFile size 5M)
current process WorkingSet (physical memory assigned to process): 209M, peak: 209M
current process commit charge ("private bytes"): 409M, peak: 410M

vm_info: Java HotSpot(TM) 64-Bit Server VM (17.0.8+9-LTS-211) for windows-amd64 JRE (17.0.8+9-LTS-211), built on Jun 14 2023 10:34:31 by "mach5one" with MS VC++ 17.1 (VS2022)

END.
