#
# There is insufficient memory for the Java Runtime Environment to continue.
# Native memory allocation (malloc) failed to allocate 900016 bytes for Chunk::new
# Possible reasons:
#   The system is out of physical RAM or swap space
#   The process is running with CompressedOops enabled, and the Java Heap may be blocking the growth of the native heap
# Possible solutions:
#   Reduce memory load on the system
#   Increase physical memory or swap space
#   Check if swap backing store is full
#   Decrease Java heap size (-Xmx/-Xms)
#   Decrease number of Java threads
#   Decrease Java thread stack sizes (-Xss)
#   Set larger code cache with -XX:ReservedCodeCacheSize=
#   JVM is running with Unscaled Compressed Oops mode in which the Java heap is
#     placed in the first 4GB address space. The Java Heap base address is the
#     maximum limit for the native heap growth. Please use -XX:HeapBaseMinAddress
#     to set the Java Heap base and to place the Java Heap above 4GB virtual address.
# This output file may be truncated or incomplete.
#
#  Out of Memory Error (arena.cpp:189), pid=34772, tid=8992
#
# JRE version: Java(TM) SE Runtime Environment (17.0.8+9) (build 17.0.8+9-LTS-211)
# Java VM: Java HotSpot(TM) 64-Bit Server VM (17.0.8+9-LTS-211, mixed mode, sharing, tiered, compressed oops, compressed class ptrs, g1 gc, windows-amd64)
# No core dump will be written. Minidumps are not enabled by default on client versions of Windows
#

---------------  S U M M A R Y ------------

Command Line: --add-opens=java.base/java.util=ALL-UNNAMED --add-opens=java.base/java.lang=ALL-UNNAMED --add-opens=java.base/java.lang.invoke=ALL-UNNAMED --add-opens=java.prefs/java.util.prefs=ALL-UNNAMED --add-opens=java.base/java.nio.charset=ALL-UNNAMED --add-opens=java.base/java.net=ALL-UNNAMED --add-opens=java.base/java.util.concurrent.atomic=ALL-UNNAMED -XX:MaxMetaspaceSize=384m -XX:+HeapDumpOnOutOfMemoryError -Xms256m -Xmx512m -Dfile.encoding=windows-1252 -Duser.country=BR -Duser.language=pt -Duser.variant -javaagent:D:\Users\bmo\apps\gradle-8.4-bin\gradle-8.4\wrapper\dists\gradle-8.5-bin\5t9huq95ubn472n8rpzujfbqh\gradle-8.5\lib\agents\gradle-instrumentation-agent-8.5.jar org.gradle.launcher.daemon.bootstrap.GradleDaemon 8.5

Host: Intel(R) Core(TM) i5-10300H CPU @ 2.50GHz, 8 cores, 7G,  Windows 11 , 64 bit Build 22621 (10.0.22621.2506)
Time: Sat Jan 20 13:04:23 2024 Hora Padrão de Greenwich elapsed time: 11.516835 seconds (0d 0h 0m 11s)

---------------  T H R E A D  ---------------

Current thread (0x000001db7f42e040):  JavaThread "C2 CompilerThread0" daemon [_thread_in_native, id=8992, stack(0x00000052a6e00000,0x00000052a6f00000)]


Current CompileTask:
C2:  11516 3873       4       org.codehaus.groovy.runtime.metaclass.MetaMethodIndex::addMethodToList (128 bytes)

Stack: [0x00000052a6e00000,0x00000052a6f00000]
Native frames: (J=compiled Java code, j=interpreted, Vv=VM code, C=native code)
V  [jvm.dll+0x677d0a]
V  [jvm.dll+0x7d8c54]
V  [jvm.dll+0x7da3fe]
V  [jvm.dll+0x7daa63]
V  [jvm.dll+0x245c5f]
V  [jvm.dll+0xaaa6b]
V  [jvm.dll+0xab00c]
V  [jvm.dll+0x2ab5cf]
V  [jvm.dll+0x580435]
V  [jvm.dll+0x220b22]
V  [jvm.dll+0x219bfd]
V  [jvm.dll+0x217329]
V  [jvm.dll+0x1a3af0]
V  [jvm.dll+0x2270be]
V  [jvm.dll+0x22535b]
V  [jvm.dll+0x78e7bc]
V  [jvm.dll+0x788bba]
V  [jvm.dll+0x676b35]
C  [ucrtbase.dll+0x29363]
C  [KERNEL32.DLL+0x1257d]
C  [ntdll.dll+0x5aa58]


---------------  P R O C E S S  ---------------

Threads class SMR info:
_java_thread_list=0x000001db2c1a8ec0, length=40, elements={
0x000001db75b22c70, 0x000001db7f40c830, 0x000001db7f40d6a0, 0x000001db7f424b20,
0x000001db7f4256d0, 0x000001db7f428090, 0x000001db7f429a50, 0x000001db7f42e040,
0x000001db7f438b00, 0x000001db7f4394f0, 0x000001db7f3f7600, 0x000001db7f67cbf0,
0x000001db2b443ee0, 0x000001db2b8a13a0, 0x000001db2b49d070, 0x000001db2b645570,
0x000001db2b6579b0, 0x000001db2b5b2060, 0x000001db2b5c7e80, 0x000001db2b5d2170,
0x000001db2b5d4150, 0x000001db2b5d4fc0, 0x000001db2b5d4af0, 0x000001db2b5d37b0,
0x000001db2b5d7170, 0x000001db2b5d5490, 0x000001db2b5d3c80, 0x000001db2b5d5e30,
0x000001db2b5d6300, 0x000001db2b5d67d0, 0x000001db2b5d6ca0, 0x000001db2bf98f40,
0x000001db2bf998e0, 0x000001db2bf99410, 0x000001db2bf94be0, 0x000001db2bf95580,
0x000001db2bf963f0, 0x000001db2bf97260, 0x000001db2bf97c00, 0x000001db2bf9ba90
}

Java Threads: ( => current thread )
  0x000001db75b22c70 JavaThread "main" [_thread_blocked, id=34960, stack(0x00000052a6100000,0x00000052a6200000)]
  0x000001db7f40c830 JavaThread "Reference Handler" daemon [_thread_blocked, id=33672, stack(0x00000052a6800000,0x00000052a6900000)]
  0x000001db7f40d6a0 JavaThread "Finalizer" daemon [_thread_blocked, id=34792, stack(0x00000052a6900000,0x00000052a6a00000)]
  0x000001db7f424b20 JavaThread "Signal Dispatcher" daemon [_thread_blocked, id=28248, stack(0x00000052a6a00000,0x00000052a6b00000)]
  0x000001db7f4256d0 JavaThread "Attach Listener" daemon [_thread_blocked, id=6776, stack(0x00000052a6b00000,0x00000052a6c00000)]
  0x000001db7f428090 JavaThread "Service Thread" daemon [_thread_blocked, id=25740, stack(0x00000052a6c00000,0x00000052a6d00000)]
  0x000001db7f429a50 JavaThread "Monitor Deflation Thread" daemon [_thread_blocked, id=27680, stack(0x00000052a6d00000,0x00000052a6e00000)]
=>0x000001db7f42e040 JavaThread "C2 CompilerThread0" daemon [_thread_in_native, id=8992, stack(0x00000052a6e00000,0x00000052a6f00000)]
  0x000001db7f438b00 JavaThread "C1 CompilerThread0" daemon [_thread_blocked, id=34644, stack(0x00000052a6f00000,0x00000052a7000000)]
  0x000001db7f4394f0 JavaThread "Sweeper thread" daemon [_thread_blocked, id=15204, stack(0x00000052a7000000,0x00000052a7100000)]
  0x000001db7f3f7600 JavaThread "Common-Cleaner" daemon [_thread_blocked, id=25164, stack(0x00000052a7100000,0x00000052a7200000)]
  0x000001db7f67cbf0 JavaThread "Notification Thread" daemon [_thread_blocked, id=22120, stack(0x00000052a7200000,0x00000052a7300000)]
  0x000001db2b443ee0 JavaThread "Daemon health stats" [_thread_blocked, id=32964, stack(0x00000052a7900000,0x00000052a7a00000)]
  0x000001db2b8a13a0 JavaThread "Incoming local TCP Connector on port 54032" [_thread_in_native, id=23468, stack(0x00000052a7a00000,0x00000052a7b00000)]
  0x000001db2b49d070 JavaThread "Daemon periodic checks" [_thread_blocked, id=30332, stack(0x00000052a7b00000,0x00000052a7c00000)]
  0x000001db2b645570 JavaThread "Daemon" [_thread_blocked, id=30008, stack(0x00000052a7c00000,0x00000052a7d00000)]
  0x000001db2b6579b0 JavaThread "Handler for socket connection from /127.0.0.1:54032 to /127.0.0.1:54033" [_thread_in_native, id=26388, stack(0x00000052a7d00000,0x00000052a7e00000)]
  0x000001db2b5b2060 JavaThread "Cancel handler" [_thread_blocked, id=19944, stack(0x00000052a7e00000,0x00000052a7f00000)]
  0x000001db2b5c7e80 JavaThread "Daemon worker" [_thread_blocked, id=35880, stack(0x00000052a7f00000,0x00000052a8000000)]
  0x000001db2b5d2170 JavaThread "Asynchronous log dispatcher for DefaultDaemonConnection: socket connection from /127.0.0.1:54032 to /127.0.0.1:54033" [_thread_blocked, id=10428, stack(0x00000052a8000000,0x00000052a8100000)]
  0x000001db2b5d4150 JavaThread "Stdin handler" [_thread_blocked, id=26804, stack(0x00000052a8100000,0x00000052a8200000)]
  0x000001db2b5d4fc0 JavaThread "Daemon client event forwarder" [_thread_blocked, id=33428, stack(0x00000052a8200000,0x00000052a8300000)]
  0x000001db2b5d4af0 JavaThread "Cache worker for journal cache (D:\Users\bmo\apps\gradle-8.4-bin\gradle-8.4\caches\journal-1)" [_thread_blocked, id=36432, stack(0x00000052a8300000,0x00000052a8400000)]
  0x000001db2b5d37b0 JavaThread "File lock request listener" [_thread_in_native, id=31176, stack(0x00000052a8400000,0x00000052a8500000)]
  0x000001db2b5d7170 JavaThread "Cache worker for file hash cache (D:\Users\bmo\apps\gradle-8.4-bin\gradle-8.4\caches\8.5\fileHashes)" [_thread_blocked, id=2764, stack(0x00000052a8500000,0x00000052a8600000)]
  0x000001db2b5d5490 JavaThread "File watcher server" daemon [_thread_in_native, id=34900, stack(0x00000052a8600000,0x00000052a8700000)]
  0x000001db2b5d3c80 JavaThread "File watcher consumer" daemon [_thread_blocked, id=15384, stack(0x00000052a8700000,0x00000052a8800000)]
  0x000001db2b5d5e30 JavaThread "Cache worker for checksums cache (D:\Users\bmo\projects\java\ProductService\.gradle\8.5\checksums)" [_thread_blocked, id=25444, stack(0x00000052a8b00000,0x00000052a8c00000)]
  0x000001db2b5d6300 JavaThread "Cache worker for file hash cache (D:\Users\bmo\projects\java\ProductService\.gradle\8.5\fileHashes)" [_thread_blocked, id=23880, stack(0x00000052a8c00000,0x00000052a8d00000)]
  0x000001db2b5d67d0 JavaThread "Cache worker for cache directory md-supplier (D:\Users\bmo\apps\gradle-8.4-bin\gradle-8.4\caches\8.5\md-supplier)" [_thread_blocked, id=34872, stack(0x00000052a8d00000,0x00000052a8e00000)]
  0x000001db2b5d6ca0 JavaThread "Cache worker for cache directory md-rule (D:\Users\bmo\apps\gradle-8.4-bin\gradle-8.4\caches\8.5\md-rule)" [_thread_blocked, id=27828, stack(0x00000052a8e00000,0x00000052a8f00000)]
  0x000001db2bf98f40 JavaThread "Cache worker for file content cache (D:\Users\bmo\apps\gradle-8.4-bin\gradle-8.4\caches\8.5\fileContent)" [_thread_blocked, id=20200, stack(0x00000052a8f00000,0x00000052a9000000)]
  0x000001db2bf998e0 JavaThread "Cache worker for execution history cache (D:\Users\bmo\apps\gradle-8.4-bin\gradle-8.4\caches\8.5\executionHistory)" [_thread_blocked, id=11912, stack(0x00000052a9000000,0x00000052a9100000)]
  0x000001db2bf99410 JavaThread "jar transforms" [_thread_blocked, id=36148, stack(0x00000052a9100000,0x00000052a9200000)]
  0x000001db2bf94be0 JavaThread "jar transforms Thread 2" [_thread_blocked, id=6956, stack(0x00000052a9200000,0x00000052a9300000)]
  0x000001db2bf95580 JavaThread "jar transforms Thread 3" [_thread_blocked, id=10168, stack(0x00000052a9300000,0x00000052a9400000)]
  0x000001db2bf963f0 JavaThread "jar transforms Thread 4" [_thread_blocked, id=20956, stack(0x00000052a9400000,0x00000052a9500000)]
  0x000001db2bf97260 JavaThread "jar transforms Thread 5" [_thread_blocked, id=10876, stack(0x00000052a9500000,0x00000052a9600000)]
  0x000001db2bf97c00 JavaThread "jar transforms Thread 6" [_thread_blocked, id=20888, stack(0x00000052a9600000,0x00000052a9700000)]
  0x000001db2bf9ba90 JavaThread "jar transforms Thread 7" [_thread_blocked, id=35268, stack(0x00000052a9700000,0x00000052a9800000)]

Other Threads:
  0x000001db7f404830 VMThread "VM Thread" [stack: 0x00000052a6700000,0x00000052a6800000] [id=35940]
  0x000001db7f74d2b0 WatcherThread [stack: 0x00000052a7300000,0x00000052a7400000] [id=33180]
  0x000001db75b53a80 GCTaskThread "GC Thread#0" [stack: 0x00000052a6200000,0x00000052a6300000] [id=1528]
  0x000001db2a6f2400 GCTaskThread "GC Thread#1" [stack: 0x00000052a7400000,0x00000052a7500000] [id=12952]
  0x000001db2a5567f0 GCTaskThread "GC Thread#2" [stack: 0x00000052a7500000,0x00000052a7600000] [id=32128]
  0x000001db2a55b640 GCTaskThread "GC Thread#3" [stack: 0x00000052a7600000,0x00000052a7700000] [id=25436]
  0x000001db2a55b8f0 GCTaskThread "GC Thread#4" [stack: 0x00000052a7700000,0x00000052a7800000] [id=25708]
  0x000001db2a55bba0 GCTaskThread "GC Thread#5" [stack: 0x00000052a7800000,0x00000052a7900000] [id=35604]
  0x000001db2bdc8ee0 GCTaskThread "GC Thread#6" [stack: 0x00000052a8800000,0x00000052a8900000] [id=14012]
  0x000001db2bdc9190 GCTaskThread "GC Thread#7" [stack: 0x00000052a8900000,0x00000052a8a00000] [id=29824]
  0x000001db75b589c0 ConcurrentGCThread "G1 Main Marker" [stack: 0x00000052a6300000,0x00000052a6400000] [id=6296]
  0x000001db75b5a3e0 ConcurrentGCThread "G1 Conc#0" [stack: 0x00000052a6400000,0x00000052a6500000] [id=34676]
  0x000001db2a656e90 ConcurrentGCThread "G1 Conc#1" [stack: 0x00000052a8a00000,0x00000052a8b00000] [id=28832]
  0x000001db75bed890 ConcurrentGCThread "G1 Refine#0" [stack: 0x00000052a6500000,0x00000052a6600000] [id=35476]
  0x000001db75bee2b0 ConcurrentGCThread "G1 Service" [stack: 0x00000052a6600000,0x00000052a6700000] [id=18120]

Threads with active compile tasks:
C2 CompilerThread0    11567 3873       4       org.codehaus.groovy.runtime.metaclass.MetaMethodIndex::addMethodToList (128 bytes)

VM state: not at safepoint (normal execution)

VM Mutex/Monitor currently owned by a thread: None

Heap address: 0x00000000e0000000, size: 512 MB, Compressed Oops mode: 32-bit

CDS archive(s) mapped at: [0x000001db11000000-0x000001db11bd0000-0x000001db11bd0000), size 12386304, SharedBaseAddress: 0x000001db11000000, ArchiveRelocationMode: 1.
Compressed class space mapped at: 0x000001db12000000-0x000001db26000000, reserved size: 335544320
Narrow klass base: 0x000001db11000000, Narrow klass shift: 0, Narrow klass range: 0x100000000

GC Precious Log:
 CPUs: 8 total, 8 available
 Memory: 7985M
 Large Page Support: Disabled
 NUMA Support: Disabled
 Compressed Oops: Enabled (32-bit)
 Heap Region Size: 1M
 Heap Min Capacity: 256M
 Heap Initial Capacity: 256M
 Heap Max Capacity: 512M
 Pre-touch: Disabled
 Parallel Workers: 8
 Concurrent Workers: 2
 Concurrent Refinement Workers: 8
 Periodic GC: Disabled

Heap:
 garbage-first heap   total 262144K, used 128668K [0x00000000e0000000, 0x0000000100000000)
  region size 1024K, 101 young (103424K), 1 survivors (1024K)
 Metaspace       used 34148K, committed 34560K, reserved 393216K
  class space    used 4713K, committed 4928K, reserved 327680K

Heap Regions: E=young(eden), S=young(survivor), O=old, HS=humongous(starts), HC=humongous(continues), CS=collection set, F=free, OA=open archive, CA=closed archive, TAMS=top-at-mark-start (previous, next)
|   0|0x00000000e0000000, 0x00000000e0100000, 0x00000000e0100000|100%|HS|  |TAMS 0x00000000e0100000, 0x00000000e0000000| Complete 
|   1|0x00000000e0100000, 0x00000000e0200000, 0x00000000e0200000|100%|HC|  |TAMS 0x00000000e0200000, 0x00000000e0100000| Complete 
|   2|0x00000000e0200000, 0x00000000e0300000, 0x00000000e0300000|100%|HC|  |TAMS 0x00000000e0300000, 0x00000000e0200000| Complete 
|   3|0x00000000e0300000, 0x00000000e0400000, 0x00000000e0400000|100%|HC|  |TAMS 0x00000000e0400000, 0x00000000e0300000| Complete 
|   4|0x00000000e0400000, 0x00000000e0500000, 0x00000000e0500000|100%| O|  |TAMS 0x00000000e0500000, 0x00000000e0400000| Untracked 
|   5|0x00000000e0500000, 0x00000000e0600000, 0x00000000e0600000|100%| O|  |TAMS 0x00000000e0600000, 0x00000000e0500000| Untracked 
|   6|0x00000000e0600000, 0x00000000e0700000, 0x00000000e0700000|100%| O|  |TAMS 0x00000000e0700000, 0x00000000e0600000| Untracked 
|   7|0x00000000e0700000, 0x00000000e0800000, 0x00000000e0800000|100%| O|  |TAMS 0x00000000e0800000, 0x00000000e0700000| Untracked 
|   8|0x00000000e0800000, 0x00000000e0900000, 0x00000000e0900000|100%| O|  |TAMS 0x00000000e0900000, 0x00000000e0800000| Complete 
|   9|0x00000000e0900000, 0x00000000e0a00000, 0x00000000e0a00000|100%| O|  |TAMS 0x00000000e0a00000, 0x00000000e0900000| Untracked 
|  10|0x00000000e0a00000, 0x00000000e0b00000, 0x00000000e0b00000|100%| O|  |TAMS 0x00000000e0a52a00, 0x00000000e0a00000| Untracked 
|  11|0x00000000e0b00000, 0x00000000e0c00000, 0x00000000e0c00000|100%| O|  |TAMS 0x00000000e0b00000, 0x00000000e0b00000| Untracked 
|  12|0x00000000e0c00000, 0x00000000e0d00000, 0x00000000e0d00000|100%| O|  |TAMS 0x00000000e0c00000, 0x00000000e0c00000| Untracked 
|  13|0x00000000e0d00000, 0x00000000e0e00000, 0x00000000e0e00000|100%| O|  |TAMS 0x00000000e0d00000, 0x00000000e0d00000| Untracked 
|  14|0x00000000e0e00000, 0x00000000e0f00000, 0x00000000e0f00000|100%| O|  |TAMS 0x00000000e0e00000, 0x00000000e0e00000| Untracked 
|  15|0x00000000e0f00000, 0x00000000e1000000, 0x00000000e1000000|100%| O|  |TAMS 0x00000000e0f00000, 0x00000000e0f00000| Untracked 
|  16|0x00000000e1000000, 0x00000000e1100000, 0x00000000e1100000|100%| O|  |TAMS 0x00000000e1000000, 0x00000000e1000000| Untracked 
|  17|0x00000000e1100000, 0x00000000e1200000, 0x00000000e1200000|100%| O|  |TAMS 0x00000000e1100000, 0x00000000e1100000| Untracked 
|  18|0x00000000e1200000, 0x00000000e1300000, 0x00000000e1300000|100%| O|  |TAMS 0x00000000e1200000, 0x00000000e1200000| Untracked 
|  19|0x00000000e1300000, 0x00000000e1400000, 0x00000000e1400000|100%| O|  |TAMS 0x00000000e1300000, 0x00000000e1300000| Untracked 
|  20|0x00000000e1400000, 0x00000000e1500000, 0x00000000e1500000|100%| O|  |TAMS 0x00000000e1400000, 0x00000000e1400000| Untracked 
|  21|0x00000000e1500000, 0x00000000e15bdc00, 0x00000000e1600000| 74%| O|  |TAMS 0x00000000e1500000, 0x00000000e1500000| Untracked 
|  22|0x00000000e1600000, 0x00000000e1700000, 0x00000000e1700000|100%|HS|  |TAMS 0x00000000e1600000, 0x00000000e1600000| Complete 
|  23|0x00000000e1700000, 0x00000000e1800000, 0x00000000e1800000|100%|HS|  |TAMS 0x00000000e1700000, 0x00000000e1700000| Complete 
|  24|0x00000000e1800000, 0x00000000e1900000, 0x00000000e1900000|100%|HC|  |TAMS 0x00000000e1800000, 0x00000000e1800000| Complete 
|  25|0x00000000e1900000, 0x00000000e1a00000, 0x00000000e1a00000|100%|HS|  |TAMS 0x00000000e1900000, 0x00000000e1900000| Complete 
|  26|0x00000000e1a00000, 0x00000000e1b00000, 0x00000000e1b00000|100%|HC|  |TAMS 0x00000000e1a00000, 0x00000000e1a00000| Complete 
|  27|0x00000000e1b00000, 0x00000000e1b00000, 0x00000000e1c00000|  0%| F|  |TAMS 0x00000000e1b00000, 0x00000000e1b00000| Untracked 
|  28|0x00000000e1c00000, 0x00000000e1c00000, 0x00000000e1d00000|  0%| F|  |TAMS 0x00000000e1c00000, 0x00000000e1c00000| Untracked 
|  29|0x00000000e1d00000, 0x00000000e1d00000, 0x00000000e1e00000|  0%| F|  |TAMS 0x00000000e1d00000, 0x00000000e1d00000| Untracked 
|  30|0x00000000e1e00000, 0x00000000e1e00000, 0x00000000e1f00000|  0%| F|  |TAMS 0x00000000e1e00000, 0x00000000e1e00000| Untracked 
|  31|0x00000000e1f00000, 0x00000000e1f00000, 0x00000000e2000000|  0%| F|  |TAMS 0x00000000e1f00000, 0x00000000e1f00000| Untracked 
|  32|0x00000000e2000000, 0x00000000e2000000, 0x00000000e2100000|  0%| F|  |TAMS 0x00000000e2000000, 0x00000000e2000000| Untracked 
|  33|0x00000000e2100000, 0x00000000e2100000, 0x00000000e2200000|  0%| F|  |TAMS 0x00000000e2100000, 0x00000000e2100000| Untracked 
|  34|0x00000000e2200000, 0x00000000e2200000, 0x00000000e2300000|  0%| F|  |TAMS 0x00000000e2200000, 0x00000000e2200000| Untracked 
|  35|0x00000000e2300000, 0x00000000e2300000, 0x00000000e2400000|  0%| F|  |TAMS 0x00000000e2300000, 0x00000000e2300000| Untracked 
|  36|0x00000000e2400000, 0x00000000e2400000, 0x00000000e2500000|  0%| F|  |TAMS 0x00000000e2400000, 0x00000000e2400000| Untracked 
|  37|0x00000000e2500000, 0x00000000e2500000, 0x00000000e2600000|  0%| F|  |TAMS 0x00000000e2500000, 0x00000000e2500000| Untracked 
|  38|0x00000000e2600000, 0x00000000e2600000, 0x00000000e2700000|  0%| F|  |TAMS 0x00000000e2600000, 0x00000000e2600000| Untracked 
|  39|0x00000000e2700000, 0x00000000e2700000, 0x00000000e2800000|  0%| F|  |TAMS 0x00000000e2700000, 0x00000000e2700000| Untracked 
|  40|0x00000000e2800000, 0x00000000e2800000, 0x00000000e2900000|  0%| F|  |TAMS 0x00000000e2800000, 0x00000000e2800000| Untracked 
|  41|0x00000000e2900000, 0x00000000e2900000, 0x00000000e2a00000|  0%| F|  |TAMS 0x00000000e2900000, 0x00000000e2900000| Untracked 
|  42|0x00000000e2a00000, 0x00000000e2a00000, 0x00000000e2b00000|  0%| F|  |TAMS 0x00000000e2a00000, 0x00000000e2a00000| Untracked 
|  43|0x00000000e2b00000, 0x00000000e2b00000, 0x00000000e2c00000|  0%| F|  |TAMS 0x00000000e2b00000, 0x00000000e2b00000| Untracked 
|  44|0x00000000e2c00000, 0x00000000e2c00000, 0x00000000e2d00000|  0%| F|  |TAMS 0x00000000e2c00000, 0x00000000e2c00000| Untracked 
|  45|0x00000000e2d00000, 0x00000000e2d00000, 0x00000000e2e00000|  0%| F|  |TAMS 0x00000000e2d00000, 0x00000000e2d00000| Untracked 
|  46|0x00000000e2e00000, 0x00000000e2e00000, 0x00000000e2f00000|  0%| F|  |TAMS 0x00000000e2e00000, 0x00000000e2e00000| Untracked 
|  47|0x00000000e2f00000, 0x00000000e2f00000, 0x00000000e3000000|  0%| F|  |TAMS 0x00000000e2f00000, 0x00000000e2f00000| Untracked 
|  48|0x00000000e3000000, 0x00000000e3000000, 0x00000000e3100000|  0%| F|  |TAMS 0x00000000e3000000, 0x00000000e3000000| Untracked 
|  49|0x00000000e3100000, 0x00000000e3100000, 0x00000000e3200000|  0%| F|  |TAMS 0x00000000e3100000, 0x00000000e3100000| Untracked 
|  50|0x00000000e3200000, 0x00000000e3200000, 0x00000000e3300000|  0%| F|  |TAMS 0x00000000e3200000, 0x00000000e3200000| Untracked 
|  51|0x00000000e3300000, 0x00000000e3300000, 0x00000000e3400000|  0%| F|  |TAMS 0x00000000e3300000, 0x00000000e3300000| Untracked 
|  52|0x00000000e3400000, 0x00000000e3400000, 0x00000000e3500000|  0%| F|  |TAMS 0x00000000e3400000, 0x00000000e3400000| Untracked 
|  53|0x00000000e3500000, 0x00000000e3500000, 0x00000000e3600000|  0%| F|  |TAMS 0x00000000e3500000, 0x00000000e3500000| Untracked 
|  54|0x00000000e3600000, 0x00000000e3600000, 0x00000000e3700000|  0%| F|  |TAMS 0x00000000e3600000, 0x00000000e3600000| Untracked 
|  55|0x00000000e3700000, 0x00000000e3700000, 0x00000000e3800000|  0%| F|  |TAMS 0x00000000e3700000, 0x00000000e3700000| Untracked 
|  56|0x00000000e3800000, 0x00000000e3800000, 0x00000000e3900000|  0%| F|  |TAMS 0x00000000e3800000, 0x00000000e3800000| Untracked 
|  57|0x00000000e3900000, 0x00000000e3900000, 0x00000000e3a00000|  0%| F|  |TAMS 0x00000000e3900000, 0x00000000e3900000| Untracked 
|  58|0x00000000e3a00000, 0x00000000e3a00000, 0x00000000e3b00000|  0%| F|  |TAMS 0x00000000e3a00000, 0x00000000e3a00000| Untracked 
|  59|0x00000000e3b00000, 0x00000000e3b00000, 0x00000000e3c00000|  0%| F|  |TAMS 0x00000000e3b00000, 0x00000000e3b00000| Untracked 
|  60|0x00000000e3c00000, 0x00000000e3c00000, 0x00000000e3d00000|  0%| F|  |TAMS 0x00000000e3c00000, 0x00000000e3c00000| Untracked 
|  61|0x00000000e3d00000, 0x00000000e3d00000, 0x00000000e3e00000|  0%| F|  |TAMS 0x00000000e3d00000, 0x00000000e3d00000| Untracked 
|  62|0x00000000e3e00000, 0x00000000e3e00000, 0x00000000e3f00000|  0%| F|  |TAMS 0x00000000e3e00000, 0x00000000e3e00000| Untracked 
|  63|0x00000000e3f00000, 0x00000000e3f00000, 0x00000000e4000000|  0%| F|  |TAMS 0x00000000e3f00000, 0x00000000e3f00000| Untracked 
|  64|0x00000000e4000000, 0x00000000e4000000, 0x00000000e4100000|  0%| F|  |TAMS 0x00000000e4000000, 0x00000000e4000000| Untracked 
|  65|0x00000000e4100000, 0x00000000e4100000, 0x00000000e4200000|  0%| F|  |TAMS 0x00000000e4100000, 0x00000000e4100000| Untracked 
|  66|0x00000000e4200000, 0x00000000e4200000, 0x00000000e4300000|  0%| F|  |TAMS 0x00000000e4200000, 0x00000000e4200000| Untracked 
|  67|0x00000000e4300000, 0x00000000e4300000, 0x00000000e4400000|  0%| F|  |TAMS 0x00000000e4300000, 0x00000000e4300000| Untracked 
|  68|0x00000000e4400000, 0x00000000e4400000, 0x00000000e4500000|  0%| F|  |TAMS 0x00000000e4400000, 0x00000000e4400000| Untracked 
|  69|0x00000000e4500000, 0x00000000e4500000, 0x00000000e4600000|  0%| F|  |TAMS 0x00000000e4500000, 0x00000000e4500000| Untracked 
|  70|0x00000000e4600000, 0x00000000e4600000, 0x00000000e4700000|  0%| F|  |TAMS 0x00000000e4600000, 0x00000000e4600000| Untracked 
|  71|0x00000000e4700000, 0x00000000e4700000, 0x00000000e4800000|  0%| F|  |TAMS 0x00000000e4700000, 0x00000000e4700000| Untracked 
|  72|0x00000000e4800000, 0x00000000e4800000, 0x00000000e4900000|  0%| F|  |TAMS 0x00000000e4800000, 0x00000000e4800000| Untracked 
|  73|0x00000000e4900000, 0x00000000e4900000, 0x00000000e4a00000|  0%| F|  |TAMS 0x00000000e4900000, 0x00000000e4900000| Untracked 
|  74|0x00000000e4a00000, 0x00000000e4a00000, 0x00000000e4b00000|  0%| F|  |TAMS 0x00000000e4a00000, 0x00000000e4a00000| Untracked 
|  75|0x00000000e4b00000, 0x00000000e4b00000, 0x00000000e4c00000|  0%| F|  |TAMS 0x00000000e4b00000, 0x00000000e4b00000| Untracked 
|  76|0x00000000e4c00000, 0x00000000e4c00000, 0x00000000e4d00000|  0%| F|  |TAMS 0x00000000e4c00000, 0x00000000e4c00000| Untracked 
|  77|0x00000000e4d00000, 0x00000000e4d00000, 0x00000000e4e00000|  0%| F|  |TAMS 0x00000000e4d00000, 0x00000000e4d00000| Untracked 
|  78|0x00000000e4e00000, 0x00000000e4e00000, 0x00000000e4f00000|  0%| F|  |TAMS 0x00000000e4e00000, 0x00000000e4e00000| Untracked 
|  79|0x00000000e4f00000, 0x00000000e4f00000, 0x00000000e5000000|  0%| F|  |TAMS 0x00000000e4f00000, 0x00000000e4f00000| Untracked 
|  80|0x00000000e5000000, 0x00000000e5000000, 0x00000000e5100000|  0%| F|  |TAMS 0x00000000e5000000, 0x00000000e5000000| Untracked 
|  81|0x00000000e5100000, 0x00000000e5100000, 0x00000000e5200000|  0%| F|  |TAMS 0x00000000e5100000, 0x00000000e5100000| Untracked 
|  82|0x00000000e5200000, 0x00000000e5200000, 0x00000000e5300000|  0%| F|  |TAMS 0x00000000e5200000, 0x00000000e5200000| Untracked 
|  83|0x00000000e5300000, 0x00000000e5300000, 0x00000000e5400000|  0%| F|  |TAMS 0x00000000e5300000, 0x00000000e5300000| Untracked 
|  84|0x00000000e5400000, 0x00000000e5400000, 0x00000000e5500000|  0%| F|  |TAMS 0x00000000e5400000, 0x00000000e5400000| Untracked 
|  85|0x00000000e5500000, 0x00000000e5500000, 0x00000000e5600000|  0%| F|  |TAMS 0x00000000e5500000, 0x00000000e5500000| Untracked 
|  86|0x00000000e5600000, 0x00000000e5600000, 0x00000000e5700000|  0%| F|  |TAMS 0x00000000e5600000, 0x00000000e5600000| Untracked 
|  87|0x00000000e5700000, 0x00000000e5700000, 0x00000000e5800000|  0%| F|  |TAMS 0x00000000e5700000, 0x00000000e5700000| Untracked 
|  88|0x00000000e5800000, 0x00000000e5800000, 0x00000000e5900000|  0%| F|  |TAMS 0x00000000e5800000, 0x00000000e5800000| Untracked 
|  89|0x00000000e5900000, 0x00000000e5900000, 0x00000000e5a00000|  0%| F|  |TAMS 0x00000000e5900000, 0x00000000e5900000| Untracked 
|  90|0x00000000e5a00000, 0x00000000e5a00000, 0x00000000e5b00000|  0%| F|  |TAMS 0x00000000e5a00000, 0x00000000e5a00000| Untracked 
|  91|0x00000000e5b00000, 0x00000000e5b00000, 0x00000000e5c00000|  0%| F|  |TAMS 0x00000000e5b00000, 0x00000000e5b00000| Untracked 
|  92|0x00000000e5c00000, 0x00000000e5c00000, 0x00000000e5d00000|  0%| F|  |TAMS 0x00000000e5c00000, 0x00000000e5c00000| Untracked 
|  93|0x00000000e5d00000, 0x00000000e5d00000, 0x00000000e5e00000|  0%| F|  |TAMS 0x00000000e5d00000, 0x00000000e5d00000| Untracked 
|  94|0x00000000e5e00000, 0x00000000e5e00000, 0x00000000e5f00000|  0%| F|  |TAMS 0x00000000e5e00000, 0x00000000e5e00000| Untracked 
|  95|0x00000000e5f00000, 0x00000000e5f00000, 0x00000000e6000000|  0%| F|  |TAMS 0x00000000e5f00000, 0x00000000e5f00000| Untracked 
|  96|0x00000000e6000000, 0x00000000e6000000, 0x00000000e6100000|  0%| F|  |TAMS 0x00000000e6000000, 0x00000000e6000000| Untracked 
|  97|0x00000000e6100000, 0x00000000e6100000, 0x00000000e6200000|  0%| F|  |TAMS 0x00000000e6100000, 0x00000000e6100000| Untracked 
|  98|0x00000000e6200000, 0x00000000e6200000, 0x00000000e6300000|  0%| F|  |TAMS 0x00000000e6200000, 0x00000000e6200000| Untracked 
|  99|0x00000000e6300000, 0x00000000e6300000, 0x00000000e6400000|  0%| F|  |TAMS 0x00000000e6300000, 0x00000000e6300000| Untracked 
| 100|0x00000000e6400000, 0x00000000e6400000, 0x00000000e6500000|  0%| F|  |TAMS 0x00000000e6400000, 0x00000000e6400000| Untracked 
| 101|0x00000000e6500000, 0x00000000e6500000, 0x00000000e6600000|  0%| F|  |TAMS 0x00000000e6500000, 0x00000000e6500000| Untracked 
| 102|0x00000000e6600000, 0x00000000e6600000, 0x00000000e6700000|  0%| F|  |TAMS 0x00000000e6600000, 0x00000000e6600000| Untracked 
| 103|0x00000000e6700000, 0x00000000e6700000, 0x00000000e6800000|  0%| F|  |TAMS 0x00000000e6700000, 0x00000000e6700000| Untracked 
| 104|0x00000000e6800000, 0x00000000e6800000, 0x00000000e6900000|  0%| F|  |TAMS 0x00000000e6800000, 0x00000000e6800000| Untracked 
| 105|0x00000000e6900000, 0x00000000e6900000, 0x00000000e6a00000|  0%| F|  |TAMS 0x00000000e6900000, 0x00000000e6900000| Untracked 
| 106|0x00000000e6a00000, 0x00000000e6a00000, 0x00000000e6b00000|  0%| F|  |TAMS 0x00000000e6a00000, 0x00000000e6a00000| Untracked 
| 107|0x00000000e6b00000, 0x00000000e6b00000, 0x00000000e6c00000|  0%| F|  |TAMS 0x00000000e6b00000, 0x00000000e6b00000| Untracked 
| 108|0x00000000e6c00000, 0x00000000e6c00000, 0x00000000e6d00000|  0%| F|  |TAMS 0x00000000e6c00000, 0x00000000e6c00000| Untracked 
| 109|0x00000000e6d00000, 0x00000000e6d00000, 0x00000000e6e00000|  0%| F|  |TAMS 0x00000000e6d00000, 0x00000000e6d00000| Untracked 
| 110|0x00000000e6e00000, 0x00000000e6e00000, 0x00000000e6f00000|  0%| F|  |TAMS 0x00000000e6e00000, 0x00000000e6e00000| Untracked 
| 111|0x00000000e6f00000, 0x00000000e6f00000, 0x00000000e7000000|  0%| F|  |TAMS 0x00000000e6f00000, 0x00000000e6f00000| Untracked 
| 112|0x00000000e7000000, 0x00000000e7000000, 0x00000000e7100000|  0%| F|  |TAMS 0x00000000e7000000, 0x00000000e7000000| Untracked 
| 113|0x00000000e7100000, 0x00000000e7100000, 0x00000000e7200000|  0%| F|  |TAMS 0x00000000e7100000, 0x00000000e7100000| Untracked 
| 114|0x00000000e7200000, 0x00000000e7200000, 0x00000000e7300000|  0%| F|  |TAMS 0x00000000e7200000, 0x00000000e7200000| Untracked 
| 115|0x00000000e7300000, 0x00000000e7300000, 0x00000000e7400000|  0%| F|  |TAMS 0x00000000e7300000, 0x00000000e7300000| Untracked 
| 116|0x00000000e7400000, 0x00000000e7400000, 0x00000000e7500000|  0%| F|  |TAMS 0x00000000e7400000, 0x00000000e7400000| Untracked 
| 117|0x00000000e7500000, 0x00000000e7500000, 0x00000000e7600000|  0%| F|  |TAMS 0x00000000e7500000, 0x00000000e7500000| Untracked 
| 118|0x00000000e7600000, 0x00000000e7600000, 0x00000000e7700000|  0%| F|  |TAMS 0x00000000e7600000, 0x00000000e7600000| Untracked 
| 119|0x00000000e7700000, 0x00000000e7700000, 0x00000000e7800000|  0%| F|  |TAMS 0x00000000e7700000, 0x00000000e7700000| Untracked 
| 120|0x00000000e7800000, 0x00000000e7800000, 0x00000000e7900000|  0%| F|  |TAMS 0x00000000e7800000, 0x00000000e7800000| Untracked 
| 121|0x00000000e7900000, 0x00000000e7900000, 0x00000000e7a00000|  0%| F|  |TAMS 0x00000000e7900000, 0x00000000e7900000| Untracked 
| 122|0x00000000e7a00000, 0x00000000e7a00000, 0x00000000e7b00000|  0%| F|  |TAMS 0x00000000e7a00000, 0x00000000e7a00000| Untracked 
| 123|0x00000000e7b00000, 0x00000000e7b00000, 0x00000000e7c00000|  0%| F|  |TAMS 0x00000000e7b00000, 0x00000000e7b00000| Untracked 
| 124|0x00000000e7c00000, 0x00000000e7c00000, 0x00000000e7d00000|  0%| F|  |TAMS 0x00000000e7c00000, 0x00000000e7c00000| Untracked 
| 125|0x00000000e7d00000, 0x00000000e7d00000, 0x00000000e7e00000|  0%| F|  |TAMS 0x00000000e7d00000, 0x00000000e7d00000| Untracked 
| 126|0x00000000e7e00000, 0x00000000e7e00000, 0x00000000e7f00000|  0%| F|  |TAMS 0x00000000e7e00000, 0x00000000e7e00000| Untracked 
| 127|0x00000000e7f00000, 0x00000000e7f00000, 0x00000000e8000000|  0%| F|  |TAMS 0x00000000e7f00000, 0x00000000e7f00000| Untracked 
| 128|0x00000000e8000000, 0x00000000e8000000, 0x00000000e8100000|  0%| F|  |TAMS 0x00000000e8000000, 0x00000000e8000000| Untracked 
| 129|0x00000000e8100000, 0x00000000e8100000, 0x00000000e8200000|  0%| F|  |TAMS 0x00000000e8100000, 0x00000000e8100000| Untracked 
| 130|0x00000000e8200000, 0x00000000e8200000, 0x00000000e8300000|  0%| F|  |TAMS 0x00000000e8200000, 0x00000000e8200000| Untracked 
| 131|0x00000000e8300000, 0x00000000e8300000, 0x00000000e8400000|  0%| F|  |TAMS 0x00000000e8300000, 0x00000000e8300000| Untracked 
| 132|0x00000000e8400000, 0x00000000e8400000, 0x00000000e8500000|  0%| F|  |TAMS 0x00000000e8400000, 0x00000000e8400000| Untracked 
| 133|0x00000000e8500000, 0x00000000e8500000, 0x00000000e8600000|  0%| F|  |TAMS 0x00000000e8500000, 0x00000000e8500000| Untracked 
| 134|0x00000000e8600000, 0x00000000e8600000, 0x00000000e8700000|  0%| F|  |TAMS 0x00000000e8600000, 0x00000000e8600000| Untracked 
| 135|0x00000000e8700000, 0x00000000e8700000, 0x00000000e8800000|  0%| F|  |TAMS 0x00000000e8700000, 0x00000000e8700000| Untracked 
| 136|0x00000000e8800000, 0x00000000e8800000, 0x00000000e8900000|  0%| F|  |TAMS 0x00000000e8800000, 0x00000000e8800000| Untracked 
| 137|0x00000000e8900000, 0x00000000e8900000, 0x00000000e8a00000|  0%| F|  |TAMS 0x00000000e8900000, 0x00000000e8900000| Untracked 
| 138|0x00000000e8a00000, 0x00000000e8a00000, 0x00000000e8b00000|  0%| F|  |TAMS 0x00000000e8a00000, 0x00000000e8a00000| Untracked 
| 139|0x00000000e8b00000, 0x00000000e8b00000, 0x00000000e8c00000|  0%| F|  |TAMS 0x00000000e8b00000, 0x00000000e8b00000| Untracked 
| 140|0x00000000e8c00000, 0x00000000e8c00000, 0x00000000e8d00000|  0%| F|  |TAMS 0x00000000e8c00000, 0x00000000e8c00000| Untracked 
| 141|0x00000000e8d00000, 0x00000000e8d00000, 0x00000000e8e00000|  0%| F|  |TAMS 0x00000000e8d00000, 0x00000000e8d00000| Untracked 
| 142|0x00000000e8e00000, 0x00000000e8e00000, 0x00000000e8f00000|  0%| F|  |TAMS 0x00000000e8e00000, 0x00000000e8e00000| Untracked 
| 143|0x00000000e8f00000, 0x00000000e8f00000, 0x00000000e9000000|  0%| F|  |TAMS 0x00000000e8f00000, 0x00000000e8f00000| Untracked 
| 144|0x00000000e9000000, 0x00000000e9000000, 0x00000000e9100000|  0%| F|  |TAMS 0x00000000e9000000, 0x00000000e9000000| Untracked 
| 145|0x00000000e9100000, 0x00000000e9100000, 0x00000000e9200000|  0%| F|  |TAMS 0x00000000e9100000, 0x00000000e9100000| Untracked 
| 146|0x00000000e9200000, 0x00000000e9200000, 0x00000000e9300000|  0%| F|  |TAMS 0x00000000e9200000, 0x00000000e9200000| Untracked 
| 147|0x00000000e9300000, 0x00000000e9300000, 0x00000000e9400000|  0%| F|  |TAMS 0x00000000e9300000, 0x00000000e9300000| Untracked 
| 148|0x00000000e9400000, 0x00000000e9400000, 0x00000000e9500000|  0%| F|  |TAMS 0x00000000e9400000, 0x00000000e9400000| Untracked 
| 149|0x00000000e9500000, 0x00000000e9500000, 0x00000000e9600000|  0%| F|  |TAMS 0x00000000e9500000, 0x00000000e9500000| Untracked 
| 150|0x00000000e9600000, 0x00000000e9600000, 0x00000000e9700000|  0%| F|  |TAMS 0x00000000e9600000, 0x00000000e9600000| Untracked 
| 151|0x00000000e9700000, 0x00000000e9700000, 0x00000000e9800000|  0%| F|  |TAMS 0x00000000e9700000, 0x00000000e9700000| Untracked 
| 152|0x00000000e9800000, 0x00000000e9800000, 0x00000000e9900000|  0%| F|  |TAMS 0x00000000e9800000, 0x00000000e9800000| Untracked 
| 153|0x00000000e9900000, 0x00000000e9900000, 0x00000000e9a00000|  0%| F|  |TAMS 0x00000000e9900000, 0x00000000e9900000| Untracked 
| 154|0x00000000e9a00000, 0x00000000e9a00000, 0x00000000e9b00000|  0%| F|  |TAMS 0x00000000e9a00000, 0x00000000e9a00000| Untracked 
| 155|0x00000000e9b00000, 0x00000000e9c00000, 0x00000000e9c00000|100%| E|  |TAMS 0x00000000e9b00000, 0x00000000e9b00000| Complete 
| 156|0x00000000e9c00000, 0x00000000e9d00000, 0x00000000e9d00000|100%| E|CS|TAMS 0x00000000e9c00000, 0x00000000e9c00000| Complete 
| 157|0x00000000e9d00000, 0x00000000e9e00000, 0x00000000e9e00000|100%| E|CS|TAMS 0x00000000e9d00000, 0x00000000e9d00000| Complete 
| 158|0x00000000e9e00000, 0x00000000e9f00000, 0x00000000e9f00000|100%| E|CS|TAMS 0x00000000e9e00000, 0x00000000e9e00000| Complete 
| 159|0x00000000e9f00000, 0x00000000ea000000, 0x00000000ea000000|100%| E|CS|TAMS 0x00000000e9f00000, 0x00000000e9f00000| Complete 
| 160|0x00000000ea000000, 0x00000000ea100000, 0x00000000ea100000|100%| E|CS|TAMS 0x00000000ea000000, 0x00000000ea000000| Complete 
| 161|0x00000000ea100000, 0x00000000ea200000, 0x00000000ea200000|100%| E|CS|TAMS 0x00000000ea100000, 0x00000000ea100000| Complete 
| 162|0x00000000ea200000, 0x00000000ea300000, 0x00000000ea300000|100%| E|CS|TAMS 0x00000000ea200000, 0x00000000ea200000| Complete 
| 163|0x00000000ea300000, 0x00000000ea400000, 0x00000000ea400000|100%| E|CS|TAMS 0x00000000ea300000, 0x00000000ea300000| Complete 
| 164|0x00000000ea400000, 0x00000000ea500000, 0x00000000ea500000|100%| E|CS|TAMS 0x00000000ea400000, 0x00000000ea400000| Complete 
| 165|0x00000000ea500000, 0x00000000ea600000, 0x00000000ea600000|100%| E|CS|TAMS 0x00000000ea500000, 0x00000000ea500000| Complete 
| 166|0x00000000ea600000, 0x00000000ea700000, 0x00000000ea700000|100%| E|CS|TAMS 0x00000000ea600000, 0x00000000ea600000| Complete 
| 167|0x00000000ea700000, 0x00000000ea800000, 0x00000000ea800000|100%| E|CS|TAMS 0x00000000ea700000, 0x00000000ea700000| Complete 
| 168|0x00000000ea800000, 0x00000000ea900000, 0x00000000ea900000|100%| E|CS|TAMS 0x00000000ea800000, 0x00000000ea800000| Complete 
| 169|0x00000000ea900000, 0x00000000eaa00000, 0x00000000eaa00000|100%| E|CS|TAMS 0x00000000ea900000, 0x00000000ea900000| Complete 
| 170|0x00000000eaa00000, 0x00000000eab00000, 0x00000000eab00000|100%| E|CS|TAMS 0x00000000eaa00000, 0x00000000eaa00000| Complete 
| 171|0x00000000eab00000, 0x00000000eac00000, 0x00000000eac00000|100%| E|CS|TAMS 0x00000000eab00000, 0x00000000eab00000| Complete 
| 172|0x00000000eac00000, 0x00000000ead00000, 0x00000000ead00000|100%| E|CS|TAMS 0x00000000eac00000, 0x00000000eac00000| Complete 
| 173|0x00000000ead00000, 0x00000000eae00000, 0x00000000eae00000|100%| E|CS|TAMS 0x00000000ead00000, 0x00000000ead00000| Complete 
| 174|0x00000000eae00000, 0x00000000eaf00000, 0x00000000eaf00000|100%| E|CS|TAMS 0x00000000eae00000, 0x00000000eae00000| Complete 
| 175|0x00000000eaf00000, 0x00000000eb000000, 0x00000000eb000000|100%| E|CS|TAMS 0x00000000eaf00000, 0x00000000eaf00000| Complete 
| 176|0x00000000eb000000, 0x00000000eb100000, 0x00000000eb100000|100%| E|CS|TAMS 0x00000000eb000000, 0x00000000eb000000| Complete 
| 177|0x00000000eb100000, 0x00000000eb200000, 0x00000000eb200000|100%| E|CS|TAMS 0x00000000eb100000, 0x00000000eb100000| Complete 
| 178|0x00000000eb200000, 0x00000000eb300000, 0x00000000eb300000|100%| E|CS|TAMS 0x00000000eb200000, 0x00000000eb200000| Complete 
| 179|0x00000000eb300000, 0x00000000eb400000, 0x00000000eb400000|100%| E|CS|TAMS 0x00000000eb300000, 0x00000000eb300000| Complete 
| 180|0x00000000eb400000, 0x00000000eb500000, 0x00000000eb500000|100%| E|CS|TAMS 0x00000000eb400000, 0x00000000eb400000| Complete 
| 181|0x00000000eb500000, 0x00000000eb600000, 0x00000000eb600000|100%| E|CS|TAMS 0x00000000eb500000, 0x00000000eb500000| Complete 
| 182|0x00000000eb600000, 0x00000000eb700000, 0x00000000eb700000|100%| E|CS|TAMS 0x00000000eb600000, 0x00000000eb600000| Complete 
| 183|0x00000000eb700000, 0x00000000eb800000, 0x00000000eb800000|100%| E|CS|TAMS 0x00000000eb700000, 0x00000000eb700000| Complete 
| 184|0x00000000eb800000, 0x00000000eb900000, 0x00000000eb900000|100%| E|CS|TAMS 0x00000000eb800000, 0x00000000eb800000| Complete 
| 185|0x00000000eb900000, 0x00000000eba00000, 0x00000000eba00000|100%| E|CS|TAMS 0x00000000eb900000, 0x00000000eb900000| Complete 
| 186|0x00000000eba00000, 0x00000000ebb00000, 0x00000000ebb00000|100%| E|CS|TAMS 0x00000000eba00000, 0x00000000eba00000| Complete 
| 187|0x00000000ebb00000, 0x00000000ebc00000, 0x00000000ebc00000|100%| E|CS|TAMS 0x00000000ebb00000, 0x00000000ebb00000| Complete 
| 188|0x00000000ebc00000, 0x00000000ebd00000, 0x00000000ebd00000|100%| E|CS|TAMS 0x00000000ebc00000, 0x00000000ebc00000| Complete 
| 189|0x00000000ebd00000, 0x00000000ebe00000, 0x00000000ebe00000|100%| E|CS|TAMS 0x00000000ebd00000, 0x00000000ebd00000| Complete 
| 190|0x00000000ebe00000, 0x00000000ebf00000, 0x00000000ebf00000|100%| E|CS|TAMS 0x00000000ebe00000, 0x00000000ebe00000| Complete 
| 191|0x00000000ebf00000, 0x00000000ec000000, 0x00000000ec000000|100%| E|CS|TAMS 0x00000000ebf00000, 0x00000000ebf00000| Complete 
| 192|0x00000000ec000000, 0x00000000ec100000, 0x00000000ec100000|100%| E|CS|TAMS 0x00000000ec000000, 0x00000000ec000000| Complete 
| 193|0x00000000ec100000, 0x00000000ec200000, 0x00000000ec200000|100%| E|CS|TAMS 0x00000000ec100000, 0x00000000ec100000| Complete 
| 194|0x00000000ec200000, 0x00000000ec300000, 0x00000000ec300000|100%| E|CS|TAMS 0x00000000ec200000, 0x00000000ec200000| Complete 
| 195|0x00000000ec300000, 0x00000000ec400000, 0x00000000ec400000|100%| E|  |TAMS 0x00000000ec300000, 0x00000000ec300000| Complete 
| 196|0x00000000ec400000, 0x00000000ec500000, 0x00000000ec500000|100%| E|CS|TAMS 0x00000000ec400000, 0x00000000ec400000| Complete 
| 197|0x00000000ec500000, 0x00000000ec600000, 0x00000000ec600000|100%| E|CS|TAMS 0x00000000ec500000, 0x00000000ec500000| Complete 
| 198|0x00000000ec600000, 0x00000000ec700000, 0x00000000ec700000|100%| E|CS|TAMS 0x00000000ec600000, 0x00000000ec600000| Complete 
| 199|0x00000000ec700000, 0x00000000ec800000, 0x00000000ec800000|100%| E|CS|TAMS 0x00000000ec700000, 0x00000000ec700000| Complete 
| 200|0x00000000ec800000, 0x00000000ec900000, 0x00000000ec900000|100%| E|CS|TAMS 0x00000000ec800000, 0x00000000ec800000| Complete 
| 201|0x00000000ec900000, 0x00000000eca00000, 0x00000000eca00000|100%| E|CS|TAMS 0x00000000ec900000, 0x00000000ec900000| Complete 
| 202|0x00000000eca00000, 0x00000000ecb00000, 0x00000000ecb00000|100%| E|CS|TAMS 0x00000000eca00000, 0x00000000eca00000| Complete 
| 203|0x00000000ecb00000, 0x00000000ecc00000, 0x00000000ecc00000|100%| E|CS|TAMS 0x00000000ecb00000, 0x00000000ecb00000| Complete 
| 204|0x00000000ecc00000, 0x00000000ecd00000, 0x00000000ecd00000|100%| E|CS|TAMS 0x00000000ecc00000, 0x00000000ecc00000| Complete 
| 205|0x00000000ecd00000, 0x00000000ece00000, 0x00000000ece00000|100%| E|CS|TAMS 0x00000000ecd00000, 0x00000000ecd00000| Complete 
| 206|0x00000000ece00000, 0x00000000ecf00000, 0x00000000ecf00000|100%| E|CS|TAMS 0x00000000ece00000, 0x00000000ece00000| Complete 
| 207|0x00000000ecf00000, 0x00000000ed000000, 0x00000000ed000000|100%| E|CS|TAMS 0x00000000ecf00000, 0x00000000ecf00000| Complete 
| 208|0x00000000ed000000, 0x00000000ed100000, 0x00000000ed100000|100%| E|CS|TAMS 0x00000000ed000000, 0x00000000ed000000| Complete 
| 209|0x00000000ed100000, 0x00000000ed200000, 0x00000000ed200000|100%| E|CS|TAMS 0x00000000ed100000, 0x00000000ed100000| Complete 
| 210|0x00000000ed200000, 0x00000000ed300000, 0x00000000ed300000|100%| E|CS|TAMS 0x00000000ed200000, 0x00000000ed200000| Complete 
| 211|0x00000000ed300000, 0x00000000ed400000, 0x00000000ed400000|100%| E|CS|TAMS 0x00000000ed300000, 0x00000000ed300000| Complete 
| 212|0x00000000ed400000, 0x00000000ed500000, 0x00000000ed500000|100%| E|CS|TAMS 0x00000000ed400000, 0x00000000ed400000| Complete 
| 213|0x00000000ed500000, 0x00000000ed600000, 0x00000000ed600000|100%| E|CS|TAMS 0x00000000ed500000, 0x00000000ed500000| Complete 
| 214|0x00000000ed600000, 0x00000000ed700000, 0x00000000ed700000|100%| E|CS|TAMS 0x00000000ed600000, 0x00000000ed600000| Complete 
| 215|0x00000000ed700000, 0x00000000ed800000, 0x00000000ed800000|100%| E|CS|TAMS 0x00000000ed700000, 0x00000000ed700000| Complete 
| 216|0x00000000ed800000, 0x00000000ed900000, 0x00000000ed900000|100%| E|CS|TAMS 0x00000000ed800000, 0x00000000ed800000| Complete 
| 217|0x00000000ed900000, 0x00000000eda00000, 0x00000000eda00000|100%| E|CS|TAMS 0x00000000ed900000, 0x00000000ed900000| Complete 
| 218|0x00000000eda00000, 0x00000000edb00000, 0x00000000edb00000|100%| E|CS|TAMS 0x00000000eda00000, 0x00000000eda00000| Complete 
| 219|0x00000000edb00000, 0x00000000edc00000, 0x00000000edc00000|100%| E|CS|TAMS 0x00000000edb00000, 0x00000000edb00000| Complete 
| 220|0x00000000edc00000, 0x00000000edd00000, 0x00000000edd00000|100%| E|CS|TAMS 0x00000000edc00000, 0x00000000edc00000| Complete 
| 221|0x00000000edd00000, 0x00000000ede00000, 0x00000000ede00000|100%| E|CS|TAMS 0x00000000edd00000, 0x00000000edd00000| Complete 
| 222|0x00000000ede00000, 0x00000000edf00000, 0x00000000edf00000|100%| E|CS|TAMS 0x00000000ede00000, 0x00000000ede00000| Complete 
| 223|0x00000000edf00000, 0x00000000ee000000, 0x00000000ee000000|100%| E|CS|TAMS 0x00000000edf00000, 0x00000000edf00000| Complete 
| 224|0x00000000ee000000, 0x00000000ee100000, 0x00000000ee100000|100%| E|CS|TAMS 0x00000000ee000000, 0x00000000ee000000| Complete 
| 225|0x00000000ee100000, 0x00000000ee200000, 0x00000000ee200000|100%| E|CS|TAMS 0x00000000ee100000, 0x00000000ee100000| Complete 
| 226|0x00000000ee200000, 0x00000000ee300000, 0x00000000ee300000|100%| E|CS|TAMS 0x00000000ee200000, 0x00000000ee200000| Complete 
| 227|0x00000000ee300000, 0x00000000ee400000, 0x00000000ee400000|100%| E|CS|TAMS 0x00000000ee300000, 0x00000000ee300000| Complete 
| 228|0x00000000ee400000, 0x00000000ee500000, 0x00000000ee500000|100%| E|CS|TAMS 0x00000000ee400000, 0x00000000ee400000| Complete 
| 229|0x00000000ee500000, 0x00000000ee600000, 0x00000000ee600000|100%| E|CS|TAMS 0x00000000ee500000, 0x00000000ee500000| Complete 
| 230|0x00000000ee600000, 0x00000000ee700000, 0x00000000ee700000|100%| E|CS|TAMS 0x00000000ee600000, 0x00000000ee600000| Complete 
| 231|0x00000000ee700000, 0x00000000ee800000, 0x00000000ee800000|100%| E|CS|TAMS 0x00000000ee700000, 0x00000000ee700000| Complete 
| 232|0x00000000ee800000, 0x00000000ee900000, 0x00000000ee900000|100%| E|CS|TAMS 0x00000000ee800000, 0x00000000ee800000| Complete 
| 233|0x00000000ee900000, 0x00000000eea00000, 0x00000000eea00000|100%| E|CS|TAMS 0x00000000ee900000, 0x00000000ee900000| Complete 
| 234|0x00000000eea00000, 0x00000000eeb00000, 0x00000000eeb00000|100%| E|CS|TAMS 0x00000000eea00000, 0x00000000eea00000| Complete 
| 235|0x00000000eeb00000, 0x00000000eec00000, 0x00000000eec00000|100%| E|CS|TAMS 0x00000000eeb00000, 0x00000000eeb00000| Complete 
| 236|0x00000000eec00000, 0x00000000eed00000, 0x00000000eed00000|100%| E|CS|TAMS 0x00000000eec00000, 0x00000000eec00000| Complete 
| 237|0x00000000eed00000, 0x00000000eee00000, 0x00000000eee00000|100%| E|CS|TAMS 0x00000000eed00000, 0x00000000eed00000| Complete 
| 238|0x00000000eee00000, 0x00000000eef00000, 0x00000000eef00000|100%| E|CS|TAMS 0x00000000eee00000, 0x00000000eee00000| Complete 
| 239|0x00000000eef00000, 0x00000000ef000000, 0x00000000ef000000|100%| E|CS|TAMS 0x00000000eef00000, 0x00000000eef00000| Complete 
| 240|0x00000000ef000000, 0x00000000ef100000, 0x00000000ef100000|100%| E|CS|TAMS 0x00000000ef000000, 0x00000000ef000000| Complete 
| 241|0x00000000ef100000, 0x00000000ef200000, 0x00000000ef200000|100%| E|CS|TAMS 0x00000000ef100000, 0x00000000ef100000| Complete 
| 242|0x00000000ef200000, 0x00000000ef300000, 0x00000000ef300000|100%| E|CS|TAMS 0x00000000ef200000, 0x00000000ef200000| Complete 
| 243|0x00000000ef300000, 0x00000000ef400000, 0x00000000ef400000|100%| E|CS|TAMS 0x00000000ef300000, 0x00000000ef300000| Complete 
| 244|0x00000000ef400000, 0x00000000ef500000, 0x00000000ef500000|100%| E|CS|TAMS 0x00000000ef400000, 0x00000000ef400000| Complete 
| 245|0x00000000ef500000, 0x00000000ef5e9460, 0x00000000ef600000| 91%| S|CS|TAMS 0x00000000ef500000, 0x00000000ef500000| Complete 
| 246|0x00000000ef600000, 0x00000000ef700000, 0x00000000ef700000|100%| E|CS|TAMS 0x00000000ef600000, 0x00000000ef600000| Complete 
| 247|0x00000000ef700000, 0x00000000ef800000, 0x00000000ef800000|100%| E|CS|TAMS 0x00000000ef700000, 0x00000000ef700000| Complete 
| 248|0x00000000ef800000, 0x00000000ef900000, 0x00000000ef900000|100%| E|CS|TAMS 0x00000000ef800000, 0x00000000ef800000| Complete 
| 249|0x00000000ef900000, 0x00000000efa00000, 0x00000000efa00000|100%| E|CS|TAMS 0x00000000ef900000, 0x00000000ef900000| Complete 
| 250|0x00000000efa00000, 0x00000000efb00000, 0x00000000efb00000|100%| E|CS|TAMS 0x00000000efa00000, 0x00000000efa00000| Complete 
| 251|0x00000000efb00000, 0x00000000efc00000, 0x00000000efc00000|100%| E|CS|TAMS 0x00000000efb00000, 0x00000000efb00000| Complete 
| 252|0x00000000efc00000, 0x00000000efd00000, 0x00000000efd00000|100%| E|CS|TAMS 0x00000000efc00000, 0x00000000efc00000| Complete 
| 253|0x00000000efd00000, 0x00000000efe00000, 0x00000000efe00000|100%| E|CS|TAMS 0x00000000efd00000, 0x00000000efd00000| Complete 
| 254|0x00000000efe00000, 0x00000000eff00000, 0x00000000eff00000|100%| E|CS|TAMS 0x00000000efe00000, 0x00000000efe00000| Complete 
| 255|0x00000000eff00000, 0x00000000f0000000, 0x00000000f0000000|100%| E|CS|TAMS 0x00000000eff00000, 0x00000000eff00000| Complete 

Card table byte_map: [0x000001db7d7f0000,0x000001db7d8f0000] _byte_map_base: 0x000001db7d0f0000

Marking Bits (Prev, Next): (CMBitMap*) 0x000001db75b540d0, (CMBitMap*) 0x000001db75b54090
 Prev Bits: [0x000001db7e1f0000, 0x000001db7e9f0000)
 Next Bits: [0x000001db7d9f0000, 0x000001db7e1f0000)

Polling page: 0x000001db752f0000

Metaspace:

Usage:
  Non-class:     28.75 MB used.
      Class:      4.60 MB used.
       Both:     33.36 MB used.

Virtual space:
  Non-class space:       64.00 MB reserved,      29.00 MB ( 45%) committed,  1 nodes.
      Class space:      320.00 MB reserved,       4.81 MB (  2%) committed,  1 nodes.
             Both:      384.00 MB reserved,      33.81 MB (  9%) committed. 

Chunk freelists:
   Non-Class:  2.50 MB
       Class:  11.17 MB
        Both:  13.67 MB

MaxMetaspaceSize: 384.00 MB
CompressedClassSpaceSize: 320.00 MB
Initial GC threshold: 21.00 MB
Current GC threshold: 35.12 MB
CDS: on
MetaspaceReclaimPolicy: balanced
 - commit_granule_bytes: 65536.
 - commit_granule_words: 8192.
 - virtual_space_node_default_size: 8388608.
 - enlarge_chunks_in_place: 1.
 - new_chunks_are_fully_committed: 0.
 - uncommit_free_chunks: 1.
 - use_allocation_guard: 0.
 - handle_deallocations: 1.


Internal statistics:

num_allocs_failed_limit: 3.
num_arena_births: 348.
num_arena_deaths: 0.
num_vsnodes_births: 2.
num_vsnodes_deaths: 0.
num_space_committed: 541.
num_space_uncommitted: 0.
num_chunks_returned_to_freelist: 3.
num_chunks_taken_from_freelist: 1555.
num_chunk_merges: 3.
num_chunk_splits: 1059.
num_chunks_enlarged: 765.
num_purges: 0.
num_inconsistent_stats: 0.

CodeHeap 'non-profiled nmethods': size=120000Kb used=2002Kb max_used=2002Kb free=117997Kb
 bounds [0x000001db07ad0000, 0x000001db07d40000, 0x000001db0f000000]
CodeHeap 'profiled nmethods': size=120000Kb used=8391Kb max_used=8391Kb free=111608Kb
 bounds [0x000001db00000000, 0x000001db00840000, 0x000001db07530000]
CodeHeap 'non-nmethods': size=5760Kb used=2288Kb max_used=2330Kb free=3471Kb
 bounds [0x000001db07530000, 0x000001db077a0000, 0x000001db07ad0000]
 total_blobs=4733 nmethods=3937 adapters=707
 compilation: enabled
              stopped_count=0, restarted_count=0
 full_count=0

Compilation events (20 events):
Event: 11.505 Thread 0x000001db7f438b00 3909       3       org.gradle.internal.instantiation.generator.AbstractClassGenerator$PropertyMetadata::lambda$findAnnotation$1 (6 bytes)
Event: 11.506 Thread 0x000001db7f438b00 nmethod 3909 0x000001db0081b510 code [0x000001db0081b740, 0x000001db0081bf68]
Event: 11.506 Thread 0x000001db7f438b00 3910       3       org.gradle.internal.instantiation.generator.AbstractClassGenerator$PropertyMetadata::getterAnnotationOf (12 bytes)
Event: 11.506 Thread 0x000001db7f438b00 nmethod 3910 0x000001db0081c290 code [0x000001db0081c4c0, 0x000001db0081cc68]
Event: 11.506 Thread 0x000001db7f438b00 3912       3       org.objectweb.asm.MethodWriter::putFrame (549 bytes)
Event: 11.508 Thread 0x000001db7f438b00 nmethod 3912 0x000001db0081cf10 code [0x000001db0081d360, 0x000001db0081ee58]
Event: 11.508 Thread 0x000001db7f438b00 3915       3       org.gradle.model.internal.asm.MethodVisitorScope::_INVOKEVIRTUAL (11 bytes)
Event: 11.508 Thread 0x000001db7f438b00 nmethod 3915 0x000001db0081fa90 code [0x000001db0081fc40, 0x000001db0081fed8]
Event: 11.508 Thread 0x000001db7f438b00 3914       3       org.gradle.model.internal.asm.MethodVisitorScope::_GETFIELD (11 bytes)
Event: 11.508 Thread 0x000001db7f438b00 nmethod 3914 0x000001db00820010 code [0x000001db008201c0, 0x000001db00820458]
Event: 11.508 Thread 0x000001db7f438b00 3916       3       org.objectweb.asm.Type::appendDescriptor (185 bytes)
Event: 11.509 Thread 0x000001db7f438b00 nmethod 3916 0x000001db00820590 code [0x000001db00820860, 0x000001db00821498]
Event: 11.509 Thread 0x000001db7f438b00 3913       1       org.gradle.internal.instantiation.generator.AsmBackedClassGenerator$ClassBuilderImpl::access$3400 (5 bytes)
Event: 11.509 Thread 0x000001db7f438b00 nmethod 3913 0x000001db07cc1510 code [0x000001db07cc16a0, 0x000001db07cc1758]
Event: 11.509 Thread 0x000001db7f438b00 3906       3       org.gradle.internal.instantiation.generator.AbstractClassGenerator::hasPropertyType (8 bytes)
Event: 11.510 Thread 0x000001db7f438b00 nmethod 3906 0x000001db00821890 code [0x000001db00821ac0, 0x000001db00822308]
Event: 11.510 Thread 0x000001db7f438b00 3907       3       org.gradle.internal.instantiation.generator.AbstractClassGenerator::isPropertyType (33 bytes)
Event: 11.510 Thread 0x000001db7f438b00 nmethod 3907 0x000001db00822610 code [0x000001db008227e0, 0x000001db00822a68]
Event: 11.512 Thread 0x000001db7f438b00 3917       3       org.gradle.internal.service.DefaultServiceRegistry$InstanceUnpackingVisitor::visit (39 bytes)
Event: 11.512 Thread 0x000001db7f438b00 nmethod 3917 0x000001db00822b90 code [0x000001db00822d80, 0x000001db00823368]

GC Heap History (8 events):
Event: 1.353 GC heap before
{Heap before GC invocations=0 (full 0):
 garbage-first heap   total 262144K, used 26624K [0x00000000e0000000, 0x0000000100000000)
  region size 1024K, 23 young (23552K), 0 survivors (0K)
 Metaspace       used 2972K, committed 3072K, reserved 393216K
  class space    used 379K, committed 448K, reserved 327680K
}
Event: 1.373 GC heap after
{Heap after GC invocations=1 (full 0):
 garbage-first heap   total 262144K, used 10468K [0x00000000e0000000, 0x0000000100000000)
  region size 1024K, 3 young (3072K), 3 survivors (3072K)
 Metaspace       used 2972K, committed 3072K, reserved 393216K
  class space    used 379K, committed 448K, reserved 327680K
}
Event: 1.937 GC heap before
{Heap before GC invocations=1 (full 0):
 garbage-first heap   total 262144K, used 37092K [0x00000000e0000000, 0x0000000100000000)
  region size 1024K, 29 young (29696K), 3 survivors (3072K)
 Metaspace       used 3985K, committed 4160K, reserved 393216K
  class space    used 491K, committed 576K, reserved 327680K
}
Event: 1.941 GC heap after
{Heap after GC invocations=2 (full 0):
 garbage-first heap   total 262144K, used 11325K [0x00000000e0000000, 0x0000000100000000)
  region size 1024K, 1 young (1024K), 1 survivors (1024K)
 Metaspace       used 3985K, committed 4160K, reserved 393216K
  class space    used 491K, committed 576K, reserved 327680K
}
Event: 7.816 GC heap before
{Heap before GC invocations=2 (full 0):
 garbage-first heap   total 262144K, used 126013K [0x00000000e0000000, 0x0000000100000000)
  region size 1024K, 113 young (115712K), 1 survivors (1024K)
 Metaspace       used 20075K, committed 20352K, reserved 393216K
  class space    used 2964K, committed 3072K, reserved 327680K
}
Event: 7.829 GC heap after
{Heap after GC invocations=3 (full 0):
 garbage-first heap   total 262144K, used 22332K [0x00000000e0000000, 0x0000000100000000)
  region size 1024K, 12 young (12288K), 12 survivors (12288K)
 Metaspace       used 20075K, committed 20352K, reserved 393216K
  class space    used 2964K, committed 3072K, reserved 327680K
}
Event: 8.109 GC heap before
{Heap before GC invocations=3 (full 0):
 garbage-first heap   total 262144K, used 31548K [0x00000000e0000000, 0x0000000100000000)
  region size 1024K, 22 young (22528K), 12 survivors (12288K)
 Metaspace       used 21210K, committed 21504K, reserved 393216K
  class space    used 3118K, committed 3200K, reserved 327680K
}
Event: 8.119 GC heap after
{Heap after GC invocations=4 (full 0):
 garbage-first heap   total 262144K, used 23196K [0x00000000e0000000, 0x0000000100000000)
  region size 1024K, 1 young (1024K), 1 survivors (1024K)
 Metaspace       used 21210K, committed 21504K, reserved 393216K
  class space    used 3118K, committed 3200K, reserved 327680K
}

Deoptimization events (20 events):
Event: 11.213 Thread 0x000001db2b5c7e80 DEOPT PACKING pc=0x000001db07cabe0c sp=0x00000052a7ff9240
Event: 11.213 Thread 0x000001db2b5c7e80 DEOPT UNPACKING pc=0x000001db075823a3 sp=0x00000052a7ff91f8 mode 2
Event: 11.213 Thread 0x000001db2b5c7e80 Uncommon trap: trap_request=0xffffffbe fr.pc=0x000001db07cabe0c relative=0x00000000000007cc
Event: 11.213 Thread 0x000001db2b5c7e80 Uncommon trap: reason=profile_predicate action=maybe_recompile pc=0x000001db07cabe0c method=java.lang.PublicMethods$MethodList.filter([Ljava/lang/reflect/Method;Ljava/lang/String;[Ljava/lang/Class;Z)Ljava/lang/PublicMethods$MethodList; @ 21 c2
Event: 11.213 Thread 0x000001db2b5c7e80 DEOPT PACKING pc=0x000001db07cabe0c sp=0x00000052a7ff9200
Event: 11.213 Thread 0x000001db2b5c7e80 DEOPT UNPACKING pc=0x000001db075823a3 sp=0x00000052a7ff91b8 mode 2
Event: 11.213 Thread 0x000001db2b5c7e80 Uncommon trap: trap_request=0xffffffbe fr.pc=0x000001db07cabe0c relative=0x00000000000007cc
Event: 11.213 Thread 0x000001db2b5c7e80 Uncommon trap: reason=profile_predicate action=maybe_recompile pc=0x000001db07cabe0c method=java.lang.PublicMethods$MethodList.filter([Ljava/lang/reflect/Method;Ljava/lang/String;[Ljava/lang/Class;Z)Ljava/lang/PublicMethods$MethodList; @ 21 c2
Event: 11.213 Thread 0x000001db2b5c7e80 DEOPT PACKING pc=0x000001db07cabe0c sp=0x00000052a7ff9800
Event: 11.213 Thread 0x000001db2b5c7e80 DEOPT UNPACKING pc=0x000001db075823a3 sp=0x00000052a7ff97b8 mode 2
Event: 11.213 Thread 0x000001db2b5c7e80 Uncommon trap: trap_request=0xffffffbe fr.pc=0x000001db07cabe0c relative=0x00000000000007cc
Event: 11.213 Thread 0x000001db2b5c7e80 Uncommon trap: reason=profile_predicate action=maybe_recompile pc=0x000001db07cabe0c method=java.lang.PublicMethods$MethodList.filter([Ljava/lang/reflect/Method;Ljava/lang/String;[Ljava/lang/Class;Z)Ljava/lang/PublicMethods$MethodList; @ 21 c2
Event: 11.213 Thread 0x000001db2b5c7e80 DEOPT PACKING pc=0x000001db07cabe0c sp=0x00000052a7ff9800
Event: 11.213 Thread 0x000001db2b5c7e80 DEOPT UNPACKING pc=0x000001db075823a3 sp=0x00000052a7ff97b8 mode 2
Event: 11.340 Thread 0x000001db2b5c7e80 DEOPT PACKING pc=0x000001db003d5c08 sp=0x00000052a7ff9690
Event: 11.340 Thread 0x000001db2b5c7e80 DEOPT UNPACKING pc=0x000001db07582b43 sp=0x00000052a7ff8b98 mode 0
Event: 11.489 Thread 0x000001db2b5c7e80 Uncommon trap: trap_request=0xffffffde fr.pc=0x000001db07bd8014 relative=0x0000000000000454
Event: 11.489 Thread 0x000001db2b5c7e80 Uncommon trap: reason=class_check action=maybe_recompile pc=0x000001db07bd8014 method=java.util.Collections$SetFromMap.remove(Ljava/lang/Object;)Z @ 5 c2
Event: 11.489 Thread 0x000001db2b5c7e80 DEOPT PACKING pc=0x000001db07bd8014 sp=0x00000052a7ffb190
Event: 11.489 Thread 0x000001db2b5c7e80 DEOPT UNPACKING pc=0x000001db075823a3 sp=0x00000052a7ffb178 mode 2

Classes unloaded (0 events):
No events

Classes redefined (0 events):
No events

Internal exceptions (20 events):
Event: 11.218 Thread 0x000001db2b5c7e80 Exception <a 'java/lang/ClassNotFoundException'{0x00000000eabc0d68}: org/gradle/invocation/DefaultGradleCustomizer> (0x00000000eabc0d68) 
thrown [s\open\src\hotspot\share\classfile\systemDictionary.cpp, line 256]
Event: 11.223 Thread 0x000001db2b5c7e80 Exception <a 'java/lang/ClassNotFoundException'{0x00000000eabffbc0}: org/gradle/invocation/DefaultGradle_DecoratedCustomizer> (0x00000000eabffbc0) 
thrown [s\open\src\hotspot\share\classfile\systemDictionary.cpp, line 256]
Event: 11.295 Thread 0x000001db2b5c7e80 Exception <a 'java/lang/ClassNotFoundException'{0x00000000ea7b83a0}: groovy/lang/Closure$1BeanInfo> (0x00000000ea7b83a0) 
thrown [s\open\src\hotspot\share\classfile\systemDictionary.cpp, line 256]
Event: 11.296 Thread 0x000001db2b5c7e80 Exception <a 'java/lang/ClassNotFoundException'{0x00000000ea7daea8}: groovy/lang/ClosureBeanInfo> (0x00000000ea7daea8) 
thrown [s\open\src\hotspot\share\classfile\systemDictionary.cpp, line 256]
Event: 11.298 Thread 0x000001db2b5c7e80 Exception <a 'java/lang/ClassNotFoundException'{0x00000000ea7fdb98}: groovy/lang/ClosureCustomizer> (0x00000000ea7fdb98) 
thrown [s\open\src\hotspot\share\classfile\systemDictionary.cpp, line 256]
Event: 11.303 Thread 0x000001db2b5c7e80 Exception <a 'java/lang/ClassNotFoundException'{0x00000000ea644000}: groovy/lang/Closure$1Customizer> (0x00000000ea644000) 
thrown [s\open\src\hotspot\share\classfile\systemDictionary.cpp, line 256]
Event: 11.359 Thread 0x000001db2b5c7e80 Exception <a 'java/lang/ClassNotFoundException'{0x00000000ea4f02a8}: ijresolvers1_asxuv4pm9109qycblszxt7e9bBeanInfo> (0x00000000ea4f02a8) 
thrown [s\open\src\hotspot\share\classfile\systemDictionary.cpp, line 256]
Event: 11.359 Thread 0x000001db2b5c7e80 Exception <a 'java/lang/ClassNotFoundException'{0x00000000ea4f5f08}: ijresolvers1_asxuv4pm9109qycblszxt7e9bCustomizer> (0x00000000ea4f5f08) 
thrown [s\open\src\hotspot\share\classfile\systemDictionary.cpp, line 256]
Event: 11.373 Thread 0x000001db2b5c7e80 Exception <a 'java/lang/ClassNotFoundException'{0x00000000ea3ab6f8}: org/gradle/execution/taskgraph/DefaultTaskExecutionGraphBeanInfo> (0x00000000ea3ab6f8) 
thrown [s\open\src\hotspot\share\classfile\systemDictionary.cpp, line 256]
Event: 11.373 Thread 0x000001db2b5c7e80 Exception <a 'java/lang/ClassNotFoundException'{0x00000000ea3ba1c8}: org/gradle/execution/taskgraph/DefaultTaskExecutionGraphCustomizer> (0x00000000ea3ba1c8) 
thrown [s\open\src\hotspot\share\classfile\systemDictionary.cpp, line 256]
Event: 11.416 Thread 0x000001db2b5c7e80 Exception <a 'java/lang/ClassNotFoundException'{0x00000000ea2dbcc0}: org/gradle/configuration/internal/DefaultListenerBuildOperationDecorator$BuildOperationEmittingClosureBeanInfo> (0x00000000ea2dbcc0) 
thrown [s\open\src\hotspot\share\classfile\systemDictionary.cpp, line 256]
Event: 11.416 Thread 0x000001db2b5c7e80 Exception <a 'java/lang/ClassNotFoundException'{0x00000000ea2eb238}: org/gradle/configuration/internal/DefaultListenerBuildOperationDecorator$BuildOperationEmittingClosureCustomizer> (0x00000000ea2eb238) 
thrown [s\open\src\hotspot\share\classfile\systemDictionary.cpp, line 256]
Event: 11.449 Thread 0x000001db2b5c7e80 Exception <a 'java/lang/ClassNotFoundException'{0x00000000ea0ed2b8}: ProductServiceApplication_main_4i9md0eb8ifreuwbexv1z4yhBeanInfo> (0x00000000ea0ed2b8) 
thrown [s\open\src\hotspot\share\classfile\systemDictionary.cpp, line 256]
Event: 11.449 Thread 0x000001db2b5c7e80 Exception <a 'java/lang/ClassNotFoundException'{0x00000000ea0f3008}: ProductServiceApplication_main_4i9md0eb8ifreuwbexv1z4yhCustomizer> (0x00000000ea0f3008) 
thrown [s\open\src\hotspot\share\classfile\systemDictionary.cpp, line 256]
Event: 11.453 Thread 0x000001db2b5c7e80 Exception <a 'java/lang/ClassNotFoundException'{0x00000000e9f37258}: groovy/lang/ReferenceBeanInfo> (0x00000000e9f37258) 
thrown [s\open\src\hotspot\share\classfile\systemDictionary.cpp, line 256]
Event: 11.454 Thread 0x000001db2b5c7e80 Exception <a 'java/lang/ClassNotFoundException'{0x00000000e9f59dd8}: groovy/lang/ReferenceCustomizer> (0x00000000e9f59dd8) 
thrown [s\open\src\hotspot\share\classfile\systemDictionary.cpp, line 256]
Event: 11.473 Thread 0x000001db2b5c7e80 Exception <a 'java/lang/ClassNotFoundException'{0x00000000e9e05168}: org/gradle/util/GradleVersionBeanInfo> (0x00000000e9e05168) 
thrown [s\open\src\hotspot\share\classfile\systemDictionary.cpp, line 256]
Event: 11.475 Thread 0x000001db2b5c7e80 Exception <a 'java/lang/ClassNotFoundException'{0x00000000e9e13388}: org/gradle/util/GradleVersionCustomizer> (0x00000000e9e13388) 
thrown [s\open\src\hotspot\share\classfile\systemDictionary.cpp, line 256]
Event: 11.480 Thread 0x000001db2b5c7e80 Exception <a 'java/lang/ClassNotFoundException'{0x00000000e9e496c0}: org/gradle/util/internal/DefaultGradleVersionBeanInfo> (0x00000000e9e496c0) 
thrown [s\open\src\hotspot\share\classfile\systemDictionary.cpp, line 256]
Event: 11.480 Thread 0x000001db2b5c7e80 Exception <a 'java/lang/ClassNotFoundException'{0x00000000e9e57dc8}: org/gradle/util/internal/DefaultGradleVersionCustomizer> (0x00000000e9e57dc8) 
thrown [s\open\src\hotspot\share\classfile\systemDictionary.cpp, line 256]

VM Operations (20 events):
Event: 10.568 Executing VM operation: HandshakeAllThreads
Event: 10.568 Executing VM operation: HandshakeAllThreads done
Event: 10.722 Executing VM operation: HandshakeAllThreads
Event: 10.722 Executing VM operation: HandshakeAllThreads done
Event: 10.763 Executing VM operation: HandshakeAllThreads
Event: 10.763 Executing VM operation: HandshakeAllThreads done
Event: 10.857 Executing VM operation: HandshakeAllThreads
Event: 10.857 Executing VM operation: HandshakeAllThreads done
Event: 10.858 Executing VM operation: HandshakeAllThreads
Event: 10.858 Executing VM operation: HandshakeAllThreads done
Event: 10.863 Executing VM operation: HandshakeAllThreads
Event: 10.863 Executing VM operation: HandshakeAllThreads done
Event: 10.868 Executing VM operation: HandshakeAllThreads
Event: 10.868 Executing VM operation: HandshakeAllThreads done
Event: 10.949 Executing VM operation: ICBufferFull
Event: 10.950 Executing VM operation: ICBufferFull done
Event: 10.953 Executing VM operation: HandshakeAllThreads
Event: 10.953 Executing VM operation: HandshakeAllThreads done
Event: 11.353 Executing VM operation: ICBufferFull
Event: 11.353 Executing VM operation: ICBufferFull done

Events (20 events):
Event: 11.110 loading class java/util/WeakHashMap$HashIterator done
Event: 11.110 loading class java/util/WeakHashMap$KeyIterator done
Event: 11.234 loading class jdk/internal/reflect/UnsafeObjectFieldAccessorImpl
Event: 11.234 loading class jdk/internal/reflect/UnsafeObjectFieldAccessorImpl done
Event: 11.258 loading class sun/reflect/MagicAccessorImpl
Event: 11.258 loading class sun/reflect/MagicAccessorImpl done
Event: 11.304 loading class com/sun/beans/finder/MethodFinder
Event: 11.304 loading class com/sun/beans/finder/AbstractFinder
Event: 11.304 loading class com/sun/beans/finder/AbstractFinder done
Event: 11.304 loading class com/sun/beans/finder/MethodFinder done
Event: 11.305 loading class com/sun/beans/finder/MethodFinder$1
Event: 11.305 loading class com/sun/beans/finder/MethodFinder$1 done
Event: 11.305 loading class com/sun/beans/finder/FinderUtils
Event: 11.305 loading class com/sun/beans/finder/FinderUtils done
Event: 11.330 Thread 0x000001db2bf95580 Thread added: 0x000001db2bf95580
Event: 11.343 Thread 0x000001db2bf963f0 Thread added: 0x000001db2bf963f0
Event: 11.427 Thread 0x000001db2bf97260 Thread added: 0x000001db2bf97260
Event: 11.440 Thread 0x000001db2bf97c00 Thread added: 0x000001db2bf97c00
Event: 11.465 loading class java/util/function/IntBinaryOperator
Event: 11.466 loading class java/util/function/IntBinaryOperator done


Dynamic libraries:
0x00007ff791dc0000 - 0x00007ff791dd0000 	D:\Users\bmo\apps\jdk\jdk-17_windows-x64_bin\jdk-17.0.8\bin\java.exe
0x00007ff9d79d0000 - 0x00007ff9d7be7000 	C:\WINDOWS\SYSTEM32\ntdll.dll
0x00007ff9d66a0000 - 0x00007ff9d6764000 	C:\WINDOWS\System32\KERNEL32.DLL
0x00007ff9d5180000 - 0x00007ff9d5526000 	C:\WINDOWS\System32\KERNELBASE.dll
0x00007ff9d4f00000 - 0x00007ff9d5011000 	C:\WINDOWS\System32\ucrtbase.dll
0x00007ff99d7a0000 - 0x00007ff99d7b9000 	D:\Users\bmo\apps\jdk\jdk-17_windows-x64_bin\jdk-17.0.8\bin\jli.dll
0x00007ff9d76a0000 - 0x00007ff9d7753000 	C:\WINDOWS\System32\ADVAPI32.dll
0x00007ff9d62b0000 - 0x00007ff9d6357000 	C:\WINDOWS\System32\msvcrt.dll
0x00007ff9d75a0000 - 0x00007ff9d7648000 	C:\WINDOWS\System32\sechost.dll
0x00007ff9d5150000 - 0x00007ff9d5178000 	C:\WINDOWS\System32\bcrypt.dll
0x00007ff99d780000 - 0x00007ff99d79b000 	D:\Users\bmo\apps\jdk\jdk-17_windows-x64_bin\jdk-17.0.8\bin\VCRUNTIME140.dll
0x00007ff9d6110000 - 0x00007ff9d6227000 	C:\WINDOWS\System32\RPCRT4.dll
0x00007ff9d7760000 - 0x00007ff9d790e000 	C:\WINDOWS\System32\USER32.dll
0x00007ff9d4e30000 - 0x00007ff9d4e56000 	C:\WINDOWS\System32\win32u.dll
0x00007ff9afe30000 - 0x00007ff9b00c3000 	C:\WINDOWS\WinSxS\amd64_microsoft.windows.common-controls_6595b64144ccf1df_6.0.22621.2506_none_270c5ae97388e100\COMCTL32.dll
0x00007ff9d7670000 - 0x00007ff9d7699000 	C:\WINDOWS\System32\GDI32.dll
0x00007ff9d4d10000 - 0x00007ff9d4e28000 	C:\WINDOWS\System32\gdi32full.dll
0x00007ff9d4e60000 - 0x00007ff9d4efa000 	C:\WINDOWS\System32\msvcp_win.dll
0x00007ff9c8530000 - 0x00007ff9c853a000 	C:\WINDOWS\SYSTEM32\VERSION.dll
0x00007ff9d5720000 - 0x00007ff9d5751000 	C:\WINDOWS\System32\IMM32.DLL
0x00007ff9a1db0000 - 0x00007ff9a1dbc000 	D:\Users\bmo\apps\jdk\jdk-17_windows-x64_bin\jdk-17.0.8\bin\vcruntime140_1.dll
0x00007ff98b630000 - 0x00007ff98b6be000 	D:\Users\bmo\apps\jdk\jdk-17_windows-x64_bin\jdk-17.0.8\bin\msvcp140.dll
0x00007ff907eb0000 - 0x00007ff908a8e000 	D:\Users\bmo\apps\jdk\jdk-17_windows-x64_bin\jdk-17.0.8\bin\server\jvm.dll
0x00007ff9d5f20000 - 0x00007ff9d5f28000 	C:\WINDOWS\System32\PSAPI.DLL
0x00007ff9cc4a0000 - 0x00007ff9cc4d4000 	C:\WINDOWS\SYSTEM32\WINMM.dll
0x00007ff9a7570000 - 0x00007ff9a7579000 	C:\WINDOWS\SYSTEM32\WSOCK32.dll
0x00007ff9d6570000 - 0x00007ff9d65e1000 	C:\WINDOWS\System32\WS2_32.dll
0x00007ff9d3e00000 - 0x00007ff9d3e18000 	C:\WINDOWS\SYSTEM32\kernel.appcore.dll
0x00007ff9a1490000 - 0x00007ff9a149a000 	D:\Users\bmo\apps\jdk\jdk-17_windows-x64_bin\jdk-17.0.8\bin\jimage.dll
0x00007ff9d2520000 - 0x00007ff9d2753000 	C:\WINDOWS\SYSTEM32\DBGHELP.DLL
0x00007ff9d6860000 - 0x00007ff9d6be9000 	C:\WINDOWS\System32\combase.dll
0x00007ff9d5f30000 - 0x00007ff9d6007000 	C:\WINDOWS\System32\OLEAUT32.dll
0x00007ff9cc460000 - 0x00007ff9cc492000 	C:\WINDOWS\SYSTEM32\dbgcore.DLL
0x00007ff9d56a0000 - 0x00007ff9d571a000 	C:\WINDOWS\System32\bcryptPrimitives.dll
0x00007ff9b6cd0000 - 0x00007ff9b6cde000 	D:\Users\bmo\apps\jdk\jdk-17_windows-x64_bin\jdk-17.0.8\bin\instrument.dll
0x00007ff98b520000 - 0x00007ff98b545000 	D:\Users\bmo\apps\jdk\jdk-17_windows-x64_bin\jdk-17.0.8\bin\java.dll
0x00007ff96a130000 - 0x00007ff96a207000 	D:\Users\bmo\apps\jdk\jdk-17_windows-x64_bin\jdk-17.0.8\bin\jsvml.dll
0x00007ff9d6bf0000 - 0x00007ff9d744a000 	C:\WINDOWS\System32\SHELL32.dll
0x00007ff9d2c10000 - 0x00007ff9d3506000 	C:\WINDOWS\SYSTEM32\windows.storage.dll
0x00007ff9d2ad0000 - 0x00007ff9d2c0e000 	C:\WINDOWS\SYSTEM32\wintypes.dll
0x00007ff9d6010000 - 0x00007ff9d6103000 	C:\WINDOWS\System32\SHCORE.dll
0x00007ff9d6360000 - 0x00007ff9d63be000 	C:\WINDOWS\System32\shlwapi.dll
0x00007ff9d4c40000 - 0x00007ff9d4c66000 	C:\WINDOWS\SYSTEM32\profapi.dll
0x00007ff98ba00000 - 0x00007ff98ba18000 	D:\Users\bmo\apps\jdk\jdk-17_windows-x64_bin\jdk-17.0.8\bin\zip.dll
0x00007ff99ae30000 - 0x00007ff99ae49000 	D:\Users\bmo\apps\jdk\jdk-17_windows-x64_bin\jdk-17.0.8\bin\net.dll
0x00007ff9c9ab0000 - 0x00007ff9c9be7000 	C:\WINDOWS\SYSTEM32\WINHTTP.dll
0x00007ff9d4290000 - 0x00007ff9d42f9000 	C:\WINDOWS\system32\mswsock.dll
0x00007ff99ab70000 - 0x00007ff99ab86000 	D:\Users\bmo\apps\jdk\jdk-17_windows-x64_bin\jdk-17.0.8\bin\nio.dll
0x00007ff99af50000 - 0x00007ff99af60000 	D:\Users\bmo\apps\jdk\jdk-17_windows-x64_bin\jdk-17.0.8\bin\verify.dll
0x00007ff99d850000 - 0x00007ff99d877000 	D:\Users\bmo\apps\gradle-8.4-bin\gradle-8.4\native\c067742578af261105cb4f569cf0c3c89f3d7b1fecec35dd04571415982c5e48\windows-amd64\native-platform.dll
0x00007ff97dcb0000 - 0x00007ff97ddf4000 	D:\Users\bmo\apps\gradle-8.4-bin\gradle-8.4\native\38dada09dfb8b06ba9b0570ebf7e218e3eb74d4ef43ca46872605cf95ebc2f47\windows-amd64\native-platform-file-events.dll
0x00007ff9c7dd0000 - 0x00007ff9c7dda000 	D:\Users\bmo\apps\jdk\jdk-17_windows-x64_bin\jdk-17.0.8\bin\management.dll
0x00007ff9b6780000 - 0x00007ff9b678b000 	D:\Users\bmo\apps\jdk\jdk-17_windows-x64_bin\jdk-17.0.8\bin\management_ext.dll
0x00007ff9d4500000 - 0x00007ff9d451b000 	C:\WINDOWS\SYSTEM32\CRYPTSP.dll
0x00007ff9d3d50000 - 0x00007ff9d3d85000 	C:\WINDOWS\system32\rsaenh.dll
0x00007ff9d4380000 - 0x00007ff9d43ac000 	C:\WINDOWS\SYSTEM32\USERENV.dll
0x00007ff9d4520000 - 0x00007ff9d452c000 	C:\WINDOWS\SYSTEM32\CRYPTBASE.dll
0x00007ff9d3770000 - 0x00007ff9d379d000 	C:\WINDOWS\SYSTEM32\IPHLPAPI.DLL
0x00007ff9d57b0000 - 0x00007ff9d57b9000 	C:\WINDOWS\System32\NSI.dll
0x00007ff9c9a90000 - 0x00007ff9c9aa9000 	C:\WINDOWS\SYSTEM32\dhcpcsvc6.DLL
0x00007ff9c9a70000 - 0x00007ff9c9a8f000 	C:\WINDOWS\SYSTEM32\dhcpcsvc.DLL
0x00007ff9d37a0000 - 0x00007ff9d3899000 	C:\WINDOWS\SYSTEM32\DNSAPI.dll
0x00007ff9b6770000 - 0x00007ff9b677e000 	D:\Users\bmo\apps\jdk\jdk-17_windows-x64_bin\jdk-17.0.8\bin\sunmscapi.dll
0x00007ff9d5530000 - 0x00007ff9d5696000 	C:\WINDOWS\System32\CRYPT32.dll
0x00007ff9d46a0000 - 0x00007ff9d46ce000 	C:\WINDOWS\SYSTEM32\ncrypt.dll
0x00007ff9d4660000 - 0x00007ff9d4697000 	C:\WINDOWS\SYSTEM32\NTASN1.dll
0x00007ff99ae50000 - 0x00007ff99ae58000 	C:\WINDOWS\system32\wshunix.dll

dbghelp: loaded successfully - version: 4.0.5 - missing functions: none
symbol engine: initialized successfully - sym options: 0x614 - pdb path: .;D:\Users\bmo\apps\jdk\jdk-17_windows-x64_bin\jdk-17.0.8\bin;C:\WINDOWS\SYSTEM32;C:\WINDOWS\WinSxS\amd64_microsoft.windows.common-controls_6595b64144ccf1df_6.0.22621.2506_none_270c5ae97388e100;D:\Users\bmo\apps\jdk\jdk-17_windows-x64_bin\jdk-17.0.8\bin\server;D:\Users\bmo\apps\gradle-8.4-bin\gradle-8.4\native\c067742578af261105cb4f569cf0c3c89f3d7b1fecec35dd04571415982c5e48\windows-amd64;D:\Users\bmo\apps\gradle-8.4-bin\gradle-8.4\native\38dada09dfb8b06ba9b0570ebf7e218e3eb74d4ef43ca46872605cf95ebc2f47\windows-amd64

VM Arguments:
jvm_args: --add-opens=java.base/java.util=ALL-UNNAMED --add-opens=java.base/java.lang=ALL-UNNAMED --add-opens=java.base/java.lang.invoke=ALL-UNNAMED --add-opens=java.prefs/java.util.prefs=ALL-UNNAMED --add-opens=java.base/java.nio.charset=ALL-UNNAMED --add-opens=java.base/java.net=ALL-UNNAMED --add-opens=java.base/java.util.concurrent.atomic=ALL-UNNAMED -XX:MaxMetaspaceSize=384m -XX:+HeapDumpOnOutOfMemoryError -Xms256m -Xmx512m -Dfile.encoding=windows-1252 -Duser.country=BR -Duser.language=pt -Duser.variant -javaagent:D:\Users\bmo\apps\gradle-8.4-bin\gradle-8.4\wrapper\dists\gradle-8.5-bin\5t9huq95ubn472n8rpzujfbqh\gradle-8.5\lib\agents\gradle-instrumentation-agent-8.5.jar 
java_command: org.gradle.launcher.daemon.bootstrap.GradleDaemon 8.5
java_class_path (initial): D:\Users\bmo\apps\gradle-8.4-bin\gradle-8.4\wrapper\dists\gradle-8.5-bin\5t9huq95ubn472n8rpzujfbqh\gradle-8.5\lib\gradle-launcher-8.5.jar
Launcher Type: SUN_STANDARD

[Global flags]
     intx CICompilerCount                          = 4                                         {product} {ergonomic}
   size_t CompressedClassSpaceSize                 = 335544320                                 {product} {ergonomic}
     uint ConcGCThreads                            = 2                                         {product} {ergonomic}
     uint G1ConcRefinementThreads                  = 8                                         {product} {ergonomic}
   size_t G1HeapRegionSize                         = 1048576                                   {product} {ergonomic}
    uintx GCDrainStackTargetSize                   = 64                                        {product} {ergonomic}
     bool HeapDumpOnOutOfMemoryError               = true                                   {manageable} {command line}
   size_t InitialHeapSize                          = 268435456                                 {product} {command line}
   size_t MarkStackSize                            = 4194304                                   {product} {ergonomic}
   size_t MaxHeapSize                              = 536870912                                 {product} {command line}
   size_t MaxMetaspaceSize                         = 402653184                                 {product} {command line}
   size_t MaxNewSize                               = 321912832                                 {product} {ergonomic}
   size_t MinHeapDeltaBytes                        = 1048576                                   {product} {ergonomic}
   size_t MinHeapSize                              = 268435456                                 {product} {command line}
    uintx NonNMethodCodeHeapSize                   = 5839372                                {pd product} {ergonomic}
    uintx NonProfiledCodeHeapSize                  = 122909434                              {pd product} {ergonomic}
    uintx ProfiledCodeHeapSize                     = 122909434                              {pd product} {ergonomic}
    uintx ReservedCodeCacheSize                    = 251658240                              {pd product} {ergonomic}
     bool SegmentedCodeCache                       = true                                      {product} {ergonomic}
   size_t SoftMaxHeapSize                          = 536870912                              {manageable} {ergonomic}
     bool UseCompressedClassPointers               = true                           {product lp64_product} {ergonomic}
     bool UseCompressedOops                        = true                           {product lp64_product} {ergonomic}
     bool UseG1GC                                  = true                                      {product} {ergonomic}
     bool UseLargePagesIndividualAllocation        = false                                  {pd product} {ergonomic}

Logging:
Log output configuration:
 #0: stdout all=warning uptime,level,tags
 #1: stderr all=off uptime,level,tags

Environment Variables:
PATH=C:\Python311\Scripts\;C:\Python311\;C:\Program Files\Common Files\Oracle\Java\javapath;C:\Python310\Scripts\;C:\Python310\;C:\Program Files\AdoptOpenJDK\jdk-11.0.11.9-hotspot\bin;C:\Windows\system32;C:\Windows;C:\Windows\System32\Wbem;C:\Windows\System32\WindowsPowerShell\v1.0\;C:\Windows\System32\OpenSSH\;C:\Program Files (x86)\NVIDIA Corporation\PhysX\Common;C:\Program Files\NVIDIA Corporation\NVIDIA NvDLISR;C:\ProgramData\chocolatey\bin;C:\Program Files\dotnet\;C:\WINDOWS\system32;C:\WINDOWS;C:\WINDOWS\System32\Wbem;C:\WINDOWS\System32\WindowsPowerShell\v1.0\;C:\WINDOWS\System32\OpenSSH\;D:\Program Files\Git\cmd;C:\Program Files\nodejs\;C:\Program Files\Docker\Docker\resources\bin;D:\Users\bmo\apps\apache-maven-3.9.3\bin;C:\Program Files\Microsoft SQL Server\150\Tools\Binn\;D:\Users\bmo\apps\gradle-8.4-bin\gradle-8.4\bin;C:\Program Files\Microsoft SQL Server\130\Tools\Binn\;C:\Program Files\Microsoft SQL Server\Client SDK\ODBC\170\Tools\Binn\;C:\Users\jadee\AppData\Local\Microsoft\WindowsApps;C:\Users\jadee\AppData\Roaming\npm\node_modules\@angular\cli\bin;C:\Program Files\Heroku\bin;D:\Program Files\Microsoft VS Code\bin;C:\Users\jadee\AppData\Roaming\npm;D:\Program Files\heroku\bin;D:\Program Files\liquibase
USERNAME=jadee
OS=Windows_NT
PROCESSOR_IDENTIFIER=Intel64 Family 6 Model 165 Stepping 2, GenuineIntel



---------------  S Y S T E M  ---------------

OS:
 Windows 11 , 64 bit Build 22621 (10.0.22621.2506)
OS uptime: 6 days 3:54 hours
Hyper-V role detected

CPU: total 8 (initial active 8) (4 cores per cpu, 2 threads per core) family 6 model 165 stepping 2 microcode 0xf8, cx8, cmov, fxsr, ht, mmx, 3dnowpref, sse, sse2, sse3, ssse3, sse4.1, sse4.2, popcnt, lzcnt, tsc, tscinvbit, avx, avx2, aes, erms, clmul, bmi1, bmi2, adx, fma, vzeroupper, clflush, clflushopt, hv

Memory: 4k page, system-wide physical 7985M (154M free)
TotalPageFile size 32561M (AvailPageFile size 1M)
current process WorkingSet (physical memory assigned to process): 279M, peak: 279M
current process commit charge ("private bytes"): 430M, peak: 430M

vm_info: Java HotSpot(TM) 64-Bit Server VM (17.0.8+9-LTS-211) for windows-amd64 JRE (17.0.8+9-LTS-211), built on Jun 14 2023 10:34:31 by "mach5one" with MS VC++ 17.1 (VS2022)

END.
